Apache Maven 3.9.0 (9b58d2bad23a66be161c4664ef21ce219c2c8584)
Maven home: D:\middleware\apache-maven-3.9.0
Java version: 1.8.0_60, vendor: Oracle Corporation, runtime: D:\middleware\jdk1.8.0_60\jre
Default locale: zh_CN, platform encoding: GBK
OS name: "windows 10", version: "10.0", arch: "amd64", family: "windows"
[DEBUG] Created new class realm maven.api
[DEBUG] Importing foreign packages into class realm maven.api
[DEBUG]   Imported: javax.annotation.* < plexus.core
[DEBUG]   Imported: javax.annotation.security.* < plexus.core
[DEBUG]   Imported: javax.inject.* < plexus.core
[DEBUG]   Imported: org.apache.maven.* < plexus.core
[DEBUG]   Imported: org.apache.maven.artifact < plexus.core
[DEBUG]   Imported: org.apache.maven.classrealm < plexus.core
[DEBUG]   Imported: org.apache.maven.cli < plexus.core
[DEBUG]   Imported: org.apache.maven.configuration < plexus.core
[DEBUG]   Imported: org.apache.maven.exception < plexus.core
[DEBUG]   Imported: org.apache.maven.execution < plexus.core
[DEBUG]   Imported: org.apache.maven.execution.scope < plexus.core
[DEBUG]   Imported: org.apache.maven.graph < plexus.core
[DEBUG]   Imported: org.apache.maven.lifecycle < plexus.core
[DEBUG]   Imported: org.apache.maven.model < plexus.core
[DEBUG]   Imported: org.apache.maven.monitor < plexus.core
[DEBUG]   Imported: org.apache.maven.plugin < plexus.core
[DEBUG]   Imported: org.apache.maven.profiles < plexus.core
[DEBUG]   Imported: org.apache.maven.project < plexus.core
[DEBUG]   Imported: org.apache.maven.reporting < plexus.core
[DEBUG]   Imported: org.apache.maven.repository < plexus.core
[DEBUG]   Imported: org.apache.maven.rtinfo < plexus.core
[DEBUG]   Imported: org.apache.maven.settings < plexus.core
[DEBUG]   Imported: org.apache.maven.toolchain < plexus.core
[DEBUG]   Imported: org.apache.maven.usability < plexus.core
[DEBUG]   Imported: org.apache.maven.wagon.* < plexus.core
[DEBUG]   Imported: org.apache.maven.wagon.authentication < plexus.core
[DEBUG]   Imported: org.apache.maven.wagon.authorization < plexus.core
[DEBUG]   Imported: org.apache.maven.wagon.events < plexus.core
[DEBUG]   Imported: org.apache.maven.wagon.observers < plexus.core
[DEBUG]   Imported: org.apache.maven.wagon.proxy < plexus.core
[DEBUG]   Imported: org.apache.maven.wagon.repository < plexus.core
[DEBUG]   Imported: org.apache.maven.wagon.resource < plexus.core
[DEBUG]   Imported: org.codehaus.classworlds < plexus.core
[DEBUG]   Imported: org.codehaus.plexus.* < plexus.core
[DEBUG]   Imported: org.codehaus.plexus.classworlds < plexus.core
[DEBUG]   Imported: org.codehaus.plexus.component < plexus.core
[DEBUG]   Imported: org.codehaus.plexus.configuration < plexus.core
[DEBUG]   Imported: org.codehaus.plexus.container < plexus.core
[DEBUG]   Imported: org.codehaus.plexus.context < plexus.core
[DEBUG]   Imported: org.codehaus.plexus.lifecycle < plexus.core
[DEBUG]   Imported: org.codehaus.plexus.logging < plexus.core
[DEBUG]   Imported: org.codehaus.plexus.personality < plexus.core
[DEBUG]   Imported: org.codehaus.plexus.util.xml.Xpp3Dom < plexus.core
[DEBUG]   Imported: org.codehaus.plexus.util.xml.pull.XmlPullParser < plexus.core
[DEBUG]   Imported: org.codehaus.plexus.util.xml.pull.XmlPullParserException < plexus.core
[DEBUG]   Imported: org.codehaus.plexus.util.xml.pull.XmlSerializer < plexus.core
[DEBUG]   Imported: org.eclipse.aether.* < plexus.core
[DEBUG]   Imported: org.eclipse.aether.artifact < plexus.core
[DEBUG]   Imported: org.eclipse.aether.collection < plexus.core
[DEBUG]   Imported: org.eclipse.aether.deployment < plexus.core
[DEBUG]   Imported: org.eclipse.aether.graph < plexus.core
[DEBUG]   Imported: org.eclipse.aether.impl < plexus.core
[DEBUG]   Imported: org.eclipse.aether.installation < plexus.core
[DEBUG]   Imported: org.eclipse.aether.internal.impl < plexus.core
[DEBUG]   Imported: org.eclipse.aether.metadata < plexus.core
[DEBUG]   Imported: org.eclipse.aether.repository < plexus.core
[DEBUG]   Imported: org.eclipse.aether.resolution < plexus.core
[DEBUG]   Imported: org.eclipse.aether.spi < plexus.core
[DEBUG]   Imported: org.eclipse.aether.transfer < plexus.core
[DEBUG]   Imported: org.eclipse.aether.util < plexus.core
[DEBUG]   Imported: org.eclipse.aether.version < plexus.core
[DEBUG]   Imported: org.fusesource.jansi.* < plexus.core
[DEBUG]   Imported: org.slf4j.* < plexus.core
[DEBUG]   Imported: org.slf4j.event.* < plexus.core
[DEBUG]   Imported: org.slf4j.helpers.* < plexus.core
[DEBUG]   Imported: org.slf4j.spi.* < plexus.core
[DEBUG] Populating class realm maven.api
[DEBUG] Created adapter factory; available factories [file-lock, rwlock-local, semaphore-local, noop]; available name mappers [discriminating, file-gav, file-hgav, gav, static]
[INFO] Error stacktraces are turned on.
[DEBUG] Message scheme: color
[DEBUG] Message styles: debug info warning error success failure strong mojo project
[DEBUG] Reading global settings from D:\middleware\apache-maven-3.9.0\conf\settings.xml
[DEBUG] Reading user settings from C:\Users\naulu\.m2\settings.xml
[DEBUG] Reading global toolchains from D:\middleware\apache-maven-3.9.0\conf\toolchains.xml
[DEBUG] Reading user toolchains from C:\Users\naulu\.m2\toolchains.xml
[DEBUG] Using local repository at D:\.m2\repository
[DEBUG] Using manager EnhancedLocalRepositoryManager with priority 10.0 for D:\.m2\repository
[INFO] Scanning for projects...
[DEBUG] Using mirror epoint-nexus (http://192.168.0.99:8081/nexus/content/groups/public/) for epoint-nexus (http://192.168.0.99:8081/nexus/content/groups/public/).
[DEBUG] Using mirror nexus-aliyun (http://maven.aliyun.com/nexus/content/groups/public) for central (https://repo.maven.apache.org/maven2).
[DEBUG] Extension realms for project com.original.frame:security-user-impl:jar:0.1.0-SNAPSHOT: (none)
[DEBUG] Looking up lifecycle mappings for packaging jar from ClassRealm[plexus.core, parent: null]
[DEBUG] Creating adapter using nameMapper 'gav' and factory 'rwlock-local'
[DEBUG] Using mirror epoint-nexus (http://192.168.0.99:8081/nexus/content/groups/public/) for sonatype-nexus-snapshots (https://oss.sonatype.org/content/repositories/snapshots).
[DEBUG] Using mirror epoint-nexus (http://192.168.0.99:8081/nexus/content/groups/public/) for apache.snapshots (https://repository.apache.org/snapshots).
[DEBUG] com.original.frame:security-dependencies:0.1.0-SNAPSHOT/maven-metadata.xml was not found in http://192.168.0.99:8081/nexus/content/groups/public/ during a previous attempt. This failure was cached in the local repository and resolution is not be reattempted until the update interval of epoint-nexus has elapsed or updates are forced
[DEBUG] Extension realms for project com.original.frame:security-user:pom:0.1.0-SNAPSHOT: (none)
[DEBUG] Looking up lifecycle mappings for packaging pom from ClassRealm[plexus.core, parent: null]
[DEBUG] Extension realms for project com.original.frame:security-components:pom:0.1.0-SNAPSHOT: (none)
[DEBUG] Looking up lifecycle mappings for packaging pom from ClassRealm[plexus.core, parent: null]
[DEBUG] Extension realms for project com.original.frame:spring-security-boot:pom:0.1.0-SNAPSHOT: (none)
[DEBUG] Looking up lifecycle mappings for packaging pom from ClassRealm[plexus.core, parent: null]
[DEBUG] === REACTOR BUILD PLAN ================================================
[DEBUG] Project: com.original.frame:security-user-impl:jar:0.1.0-SNAPSHOT
[DEBUG] Tasks:   [test]
[DEBUG] Style:   Regular
[DEBUG] =======================================================================
[INFO] 
[INFO] ---------------< com.original.frame:security-user-impl >----------------
[INFO] Building Security User Impl 0.1.0-SNAPSHOT
[INFO]   from pom.xml
[INFO] --------------------------------[ jar ]---------------------------------
[DEBUG] Lifecycle clean -> [pre-clean, clean, post-clean]
[DEBUG] Lifecycle default -> [validate, initialize, generate-sources, process-sources, generate-resources, process-resources, compile, process-classes, generate-test-sources, process-test-sources, generate-test-resources, process-test-resources, test-compile, process-test-classes, test, prepare-package, package, pre-integration-test, integration-test, post-integration-test, verify, install, deploy]
[DEBUG] Lifecycle site -> [pre-site, site, post-site, site-deploy]
[DEBUG] Lifecycle clean -> [pre-clean, clean, post-clean]
[DEBUG] Lifecycle default -> [validate, initialize, generate-sources, process-sources, generate-resources, process-resources, compile, process-classes, generate-test-sources, process-test-sources, generate-test-resources, process-test-resources, test-compile, process-test-classes, test, prepare-package, package, pre-integration-test, integration-test, post-integration-test, verify, install, deploy]
[DEBUG] Lifecycle site -> [pre-site, site, post-site, site-deploy]
[DEBUG] Lifecycle clean -> [pre-clean, clean, post-clean]
[DEBUG] Lifecycle default -> [validate, initialize, generate-sources, process-sources, generate-resources, process-resources, compile, process-classes, generate-test-sources, process-test-sources, generate-test-resources, process-test-resources, test-compile, process-test-classes, test, prepare-package, package, pre-integration-test, integration-test, post-integration-test, verify, install, deploy]
[DEBUG] Lifecycle site -> [pre-site, site, post-site, site-deploy]
[DEBUG] Lifecycle clean -> [pre-clean, clean, post-clean]
[DEBUG] Lifecycle default -> [validate, initialize, generate-sources, process-sources, generate-resources, process-resources, compile, process-classes, generate-test-sources, process-test-sources, generate-test-resources, process-test-resources, test-compile, process-test-classes, test, prepare-package, package, pre-integration-test, integration-test, post-integration-test, verify, install, deploy]
[DEBUG] Lifecycle site -> [pre-site, site, post-site, site-deploy]
[DEBUG] Lifecycle clean -> [pre-clean, clean, post-clean]
[DEBUG] Lifecycle default -> [validate, initialize, generate-sources, process-sources, generate-resources, process-resources, compile, process-classes, generate-test-sources, process-test-sources, generate-test-resources, process-test-resources, test-compile, process-test-classes, test, prepare-package, package, pre-integration-test, integration-test, post-integration-test, verify, install, deploy]
[DEBUG] Lifecycle site -> [pre-site, site, post-site, site-deploy]
[DEBUG] Lifecycle clean -> [pre-clean, clean, post-clean]
[DEBUG] Lifecycle default -> [validate, initialize, generate-sources, process-sources, generate-resources, process-resources, compile, process-classes, generate-test-sources, process-test-sources, generate-test-resources, process-test-resources, test-compile, process-test-classes, test, prepare-package, package, pre-integration-test, integration-test, post-integration-test, verify, install, deploy]
[DEBUG] Lifecycle site -> [pre-site, site, post-site, site-deploy]
[DEBUG] === PROJECT BUILD PLAN ================================================
[DEBUG] Project:       com.original.frame:security-user-impl:0.1.0-SNAPSHOT
[DEBUG] Dependencies (collect): []
[DEBUG] Dependencies (resolve): [compile, test]
[DEBUG] Repositories (dependencies): [epoint-nexus (http://192.168.0.99:8081/nexus/content/groups/public/, default, releases+snapshots), nexus-aliyun (http://maven.aliyun.com/nexus/content/groups/public, default, releases)]
[DEBUG] Repositories (plugins)     : [epoint-nexus (http://192.168.0.99:8081/nexus/content/groups/public/, default, releases+snapshots), nexus-aliyun (http://maven.aliyun.com/nexus/content/groups/public, default, releases)]
[DEBUG] -----------------------------------------------------------------------
[DEBUG] Goal:          org.apache.maven.plugins:maven-resources-plugin:3.3.0:resources (default-resources)
[DEBUG] Style:         Regular
[DEBUG] Configuration: <?xml version="1.0" encoding="UTF-8"?>
<configuration>
  <addDefaultExcludes default-value="true"/>
  <buildFilters default-value="${project.build.filters}"/>
  <encoding default-value="${project.build.sourceEncoding}"/>
  <escapeWindowsPaths default-value="true"/>
  <fileNameFiltering default-value="false"/>
  <includeEmptyDirs default-value="false"/>
  <outputDirectory default-value="${project.build.outputDirectory}"/>
  <overwrite default-value="false"/>
  <project default-value="${project}"/>
  <resources default-value="${project.resources}"/>
  <session default-value="${session}"/>
  <skip default-value="false">${maven.resources.skip}</skip>
  <supportMultiLineFiltering default-value="false"/>
  <useBuildFilters default-value="true"/>
  <useDefaultDelimiters default-value="true"/>
</configuration>
[DEBUG] -----------------------------------------------------------------------
[DEBUG] Goal:          org.apache.maven.plugins:maven-compiler-plugin:3.8.0:compile (default-compile)
[DEBUG] Style:         Regular
[DEBUG] Configuration: <?xml version="1.0" encoding="UTF-8"?>
<configuration>
  <basedir default-value="${basedir}"/>
  <buildDirectory default-value="${project.build.directory}"/>
  <compilePath default-value="${project.compileClasspathElements}"/>
  <compileSourceRoots default-value="${project.compileSourceRoots}"/>
  <compilerId default-value="javac">${maven.compiler.compilerId}</compilerId>
  <compilerReuseStrategy default-value="${reuseCreated}">${maven.compiler.compilerReuseStrategy}</compilerReuseStrategy>
  <compilerVersion>${maven.compiler.compilerVersion}</compilerVersion>
  <debug default-value="true">${maven.compiler.debug}</debug>
  <debuglevel>${maven.compiler.debuglevel}</debuglevel>
  <encoding default-value="${project.build.sourceEncoding}">UTF-8</encoding>
  <executable>${maven.compiler.executable}</executable>
  <failOnError default-value="true">${maven.compiler.failOnError}</failOnError>
  <failOnWarning default-value="false">${maven.compiler.failOnWarning}</failOnWarning>
  <forceJavacCompilerUse default-value="false">${maven.compiler.forceJavacCompilerUse}</forceJavacCompilerUse>
  <fork default-value="false">${maven.compiler.fork}</fork>
  <generatedSourcesDirectory default-value="${project.build.directory}/generated-sources/annotations"/>
  <maxmem>${maven.compiler.maxmem}</maxmem>
  <meminitial>${maven.compiler.meminitial}</meminitial>
  <mojoExecution default-value="${mojoExecution}"/>
  <optimize default-value="false">${maven.compiler.optimize}</optimize>
  <outputDirectory default-value="${project.build.outputDirectory}"/>
  <parameters default-value="false">${maven.compiler.parameters}</parameters>
  <project default-value="${project}"/>
  <projectArtifact default-value="${project.artifact}"/>
  <release>${maven.compiler.release}</release>
  <session default-value="${session}"/>
  <showDeprecation default-value="false">${maven.compiler.showDeprecation}</showDeprecation>
  <showWarnings default-value="false">${maven.compiler.showWarnings}</showWarnings>
  <skipMain>${maven.main.skip}</skipMain>
  <skipMultiThreadWarning default-value="false">${maven.compiler.skipMultiThreadWarning}</skipMultiThreadWarning>
  <source default-value="1.6">1.8</source>
  <staleMillis default-value="0">${lastModGranularityMs}</staleMillis>
  <target default-value="1.6">1.8</target>
  <useIncrementalCompilation default-value="true">${maven.compiler.useIncrementalCompilation}</useIncrementalCompilation>
  <verbose default-value="false">${maven.compiler.verbose}</verbose>
</configuration>
[DEBUG] -----------------------------------------------------------------------
[DEBUG] Goal:          org.apache.maven.plugins:maven-resources-plugin:3.3.0:testResources (default-testResources)
[DEBUG] Style:         Regular
[DEBUG] Configuration: <?xml version="1.0" encoding="UTF-8"?>
<configuration>
  <addDefaultExcludes default-value="true"/>
  <buildFilters default-value="${project.build.filters}"/>
  <encoding default-value="${project.build.sourceEncoding}"/>
  <escapeWindowsPaths default-value="true"/>
  <fileNameFiltering default-value="false"/>
  <includeEmptyDirs default-value="false"/>
  <outputDirectory default-value="${project.build.testOutputDirectory}"/>
  <overwrite default-value="false"/>
  <project default-value="${project}"/>
  <resources default-value="${project.testResources}"/>
  <session default-value="${session}"/>
  <skip default-value="false">${maven.test.skip}</skip>
  <supportMultiLineFiltering default-value="false"/>
  <useBuildFilters default-value="true"/>
  <useDefaultDelimiters default-value="true"/>
</configuration>
[DEBUG] -----------------------------------------------------------------------
[DEBUG] Goal:          org.apache.maven.plugins:maven-compiler-plugin:3.8.0:testCompile (default-testCompile)
[DEBUG] Style:         Regular
[DEBUG] Configuration: <?xml version="1.0" encoding="UTF-8"?>
<configuration>
  <basedir default-value="${basedir}"/>
  <buildDirectory default-value="${project.build.directory}"/>
  <compilePath default-value="${project.compileClasspathElements}"/>
  <compileSourceRoots default-value="${project.testCompileSourceRoots}"/>
  <compilerId default-value="javac">${maven.compiler.compilerId}</compilerId>
  <compilerReuseStrategy default-value="${reuseCreated}">${maven.compiler.compilerReuseStrategy}</compilerReuseStrategy>
  <compilerVersion>${maven.compiler.compilerVersion}</compilerVersion>
  <debug default-value="true">${maven.compiler.debug}</debug>
  <debuglevel>${maven.compiler.debuglevel}</debuglevel>
  <encoding default-value="${project.build.sourceEncoding}">UTF-8</encoding>
  <executable>${maven.compiler.executable}</executable>
  <failOnError default-value="true">${maven.compiler.failOnError}</failOnError>
  <failOnWarning default-value="false">${maven.compiler.failOnWarning}</failOnWarning>
  <forceJavacCompilerUse default-value="false">${maven.compiler.forceJavacCompilerUse}</forceJavacCompilerUse>
  <fork default-value="false">${maven.compiler.fork}</fork>
  <generatedTestSourcesDirectory default-value="${project.build.directory}/generated-test-sources/test-annotations"/>
  <maxmem>${maven.compiler.maxmem}</maxmem>
  <meminitial>${maven.compiler.meminitial}</meminitial>
  <mojoExecution default-value="${mojoExecution}"/>
  <optimize default-value="false">${maven.compiler.optimize}</optimize>
  <outputDirectory default-value="${project.build.testOutputDirectory}"/>
  <parameters default-value="false">${maven.compiler.parameters}</parameters>
  <project default-value="${project}"/>
  <release>${maven.compiler.release}</release>
  <session default-value="${session}"/>
  <showDeprecation default-value="false">${maven.compiler.showDeprecation}</showDeprecation>
  <showWarnings default-value="false">${maven.compiler.showWarnings}</showWarnings>
  <skip>${maven.test.skip}</skip>
  <skipMultiThreadWarning default-value="false">${maven.compiler.skipMultiThreadWarning}</skipMultiThreadWarning>
  <source default-value="1.6">1.8</source>
  <staleMillis default-value="0">${lastModGranularityMs}</staleMillis>
  <target default-value="1.6">1.8</target>
  <testPath default-value="${project.testClasspathElements}"/>
  <testRelease>${maven.compiler.testRelease}</testRelease>
  <testSource>${maven.compiler.testSource}</testSource>
  <testTarget>${maven.compiler.testTarget}</testTarget>
  <useIncrementalCompilation default-value="true">${maven.compiler.useIncrementalCompilation}</useIncrementalCompilation>
  <verbose default-value="false">${maven.compiler.verbose}</verbose>
</configuration>
[DEBUG] -----------------------------------------------------------------------
[DEBUG] Goal:          org.apache.maven.plugins:maven-surefire-plugin:3.0.0-M8:test (default-test)
[DEBUG] Style:         Regular
[DEBUG] Configuration: <?xml version="1.0" encoding="UTF-8"?>
<configuration>
  <additionalClasspathElements>${maven.test.additionalClasspath}</additionalClasspathElements>
  <argLine>${argLine}</argLine>
  <basedir default-value="${basedir}"/>
  <childDelegation default-value="false">${childDelegation}</childDelegation>
  <classesDirectory default-value="${project.build.outputDirectory}"/>
  <classpathDependencyExcludes>${maven.test.dependency.excludes}</classpathDependencyExcludes>
  <debugForkedProcess>${maven.surefire.debug}</debugForkedProcess>
  <dependenciesToScan>${dependenciesToScan}</dependenciesToScan>
  <disableXmlReport default-value="false">${disableXmlReport}</disableXmlReport>
  <enableAssertions default-value="true">${enableAssertions}</enableAssertions>
  <enableProcessChecker>${surefire.enableProcessChecker}</enableProcessChecker>
  <encoding default-value="${project.reporting.outputEncoding}">${surefire.encoding}</encoding>
  <excludeJUnit5Engines>${surefire.excludeJUnit5Engines}</excludeJUnit5Engines>
  <excludedEnvironmentVariables>${surefire.excludedEnvironmentVariables}</excludedEnvironmentVariables>
  <excludedGroups>${excludedGroups}</excludedGroups>
  <excludes>${surefire.excludes}</excludes>
  <excludesFile>${surefire.excludesFile}</excludesFile>
  <failIfNoSpecifiedTests default-value="true">${surefire.failIfNoSpecifiedTests}</failIfNoSpecifiedTests>
  <failIfNoTests default-value="false">${failIfNoTests}</failIfNoTests>
  <failOnFlakeCount default-value="0">${surefire.failOnFlakeCount}</failOnFlakeCount>
  <forkCount default-value="1">${forkCount}</forkCount>
  <forkNode>${surefire.forkNode}</forkNode>
  <forkedProcessExitTimeoutInSeconds default-value="30">${surefire.exitTimeout}</forkedProcessExitTimeoutInSeconds>
  <forkedProcessTimeoutInSeconds>${surefire.timeout}</forkedProcessTimeoutInSeconds>
  <groups>${groups}</groups>
  <includeJUnit5Engines>${surefire.includeJUnit5Engines}</includeJUnit5Engines>
  <includes>${surefire.includes}</includes>
  <includesFile>${surefire.includesFile}</includesFile>
  <junitArtifactName default-value="junit:junit">${junitArtifactName}</junitArtifactName>
  <jvm>${jvm}</jvm>
  <localRepository default-value="${localRepository}"/>
  <objectFactory>${objectFactory}</objectFactory>
  <parallel>${parallel}</parallel>
  <parallelMavenExecution default-value="${session.parallel}"/>
  <parallelOptimized default-value="true">${parallelOptimized}</parallelOptimized>
  <parallelTestsTimeoutForcedInSeconds>${surefire.parallel.forcedTimeout}</parallelTestsTimeoutForcedInSeconds>
  <parallelTestsTimeoutInSeconds>${surefire.parallel.timeout}</parallelTestsTimeoutInSeconds>
  <perCoreThreadCount default-value="true">${perCoreThreadCount}</perCoreThreadCount>
  <pluginArtifactMap>${plugin.artifactMap}</pluginArtifactMap>
  <pluginDescriptor default-value="${plugin}"/>
  <printSummary default-value="true">${surefire.printSummary}</printSummary>
  <project default-value="${project}"/>
  <projectArtifactMap>${project.artifactMap}</projectArtifactMap>
  <projectBuildDirectory default-value="${project.build.directory}"/>
  <projectRemoteRepositories default-value="${project.remoteArtifactRepositories}"/>
  <redirectTestOutputToFile default-value="false">${maven.test.redirectTestOutputToFile}</redirectTestOutputToFile>
  <remoteRepositories default-value="${project.pluginArtifactRepositories}"/>
  <reportFormat default-value="brief">${surefire.reportFormat}</reportFormat>
  <reportNameSuffix default-value="">${surefire.reportNameSuffix}</reportNameSuffix>
  <reportsDirectory default-value="${project.build.directory}/surefire-reports"/>
  <rerunFailingTestsCount default-value="0">${surefire.rerunFailingTestsCount}</rerunFailingTestsCount>
  <reuseForks default-value="true">${reuseForks}</reuseForks>
  <runOrder default-value="filesystem">${surefire.runOrder}</runOrder>
  <runOrderRandomSeed>${surefire.runOrder.random.seed}</runOrderRandomSeed>
  <session default-value="${session}"/>
  <shutdown default-value="exit">${surefire.shutdown}</shutdown>
  <skip default-value="false">${maven.test.skip}</skip>
  <skipAfterFailureCount default-value="0">${surefire.skipAfterFailureCount}</skipAfterFailureCount>
  <skipExec>${maven.test.skip.exec}</skipExec>
  <skipTests default-value="false">${skipTests}</skipTests>
  <suiteXmlFiles>${surefire.suiteXmlFiles}</suiteXmlFiles>
  <systemPropertiesFile>${surefire.systemPropertiesFile}</systemPropertiesFile>
  <tempDir default-value="surefire">${tempDir}</tempDir>
  <test>${test}</test>
  <testClassesDirectory default-value="${project.build.testOutputDirectory}"/>
  <testFailureIgnore default-value="false">${maven.test.failure.ignore}</testFailureIgnore>
  <testNGArtifactName default-value="org.testng:testng">${testNGArtifactName}</testNGArtifactName>
  <testSourceDirectory default-value="${project.build.testSourceDirectory}"/>
  <threadCount>${threadCount}</threadCount>
  <threadCountClasses default-value="0">${threadCountClasses}</threadCountClasses>
  <threadCountMethods default-value="0">${threadCountMethods}</threadCountMethods>
  <threadCountSuites default-value="0">${threadCountSuites}</threadCountSuites>
  <trimStackTrace default-value="false">${trimStackTrace}</trimStackTrace>
  <useFile default-value="true">${surefire.useFile}</useFile>
  <useManifestOnlyJar default-value="true">${surefire.useManifestOnlyJar}</useManifestOnlyJar>
  <useModulePath default-value="true">${surefire.useModulePath}</useModulePath>
  <useSystemClassLoader default-value="true">${surefire.useSystemClassLoader}</useSystemClassLoader>
  <useUnlimitedThreads default-value="false">${useUnlimitedThreads}</useUnlimitedThreads>
  <workingDirectory>${basedir}</workingDirectory>
</configuration>
[DEBUG] =======================================================================
[DEBUG] com.original.frame:security-common:0.1.0-SNAPSHOT/maven-metadata.xml was not found in http://192.168.0.99:8081/nexus/content/groups/public/ during a previous attempt. This failure was cached in the local repository and resolution is not be reattempted until the update interval of epoint-nexus has elapsed or updates are forced
[DEBUG] com.original.frame:security-common:0.1.0-SNAPSHOT/maven-metadata.xml was not found in http://192.168.0.99:8081/nexus/content/groups/public/ during a previous attempt. This failure was cached in the local repository and resolution is not be reattempted until the update interval of epoint-nexus has elapsed or updates are forced
[DEBUG] com.original.frame:spring-security-boot:0.1.0-SNAPSHOT/maven-metadata.xml was not found in http://192.168.0.99:8081/nexus/content/groups/public/ during a previous attempt. This failure was cached in the local repository and resolution is not be reattempted until the update interval of epoint-nexus has elapsed or updates are forced
[DEBUG] com.original.frame:security-user-api:0.1.0-SNAPSHOT/maven-metadata.xml was not found in http://192.168.0.99:8081/nexus/content/groups/public/ during a previous attempt. This failure was cached in the local repository and resolution is not be reattempted until the update interval of epoint-nexus has elapsed or updates are forced
[DEBUG] com.original.frame:security-user-api:0.1.0-SNAPSHOT/maven-metadata.xml was not found in http://192.168.0.99:8081/nexus/content/groups/public/ during a previous attempt. This failure was cached in the local repository and resolution is not be reattempted until the update interval of epoint-nexus has elapsed or updates are forced
[DEBUG] com.original.frame:security-user:0.1.0-SNAPSHOT/maven-metadata.xml was not found in http://192.168.0.99:8081/nexus/content/groups/public/ during a previous attempt. This failure was cached in the local repository and resolution is not be reattempted until the update interval of epoint-nexus has elapsed or updates are forced
[DEBUG] com.original.frame:security-components:0.1.0-SNAPSHOT/maven-metadata.xml was not found in http://192.168.0.99:8081/nexus/content/groups/public/ during a previous attempt. This failure was cached in the local repository and resolution is not be reattempted until the update interval of epoint-nexus has elapsed or updates are forced
[DEBUG] com.original.frame:security-config-api:0.1.0-SNAPSHOT/maven-metadata.xml was not found in http://192.168.0.99:8081/nexus/content/groups/public/ during a previous attempt. This failure was cached in the local repository and resolution is not be reattempted until the update interval of epoint-nexus has elapsed or updates are forced
[DEBUG] com.original.frame:security-config-api:0.1.0-SNAPSHOT/maven-metadata.xml was not found in http://192.168.0.99:8081/nexus/content/groups/public/ during a previous attempt. This failure was cached in the local repository and resolution is not be reattempted until the update interval of epoint-nexus has elapsed or updates are forced
[DEBUG] com.original.frame:security-config:0.1.0-SNAPSHOT/maven-metadata.xml was not found in http://192.168.0.99:8081/nexus/content/groups/public/ during a previous attempt. This failure was cached in the local repository and resolution is not be reattempted until the update interval of epoint-nexus has elapsed or updates are forced
[DEBUG] Using mirror epoint-nexus (http://192.168.0.99:8081/nexus/content/groups/public/) for jboss-public-repository (https://repository.jboss.org/nexus/content/groups/public).
[DEBUG] Using mirror epoint-nexus (http://192.168.0.99:8081/nexus/content/groups/public/) for ow2-snapshot (http://repository.ow2.org/nexus/content/repositories/snapshots).
[DEBUG] Using mirror epoint-nexus (http://192.168.0.99:8081/nexus/content/groups/public/) for vaadin-snapshots (http://oss.sonatype.org/content/repositories/vaadin-snapshots/).
[DEBUG] Using mirror epoint-nexus (http://192.168.0.99:8081/nexus/content/groups/public/) for vaadin-releases (http://oss.sonatype.org/content/repositories/vaadin-releases/).
[DEBUG] Dependency collection stats {ConflictMarker.analyzeTime=1556100, ConflictMarker.markTime=697500, ConflictMarker.nodeCount=164, ConflictIdSorter.graphTime=623300, ConflictIdSorter.topsortTime=371800, ConflictIdSorter.conflictIdCount=88, ConflictIdSorter.conflictIdCycleCount=0, ConflictResolver.totalTime=9450800, ConflictResolver.conflictItemCount=162, DfDependencyCollector.collectTime=392655100, DfDependencyCollector.transformTime=15801000}
[DEBUG] com.original.frame:security-user-impl:jar:0.1.0-SNAPSHOT
[DEBUG]    com.original.frame:security-common:jar:0.1.0-SNAPSHOT:compile
[DEBUG]       org.slf4j:slf4j-api:jar:1.7.36:compile (version managed from 1.7.36)
[DEBUG]    com.original.frame:security-user-api:jar:0.1.0-SNAPSHOT:compile
[DEBUG]    com.original.frame:security-config-api:jar:0.1.0-SNAPSHOT:compile
[DEBUG]    org.springframework.boot:spring-boot-starter:jar:2.7.18:compile
[DEBUG]       org.springframework.boot:spring-boot:jar:2.7.18:compile (version managed from 2.7.18)
[DEBUG]          org.springframework:spring-context:jar:5.3.31:compile (version managed from 5.3.31)
[DEBUG]       org.springframework.boot:spring-boot-autoconfigure:jar:2.7.18:compile (version managed from 2.7.18)
[DEBUG]       org.springframework.boot:spring-boot-starter-logging:jar:2.7.18:compile (version managed from 2.7.18)
[DEBUG]          ch.qos.logback:logback-classic:jar:1.2.12:compile (version managed from 1.2.12)
[DEBUG]             ch.qos.logback:logback-core:jar:1.2.12:compile (version managed from 1.2.12)
[DEBUG]          org.apache.logging.log4j:log4j-to-slf4j:jar:2.17.2:compile (version managed from 2.17.2)
[DEBUG]             org.apache.logging.log4j:log4j-api:jar:2.17.2:compile (version managed from 2.17.2)
[DEBUG]          org.slf4j:jul-to-slf4j:jar:1.7.36:compile (version managed from 1.7.36)
[DEBUG]       jakarta.annotation:jakarta.annotation-api:jar:1.3.5:compile (version managed from 1.3.5)
[DEBUG]       org.springframework:spring-core:jar:5.3.31:compile (version managed from 5.3.31)
[DEBUG]          org.springframework:spring-jcl:jar:5.3.31:compile (version managed from 5.3.31)
[DEBUG]       org.yaml:snakeyaml:jar:1.30:compile (version managed from 1.30)
[DEBUG]    org.springframework.boot:spring-boot-starter-web:jar:2.7.18:compile
[DEBUG]       org.springframework.boot:spring-boot-starter-json:jar:2.7.18:compile (version managed from 2.7.18)
[DEBUG]          com.fasterxml.jackson.core:jackson-databind:jar:2.13.5:compile (version managed from 2.13.5)
[DEBUG]             com.fasterxml.jackson.core:jackson-annotations:jar:2.13.5:compile (version managed from 2.13.5)
[DEBUG]             com.fasterxml.jackson.core:jackson-core:jar:2.13.5:compile (version managed from 2.13.5)
[DEBUG]          com.fasterxml.jackson.datatype:jackson-datatype-jdk8:jar:2.13.5:compile (version managed from 2.13.5)
[DEBUG]          com.fasterxml.jackson.datatype:jackson-datatype-jsr310:jar:2.13.5:compile (version managed from 2.13.5)
[DEBUG]          com.fasterxml.jackson.module:jackson-module-parameter-names:jar:2.13.5:compile (version managed from 2.13.5)
[DEBUG]       org.springframework.boot:spring-boot-starter-tomcat:jar:2.7.18:compile (version managed from 2.7.18)
[DEBUG]          org.apache.tomcat.embed:tomcat-embed-core:jar:9.0.83:compile (version managed from 9.0.83)
[DEBUG]          org.apache.tomcat.embed:tomcat-embed-el:jar:9.0.83:compile (version managed from 9.0.83)
[DEBUG]          org.apache.tomcat.embed:tomcat-embed-websocket:jar:9.0.83:compile (version managed from 9.0.83)
[DEBUG]       org.springframework:spring-web:jar:5.3.31:compile (version managed from 5.3.31)
[DEBUG]          org.springframework:spring-beans:jar:5.3.31:compile (version managed from 5.3.31)
[DEBUG]       org.springframework:spring-webmvc:jar:5.3.31:compile (version managed from 5.3.31)
[DEBUG]          org.springframework:spring-aop:jar:5.3.31:compile (version managed from 5.3.31)
[DEBUG]          org.springframework:spring-expression:jar:5.3.31:compile (version managed from 5.3.31)
[DEBUG]    org.springframework.boot:spring-boot-starter-data-jpa:jar:2.7.18:compile
[DEBUG]       org.springframework.boot:spring-boot-starter-aop:jar:2.7.18:compile (version managed from 2.7.18)
[DEBUG]          org.aspectj:aspectjweaver:jar:1.9.7:compile (version managed from 1.9.7)
[DEBUG]       jakarta.transaction:jakarta.transaction-api:jar:1.3.3:compile (version managed from 1.3.3)
[DEBUG]       jakarta.persistence:jakarta.persistence-api:jar:2.2.3:compile (version managed from 2.2.3)
[DEBUG]       org.hibernate:hibernate-core:jar:5.6.15.Final:compile (version managed from 5.6.15.Final)
[DEBUG]          org.jboss.logging:jboss-logging:jar:3.4.3.Final:compile (version managed from 3.4.3.Final)
[DEBUG]          net.bytebuddy:byte-buddy:jar:1.12.23:compile (version managed from 1.12.18)
[DEBUG]          antlr:antlr:jar:2.7.7:compile (version managed from 2.7.7)
[DEBUG]          org.jboss:jandex:jar:2.4.2.Final:compile
[DEBUG]          com.fasterxml:classmate:jar:1.5.1:compile (version managed from 1.5.1)
[DEBUG]          org.hibernate.common:hibernate-commons-annotations:jar:5.1.2.Final:compile
[DEBUG]          org.glassfish.jaxb:jaxb-runtime:jar:2.3.9:compile (version managed from 2.3.1)
[DEBUG]             org.glassfish.jaxb:txw2:jar:2.3.9:compile (version managed from 2.3.9)
[DEBUG]             com.sun.istack:istack-commons-runtime:jar:3.0.12:compile
[DEBUG]             com.sun.activation:jakarta.activation:jar:1.2.2:runtime (version managed from 1.2.2)
[DEBUG]       org.springframework.data:spring-data-jpa:jar:2.7.18:compile (version managed from 2.7.18)
[DEBUG]          org.springframework.data:spring-data-commons:jar:2.7.18:compile (version managed from 2.7.18)
[DEBUG]          org.springframework:spring-orm:jar:5.3.31:compile (version managed from 5.3.31)
[DEBUG]          org.springframework:spring-tx:jar:5.3.31:compile (version managed from 5.3.31)
[DEBUG]       org.springframework:spring-aspects:jar:5.3.31:compile (version managed from 5.3.31)
[DEBUG]    org.springframework.boot:spring-boot-starter-jdbc:jar:2.7.18:compile
[DEBUG]       com.zaxxer:HikariCP:jar:4.0.3:compile (version managed from 4.0.3)
[DEBUG]       org.springframework:spring-jdbc:jar:5.3.31:compile (version managed from 5.3.31)
[DEBUG]    org.projectlombok:lombok:jar:1.18.30:compile (optional)
[DEBUG]    org.springframework.boot:spring-boot-starter-test:jar:2.7.18:test
[DEBUG]       org.springframework.boot:spring-boot-test:jar:2.7.18:test (version managed from 2.7.18)
[DEBUG]       org.springframework.boot:spring-boot-test-autoconfigure:jar:2.7.18:test (version managed from 2.7.18)
[DEBUG]       com.jayway.jsonpath:json-path:jar:2.7.0:test (version managed from 2.7.0)
[DEBUG]          net.minidev:json-smart:jar:2.4.11:test (version managed from 2.4.7)
[DEBUG]             net.minidev:accessors-smart:jar:2.4.11:test
[DEBUG]                org.ow2.asm:asm:jar:9.3:test
[DEBUG]       jakarta.xml.bind:jakarta.xml.bind-api:jar:2.3.3:compile (version managed from 2.3.3)
[DEBUG]          jakarta.activation:jakarta.activation-api:jar:1.2.2:compile (version managed from 1.2.2)
[DEBUG]       org.assertj:assertj-core:jar:3.22.0:test (version managed from 3.22.0)
[DEBUG]       org.hamcrest:hamcrest:jar:2.2:test (version managed from 2.2)
[DEBUG]       org.junit.jupiter:junit-jupiter:jar:5.8.2:test (version managed from 5.8.2)
[DEBUG]          org.junit.jupiter:junit-jupiter-api:jar:5.8.2:test (version managed from 5.8.2)
[DEBUG]             org.opentest4j:opentest4j:jar:1.2.0:test
[DEBUG]             org.junit.platform:junit-platform-commons:jar:1.8.2:test (version managed from 1.8.2)
[DEBUG]             org.apiguardian:apiguardian-api:jar:1.1.2:test
[DEBUG]          org.junit.jupiter:junit-jupiter-params:jar:5.8.2:test (version managed from 5.8.2)
[DEBUG]          org.junit.jupiter:junit-jupiter-engine:jar:5.8.2:test (version managed from 5.8.2)
[DEBUG]             org.junit.platform:junit-platform-engine:jar:1.8.2:test (version managed from 1.8.2)
[DEBUG]       org.mockito:mockito-core:jar:4.5.1:test (version managed from 4.5.1)
[DEBUG]          net.bytebuddy:byte-buddy-agent:jar:1.12.23:test (version managed from 1.12.9)
[DEBUG]          org.objenesis:objenesis:jar:3.2:test
[DEBUG]       org.mockito:mockito-junit-jupiter:jar:4.5.1:test (version managed from 4.5.1)
[DEBUG]       org.skyscreamer:jsonassert:jar:1.5.1:test (version managed from 1.5.1)
[DEBUG]          com.vaadin.external.google:android-json:jar:0.0.20131108.vaadin1:test
[DEBUG]       org.springframework:spring-test:jar:5.3.31:test (version managed from 5.3.31)
[DEBUG]       org.xmlunit:xmlunit-core:jar:2.9.1:test (version managed from 2.9.1)
[DEBUG]    com.h2database:h2:jar:2.1.214:test
[INFO] 
[INFO] --- resources:3.3.0:resources (default-resources) @ security-user-impl ---
[DEBUG] Dependency collection stats {ConflictMarker.analyzeTime=111000, ConflictMarker.markTime=101300, ConflictMarker.nodeCount=12, ConflictIdSorter.graphTime=111200, ConflictIdSorter.topsortTime=20500, ConflictIdSorter.conflictIdCount=9, ConflictIdSorter.conflictIdCycleCount=0, ConflictResolver.totalTime=375900, ConflictResolver.conflictItemCount=12, DfDependencyCollector.collectTime=54975700, DfDependencyCollector.transformTime=742600}
[DEBUG] org.apache.maven.plugins:maven-resources-plugin:jar:3.3.0
[DEBUG]    org.codehaus.plexus:plexus-interpolation:jar:1.26:runtime
[DEBUG]    org.apache.maven.shared:maven-filtering:jar:3.3.0:compile
[DEBUG]       javax.inject:javax.inject:jar:1:compile
[DEBUG]       org.slf4j:slf4j-api:jar:1.7.36:compile
[DEBUG]       org.sonatype.plexus:plexus-build-api:jar:0.0.7:compile
[DEBUG]       org.codehaus.plexus:plexus-utils:jar:3.3.0:compile (version managed from default)
[DEBUG]    commons-io:commons-io:jar:2.11.0:compile
[DEBUG]    org.apache.commons:commons-lang3:jar:3.12.0:compile
[DEBUG] Created new class realm plugin>org.apache.maven.plugins:maven-resources-plugin:3.3.0
[DEBUG] Importing foreign packages into class realm plugin>org.apache.maven.plugins:maven-resources-plugin:3.3.0
[DEBUG]   Imported:  < maven.api
[DEBUG] Populating class realm plugin>org.apache.maven.plugins:maven-resources-plugin:3.3.0
[DEBUG]   Included: org.apache.maven.plugins:maven-resources-plugin:jar:3.3.0
[DEBUG]   Included: org.codehaus.plexus:plexus-interpolation:jar:1.26
[DEBUG]   Included: org.apache.maven.shared:maven-filtering:jar:3.3.0
[DEBUG]   Included: org.sonatype.plexus:plexus-build-api:jar:0.0.7
[DEBUG]   Included: org.codehaus.plexus:plexus-utils:jar:3.3.0
[DEBUG]   Included: commons-io:commons-io:jar:2.11.0
[DEBUG]   Included: org.apache.commons:commons-lang3:jar:3.12.0
[DEBUG] Loading mojo org.apache.maven.plugins:maven-resources-plugin:3.3.0:resources from plugin realm ClassRealm[plugin>org.apache.maven.plugins:maven-resources-plugin:3.3.0, parent: sun.misc.Launcher$AppClassLoader@70dea4e]
[DEBUG] Configuring mojo execution 'org.apache.maven.plugins:maven-resources-plugin:3.3.0:resources:default-resources' with basic configurator -->
[DEBUG]   (f) addDefaultExcludes = true
[DEBUG]   (f) buildFilters = []
[DEBUG]   (f) encoding = UTF-8
[DEBUG]   (f) escapeWindowsPaths = true
[DEBUG]   (f) fileNameFiltering = false
[DEBUG]   (s) includeEmptyDirs = false
[DEBUG]   (s) outputDirectory = D:\workspace\ai\spring-security-boot\security-components\security-user\security-user-impl\target\classes
[DEBUG]   (s) overwrite = false
[DEBUG]   (f) project = MavenProject: com.original.frame:security-user-impl:0.1.0-SNAPSHOT @ D:\workspace\ai\spring-security-boot\security-components\security-user\security-user-impl\pom.xml
[DEBUG]   (s) resources = [Resource {targetPath: null, filtering: false, FileSet {directory: D:\workspace\ai\spring-security-boot\security-components\security-user\security-user-impl\src\main\resources, PatternSet [includes: {}, excludes: {}]}}]
[DEBUG]   (f) session = org.apache.maven.execution.MavenSession@7103ab0
[DEBUG]   (f) skip = false
[DEBUG]   (f) supportMultiLineFiltering = false
[DEBUG]   (f) useBuildFilters = true
[DEBUG]   (s) useDefaultDelimiters = true
[DEBUG] -- end configuration --
[DEBUG] properties used:
[DEBUG] awt.toolkit: sun.awt.windows.WToolkit
[DEBUG] classworlds.conf: D:\middleware\apache-maven-3.9.0\bin\m2.conf
[DEBUG] commons.logging.version: 1.2
[DEBUG] env.=D:: D:\workspace\ai\spring-security-boot\security-components\security-user\security-user-impl
[DEBUG] env.ALLUSERSPROFILE: C:\ProgramData
[DEBUG] env.ANTIGRAVITY_AGENT: 1
[DEBUG] env.ANTIGRAVITY_CLI_ALIAS: agy
[DEBUG] env.APPDATA: C:\Users\naulu\AppData\Roaming
[DEBUG] env.CHROME_CRASHPAD_PIPE_NAME: \\.\pipe\crashpad_27736_OYJNWBWNPTLJUYHQ
[DEBUG] env.CLASSPATH: .;D:\middleware\jdk1.8.0_60\lib
[DEBUG] env.CLASSWORLDS_JAR: "D:\middleware\apache-maven-3.9.0\boot\plexus-classworlds-2.6.0.jar"
[DEBUG] env.CLASSWORLDS_LAUNCHER: org.codehaus.plexus.classworlds.launcher.Launcher
[DEBUG] env.COLORTERM: truecolor
[DEBUG] env.COMMONPROGRAMFILES: C:\Program Files\Common Files
[DEBUG] env.COMMONPROGRAMFILES(X86): C:\Program Files (x86)\Common Files
[DEBUG] env.COMMONPROGRAMW6432: C:\Program Files\Common Files
[DEBUG] env.COMPUTERNAME: LURJ
[DEBUG] env.COMSPEC: C:\WINDOWS\system32\cmd.exe
[DEBUG] env.CUDA_PATH: C:\Program Files\NVIDIA GPU Computing Toolkit\CUDA\v12.8
[DEBUG] env.CUDA_PATH_V12_8: C:\Program Files\NVIDIA GPU Computing Toolkit\CUDA\v12.8
[DEBUG] env.DRIVERDATA: C:\Windows\System32\Drivers\DriverData
[DEBUG] env.EAI_HOME: C:\Users\naulu\.eai
[DEBUG] env.EFC_28364_1592913036: 1
[DEBUG] env.ERROR_CODE: 0
[DEBUG] env.EXEC_DIR: D:\workspace\ai\spring-security-boot\security-components\security-user\security-user-impl
[DEBUG] env.GIT_ASKPASS: c:\Users\naulu\AppData\Local\Programs\Antigravity\resources\app\extensions\git\dist\askpass.sh
[DEBUG] env.GOROOT: D:\middleware\go-1.18.4
[DEBUG] env.GYP_MSVS_VERSION: 2015
[DEBUG] env.HOMEDRIVE: C:
[DEBUG] env.HOMEPATH: \Users\naulu
[DEBUG] env.IDF_PATH: D:\workspace\IoT\esp-idf
[DEBUG] env.IDF_TOOLS_PATH: C:\Users\naulu\.espressif
[DEBUG] env.IGCCSVC_DB: AQAAANCMnd8BFdERjHoAwE/Cl+sBAAAAP92xjD7bfkmjmpb0awQyRQQAAAACAAAAAAAQZgAAAAEAACAAAABr5VSQeYR2YGrBm+yDG/QJ0WamlKCM5QZmr9lcGquq/AAAAAAOgAAAAAIAACAAAAB2jd1oCjWdCYI8TYIlJQU1jHZXm8DB1z8XXR4neUHAgWAAAACtyRfzPf1/YIqbVVm9QWPy4GMtmQCHESq+sCBB6vaBO/LXlsusWY/Mr+oDf5UcSf8c4AWRZFIqlZQ2+Oi8MiSGVUD5PJwFzPt+3LgnDVfHJcN64I8vk3NQQSaJNuViPDJAAAAAz0/BKoUX2w1RS+cn7RpXTnP4qhacrZuep1UoY8C7EZfQmX72jJWzFoYj4Ml0k1Pg34BCOkcJfALP0sKHo+CYxg==
[DEBUG] env.INTELLIJ IDEA: C:\Program Files\JetBrains\IntelliJ IDEA 2023.1\bin;
[DEBUG] env.JAVACMD: D:\middleware\jdk1.8.0_60\bin\java.exe
[DEBUG] env.JAVA_HOME: D:\middleware\jdk1.8.0_60
[DEBUG] env.JVMCONFIG: \.mvn\jvm.config
[DEBUG] env.LANG: en_US.UTF-8
[DEBUG] env.LOCALAPPDATA: C:\Users\naulu\AppData\Local
[DEBUG] env.LOGONSERVER: \\LURJ
[DEBUG] env.MAVEN_CMD_LINE_ARGS: test -Dtest=SchemaInitializationTest -e -X
[DEBUG] env.MAVEN_HOME: D:\middleware\apache-maven-3.9.0
[DEBUG] env.MAVEN_PROJECTBASEDIR: D:\workspace\ai\spring-security-boot\security-components\security-user\security-user-impl
[DEBUG] env.NUMBER_OF_PROCESSORS: 12
[DEBUG] env.NVM_HOME: D:\middleware\nvm
[DEBUG] env.NVM_SYMLINK: D:\middleware\nvm\nodejs
[DEBUG] env.ONEDRIVE: C:\Users\naulu\OneDrive
[DEBUG] env.OS: Windows_NT
[DEBUG] env.PAGER: cat
[DEBUG] env.PATH: C:\Users\naulu\.dotnet\tools\.store\powershell\7.4.6\powershell\7.4.6\tools\net8.0\any\win;C:\Program Files\NVIDIA GPU Computing Toolkit\CUDA\v12.8\bin;C:\Program Files\NVIDIA GPU Computing Toolkit\CUDA\v12.8\libnvvp;c:\Users\naulu\AppData\Local\Programs\cursor\resources\app\bin;C:\Program Files (x86)\VMware\VMware Workstation\bin\;C:\WINDOWS\system32;C:\WINDOWS;C:\WINDOWS\System32\Wbem;C:\WINDOWS\System32\WindowsPowerShell\v1.0\;C:\WINDOWS\System32\OpenSSH\;D:\middleware\jdk1.8.0_60\bin;D:\middleware\apache-maven-3.9.0\bin;C:\Program Files\TortoiseGit\bin;D:\middleware\nvm;D:\middleware\nvm\nodejs;C:\Program Files\TortoiseSVN\bin;D:\middleware\dotnet-sdk-8.0.403-win-x64;D:\middleware\winlibs-x86_64-posix-seh-gcc-11.2.0-mingw-w64ucrt-10.0.0-r1\mingw64\bin;D:\middleware\go-1.18.4\bin;C:\Program Files (x86)\Windows Kits\10\Windows Performance Toolkit\;C:\Program Files\dotnet\;C:\Program Files\Git\cmd;D:\middleware\upx-4.0.2-win64;D:\middleware\goreleaser;D:\middleware\nuget;D:\middleware\ffmpeg-5.1.2-full_build\bin;C:\Users\naulu\.local\bin;C:\Users\naulu\AppData\Local\Microsoft\WindowsApps;C:\Program Files\JetBrains\IntelliJ IDEA 2023.1\bin;C:\Users\naulu\.dotnet\tools;C:\Users\naulu\AppData\Local\Programs\Fiddler;C:\Users;C:\Program Files (x86)\Tencent\微信web开发者工具\dll;C:\Program Files (x86)\NVIDIA Corporation\PhysX\Common;C:\Program Files\NVIDIA Corporation\Nsight Compute 2025.1.1\;C:\Program Files\USBip;C:\Program Files (x86)\Microsoft SQL Server\160\Tools\Binn\;C:\Program Files\Microsoft SQL Server\160\Tools\Binn\;C:\Program Files\Microsoft SQL Server\Client SDK\ODBC\170\Tools\Binn\;C:\Program Files\Microsoft SQL Server\160\DTS\Binn\;C:\Program Files (x86)\Windows Kits\8.1\Windows Performance Toolkit\;C:\Users\naulu\.eai\bin;C:\Users\naulu\.local\bin;C:\Users\naulu\AppData\Local\Microsoft\WindowsApps;C:\Users\naulu\AppData\Local\Programs\Microsoft VS Code\bin;C:\Program Files\JetBrains\IntelliJ IDEA 2023.1\bin;C:\Users\naulu\.dotnet\tools;C:\Users\naulu\AppData\Local\Programs\Fiddler;C:\Users\naulu\AppData\Local\Microsoft\WindowsApps;C:\Users\naulu\AppData\Local\Programs\Ollama;C:\Users\naulu\AppData\Local\Programs\Antigravity\bin;C:\Users\naulu\.bun\bin
[DEBUG] env.PATHEXT: .COM;.EXE;.BAT;.CMD;.VBS;.VBE;.JS;.JSE;.WSF;.WSH;.MSC;.CPL
[DEBUG] env.PROCESSOR_ARCHITECTURE: AMD64
[DEBUG] env.PROCESSOR_IDENTIFIER: Intel64 Family 6 Model 154 Stepping 4, GenuineIntel
[DEBUG] env.PROCESSOR_LEVEL: 6
[DEBUG] env.PROCESSOR_REVISION: 9a04
[DEBUG] env.PROGRAMDATA: C:\ProgramData
[DEBUG] env.PROGRAMFILES: C:\Program Files
[DEBUG] env.PROGRAMFILES(X86): C:\Program Files (x86)
[DEBUG] env.PROGRAMW6432: C:\Program Files
[DEBUG] env.PROMPT: $P$G
[DEBUG] env.PSMODULEPATH: C:\Users\naulu\Documents\PowerShell\Modules;C:\Program Files\PowerShell\Modules;c:\users\naulu\.dotnet\tools\.store\powershell\7.4.6\powershell\7.4.6\tools\net8.0\any\win\Modules;C:\Program Files\WindowsPowerShell\Modules;C:\WINDOWS\system32\WindowsPowerShell\v1.0\Modules;C:\Program Files (x86)\Microsoft SQL Server\160\Tools\PowerShell\Modules\
[DEBUG] env.PUBLIC: C:\Users\Public
[DEBUG] env.SESSIONNAME: Console
[DEBUG] env.SYSTEMDRIVE: C:
[DEBUG] env.SYSTEMROOT: C:\WINDOWS
[DEBUG] env.TEMP: C:\Users\naulu\AppData\Local\Temp
[DEBUG] env.TERM_PROGRAM: vscode
[DEBUG] env.TERM_PROGRAM_VERSION: 1.107.0
[DEBUG] env.TMP: C:\Users\naulu\AppData\Local\Temp
[DEBUG] env.USERDOMAIN: LURJ
[DEBUG] env.USERDOMAIN_ROAMINGPROFILE: LURJ
[DEBUG] env.USERNAME: naulu
[DEBUG] env.USERPROFILE: C:\Users\naulu
[DEBUG] env.VSCODE_GIT_ASKPASS_EXTRA_ARGS: 
[DEBUG] env.VSCODE_GIT_ASKPASS_MAIN: c:\Users\naulu\AppData\Local\Programs\Antigravity\resources\app\extensions\git\dist\askpass-main.js
[DEBUG] env.VSCODE_GIT_ASKPASS_NODE: C:\Users\naulu\AppData\Local\Programs\Antigravity\Antigravity.exe
[DEBUG] env.VSCODE_GIT_IPC_HANDLE: \\.\pipe\vscode-git-3581d0764c-sock
[DEBUG] env.VSCODE_INJECTION: 1
[DEBUG] env.VSCODE_PYTHON_AUTOACTIVATE_GUARD: 1
[DEBUG] env.WDIR: D:\
[DEBUG] env.WINDIR: C:\WINDOWS
[DEBUG] env.ZES_ENABLE_SYSMAN: 1
[DEBUG] env.__COMPAT_LAYER: DetectorsAppHealth
[DEBUG] file.encoding: GBK
[DEBUG] file.encoding.pkg: sun.io
[DEBUG] file.separator: \
[DEBUG] java.awt.graphicsenv: sun.awt.Win32GraphicsEnvironment
[DEBUG] java.awt.printerjob: sun.awt.windows.WPrinterJob
[DEBUG] java.class.path: D:\middleware\apache-maven-3.9.0\boot\plexus-classworlds-2.6.0.jar
[DEBUG] java.class.version: 52.0
[DEBUG] java.endorsed.dirs: D:\middleware\jdk1.8.0_60\jre\lib\endorsed
[DEBUG] java.ext.dirs: D:\middleware\jdk1.8.0_60\jre\lib\ext;C:\WINDOWS\Sun\Java\lib\ext
[DEBUG] java.home: D:\middleware\jdk1.8.0_60\jre
[DEBUG] java.io.tmpdir: C:\Users\naulu\AppData\Local\Temp\
[DEBUG] java.library.path: D:\middleware\jdk1.8.0_60\bin;C:\WINDOWS\Sun\Java\bin;C:\WINDOWS\system32;C:\WINDOWS;C:\Users\naulu\.dotnet\tools\.store\powershell\7.4.6\powershell\7.4.6\tools\net8.0\any\win;C:\Program Files\NVIDIA GPU Computing Toolkit\CUDA\v12.8\bin;C:\Program Files\NVIDIA GPU Computing Toolkit\CUDA\v12.8\libnvvp;c:\Users\naulu\AppData\Local\Programs\cursor\resources\app\bin;C:\Program Files (x86)\VMware\VMware Workstation\bin\;C:\WINDOWS\system32;C:\WINDOWS;C:\WINDOWS\System32\Wbem;C:\WINDOWS\System32\WindowsPowerShell\v1.0\;C:\WINDOWS\System32\OpenSSH\;D:\middleware\jdk1.8.0_60\bin;D:\middleware\apache-maven-3.9.0\bin;C:\Program Files\TortoiseGit\bin;D:\middleware\nvm;D:\middleware\nvm\nodejs;C:\Program Files\TortoiseSVN\bin;D:\middleware\dotnet-sdk-8.0.403-win-x64;D:\middleware\winlibs-x86_64-posix-seh-gcc-11.2.0-mingw-w64ucrt-10.0.0-r1\mingw64\bin;D:\middleware\go-1.18.4\bin;C:\Program Files (x86)\Windows Kits\10\Windows Performance Toolkit\;C:\Program Files\dotnet\;C:\Program Files\Git\cmd;D:\middleware\upx-4.0.2-win64;D:\middleware\goreleaser;D:\middleware\nuget;D:\middleware\ffmpeg-5.1.2-full_build\bin;C:\Users\naulu\.local\bin;C:\Users\naulu\AppData\Local\Microsoft\WindowsApps;C:\Program Files\JetBrains\IntelliJ IDEA 2023.1\bin;C:\Users\naulu\.dotnet\tools;C:\Users\naulu\AppData\Local\Programs\Fiddler;C:\Users;C:\Program Files (x86)\Tencent\微信web开发者工具\dll;C:\Program Files (x86)\NVIDIA Corporation\PhysX\Common;C:\Program Files\NVIDIA Corporation\Nsight Compute 2025.1.1\;C:\Program Files\USBip;C:\Program Files (x86)\Microsoft SQL Server\160\Tools\Binn\;C:\Program Files\Microsoft SQL Server\160\Tools\Binn\;C:\Program Files\Microsoft SQL Server\Client SDK\ODBC\170\Tools\Binn\;C:\Program Files\Microsoft SQL Server\160\DTS\Binn\;C:\Program Files (x86)\Windows Kits\8.1\Windows Performance Toolkit\;C:\Users\naulu\.eai\bin;C:\Users\naulu\.local\bin;C:\Users\naulu\AppData\Local\Microsoft\WindowsApps;C:\Users\naulu\AppData\Local\Programs\Microsoft VS Code\bin;C:\Program Files\JetBrains\IntelliJ IDEA 2023.1\bin;C:\Users\naulu\.dotnet\tools;C:\Users\naulu\AppData\Local\Programs\Fiddler;C:\Users\naulu\AppData\Local\Microsoft\WindowsApps;C:\Users\naulu\AppData\Local\Programs\Ollama;C:\Users\naulu\AppData\Local\Programs\Antigravity\bin;C:\Users\naulu\.bun\bin;.
[DEBUG] java.runtime.name: Java(TM) SE Runtime Environment
[DEBUG] java.runtime.version: 1.8.0_60-b27
[DEBUG] java.specification.name: Java Platform API Specification
[DEBUG] java.specification.vendor: Oracle Corporation
[DEBUG] java.specification.version: 1.8
[DEBUG] java.vendor: Oracle Corporation
[DEBUG] java.vendor.url: http://java.oracle.com/
[DEBUG] java.vendor.url.bug: http://bugreport.sun.com/bugreport/
[DEBUG] java.version: 1.8.0_60
[DEBUG] java.vm.info: mixed mode
[DEBUG] java.vm.name: Java HotSpot(TM) 64-Bit Server VM
[DEBUG] java.vm.specification.name: Java Virtual Machine Specification
[DEBUG] java.vm.specification.vendor: Oracle Corporation
[DEBUG] java.vm.specification.version: 1.8
[DEBUG] java.vm.vendor: Oracle Corporation
[DEBUG] java.vm.version: 25.60-b23
[DEBUG] jdk.version: 1.8
[DEBUG] library.jansi.path: D:\middleware\apache-maven-3.9.0\lib\jansi-native
[DEBUG] line.separator: 

[DEBUG] maven.build.timestamp: 2026-02-27T08:30:38Z
[DEBUG] maven.build.version: Apache Maven 3.9.0 (9b58d2bad23a66be161c4664ef21ce219c2c8584)
[DEBUG] maven.conf: D:\middleware\apache-maven-3.9.0/conf
[DEBUG] maven.home: D:\middleware\apache-maven-3.9.0
[DEBUG] maven.multiModuleProjectDirectory: D:\workspace\ai\spring-security-boot\security-components\security-user\security-user-impl
[DEBUG] maven.version: 3.9.0
[DEBUG] os.arch: amd64
[DEBUG] os.name: Windows 10
[DEBUG] os.version: 10.0
[DEBUG] path.separator: ;
[DEBUG] project.baseUri: file:/D:/workspace/ai/spring-security-boot/security-components/security-user/security-user-impl/
[DEBUG] project.build.sourceEncoding: UTF-8
[DEBUG] spring-boot.version: 2.7.18
[DEBUG] spring-cloud-alibaba.version: 2021.0.5.0
[DEBUG] spring-cloud.version: 2021.0.8
[DEBUG] sun.arch.data.model: 64
[DEBUG] sun.boot.class.path: D:\middleware\jdk1.8.0_60\jre\lib\resources.jar;D:\middleware\jdk1.8.0_60\jre\lib\rt.jar;D:\middleware\jdk1.8.0_60\jre\lib\sunrsasign.jar;D:\middleware\jdk1.8.0_60\jre\lib\jsse.jar;D:\middleware\jdk1.8.0_60\jre\lib\jce.jar;D:\middleware\jdk1.8.0_60\jre\lib\charsets.jar;D:\middleware\jdk1.8.0_60\jre\lib\jfr.jar;D:\middleware\jdk1.8.0_60\jre\classes
[DEBUG] sun.boot.library.path: D:\middleware\jdk1.8.0_60\jre\bin
[DEBUG] sun.cpu.endian: little
[DEBUG] sun.cpu.isalist: amd64
[DEBUG] sun.desktop: windows
[DEBUG] sun.io.unicode.encoding: UnicodeLittle
[DEBUG] sun.java.command: org.codehaus.plexus.classworlds.launcher.Launcher test -Dtest=SchemaInitializationTest -e -X
[DEBUG] sun.java.launcher: SUN_STANDARD
[DEBUG] sun.jnu.encoding: GBK
[DEBUG] sun.management.compiler: HotSpot 64-Bit Tiered Compilers
[DEBUG] sun.os.patch.level: 
[DEBUG] sun.stderr.encoding: ms936
[DEBUG] test: SchemaInitializationTest
[DEBUG] user.country: CN
[DEBUG] user.dir: D:\workspace\ai\spring-security-boot\security-components\security-user\security-user-impl
[DEBUG] user.home: C:\Users\naulu
[DEBUG] user.language: zh
[DEBUG] user.name: naulu
[DEBUG] user.script: 
[DEBUG] user.timezone: 
[DEBUG] user.variant: 
[DEBUG] Using 'UTF-8' encoding to copy filtered resources.
[DEBUG] Using 'UTF-8' encoding to copy filtered properties files.
[DEBUG] resource with targetPath null
directory D:\workspace\ai\spring-security-boot\security-components\security-user\security-user-impl\src\main\resources
excludes []
includes []
[DEBUG] ignoreDelta true
[INFO] Copying 3 resources
[DEBUG] Copying file application.properties
[DEBUG] file application.properties has a filtered file extension
[DEBUG] Using 'UTF-8' encoding to copy filtered resource 'application.properties'.
[DEBUG] copy D:\workspace\ai\spring-security-boot\security-components\security-user\security-user-impl\src\main\resources\application.properties to D:\workspace\ai\spring-security-boot\security-components\security-user\security-user-impl\target\classes\application.properties
[DEBUG] Copying file data.sql
[DEBUG] file data.sql has a filtered file extension
[DEBUG] Using 'UTF-8' encoding to copy filtered resource 'data.sql'.
[DEBUG] copy D:\workspace\ai\spring-security-boot\security-components\security-user\security-user-impl\src\main\resources\data.sql to D:\workspace\ai\spring-security-boot\security-components\security-user\security-user-impl\target\classes\data.sql
[DEBUG] Copying file schema.sql
[DEBUG] file schema.sql has a filtered file extension
[DEBUG] Using 'UTF-8' encoding to copy filtered resource 'schema.sql'.
[DEBUG] copy D:\workspace\ai\spring-security-boot\security-components\security-user\security-user-impl\src\main\resources\schema.sql to D:\workspace\ai\spring-security-boot\security-components\security-user\security-user-impl\target\classes\schema.sql
[DEBUG] no use filter components
[INFO] 
[INFO] --- compiler:3.8.0:compile (default-compile) @ security-user-impl ---
[DEBUG] Using mirror epoint-nexus (http://192.168.0.99:8081/nexus/content/groups/public/) for apache.snapshots (http://repository.apache.org/snapshots).
[DEBUG] Using mirror epoint-nexus (http://192.168.0.99:8081/nexus/content/groups/public/) for codehaus.snapshots (http://snapshots.repository.codehaus.org).
[DEBUG] Using mirror epoint-nexus (http://192.168.0.99:8081/nexus/content/groups/public/) for plexus.snapshots (https://oss.sonatype.org/content/repositories/plexus-snapshots).
[DEBUG] Dependency collection stats {ConflictMarker.analyzeTime=185900, ConflictMarker.markTime=95700, ConflictMarker.nodeCount=118, ConflictIdSorter.graphTime=44700, ConflictIdSorter.topsortTime=43100, ConflictIdSorter.conflictIdCount=45, ConflictIdSorter.conflictIdCycleCount=0, ConflictResolver.totalTime=592300, ConflictResolver.conflictItemCount=72, DfDependencyCollector.collectTime=179474300, DfDependencyCollector.transformTime=983200}
[DEBUG] org.apache.maven.plugins:maven-compiler-plugin:jar:3.8.0
[DEBUG]    org.apache.maven:maven-plugin-api:jar:3.0:compile
[DEBUG]       org.apache.maven:maven-model:jar:3.0:compile
[DEBUG]       org.sonatype.sisu:sisu-inject-plexus:jar:1.4.2:compile
[DEBUG]          org.sonatype.sisu:sisu-inject-bean:jar:1.4.2:compile
[DEBUG]             org.sonatype.sisu:sisu-guice:jar:noaop:2.1.7:compile
[DEBUG]    org.apache.maven:maven-artifact:jar:3.0:compile
[DEBUG]       org.codehaus.plexus:plexus-utils:jar:2.0.4:compile
[DEBUG]    org.apache.maven:maven-core:jar:3.0:compile
[DEBUG]       org.apache.maven:maven-settings:jar:3.0:compile
[DEBUG]       org.apache.maven:maven-settings-builder:jar:3.0:compile
[DEBUG]       org.apache.maven:maven-repository-metadata:jar:3.0:compile
[DEBUG]       org.apache.maven:maven-model-builder:jar:3.0:compile
[DEBUG]       org.apache.maven:maven-aether-provider:jar:3.0:runtime
[DEBUG]       org.sonatype.aether:aether-impl:jar:1.7:compile
[DEBUG]          org.sonatype.aether:aether-spi:jar:1.7:compile
[DEBUG]       org.sonatype.aether:aether-api:jar:1.7:compile
[DEBUG]       org.sonatype.aether:aether-util:jar:1.7:compile
[DEBUG]       org.codehaus.plexus:plexus-interpolation:jar:1.14:compile
[DEBUG]       org.codehaus.plexus:plexus-classworlds:jar:2.2.3:compile
[DEBUG]       org.codehaus.plexus:plexus-component-annotations:jar:1.7.1:compile (version managed from default)
[DEBUG]       org.sonatype.plexus:plexus-sec-dispatcher:jar:1.3:compile
[DEBUG]          org.sonatype.plexus:plexus-cipher:jar:1.4:compile
[DEBUG]    org.apache.maven.shared:maven-shared-utils:jar:3.2.1:compile
[DEBUG]       commons-io:commons-io:jar:2.5:compile
[DEBUG]    org.apache.maven.shared:maven-shared-incremental:jar:1.1:compile
[DEBUG]    org.codehaus.plexus:plexus-java:jar:0.9.10:compile
[DEBUG]       org.ow2.asm:asm:jar:6.2:compile
[DEBUG]       com.thoughtworks.qdox:qdox:jar:2.0-M9:compile (version managed from default)
[DEBUG]    org.codehaus.plexus:plexus-compiler-api:jar:2.8.4:compile
[DEBUG]    org.codehaus.plexus:plexus-compiler-manager:jar:2.8.4:compile
[DEBUG]    org.codehaus.plexus:plexus-compiler-javac:jar:2.8.4:runtime
[DEBUG] Created new class realm plugin>org.apache.maven.plugins:maven-compiler-plugin:3.8.0
[DEBUG] Importing foreign packages into class realm plugin>org.apache.maven.plugins:maven-compiler-plugin:3.8.0
[DEBUG]   Imported:  < maven.api
[DEBUG] Populating class realm plugin>org.apache.maven.plugins:maven-compiler-plugin:3.8.0
[DEBUG]   Included: org.apache.maven.plugins:maven-compiler-plugin:jar:3.8.0
[DEBUG]   Included: org.sonatype.sisu:sisu-inject-bean:jar:1.4.2
[DEBUG]   Included: org.sonatype.sisu:sisu-guice:jar:noaop:2.1.7
[DEBUG]   Included: org.codehaus.plexus:plexus-utils:jar:2.0.4
[DEBUG]   Included: org.sonatype.aether:aether-util:jar:1.7
[DEBUG]   Included: org.codehaus.plexus:plexus-interpolation:jar:1.14
[DEBUG]   Included: org.codehaus.plexus:plexus-component-annotations:jar:1.7.1
[DEBUG]   Included: org.sonatype.plexus:plexus-sec-dispatcher:jar:1.3
[DEBUG]   Included: org.sonatype.plexus:plexus-cipher:jar:1.4
[DEBUG]   Included: org.apache.maven.shared:maven-shared-utils:jar:3.2.1
[DEBUG]   Included: commons-io:commons-io:jar:2.5
[DEBUG]   Included: org.apache.maven.shared:maven-shared-incremental:jar:1.1
[DEBUG]   Included: org.codehaus.plexus:plexus-java:jar:0.9.10
[DEBUG]   Included: org.ow2.asm:asm:jar:6.2
[DEBUG]   Included: com.thoughtworks.qdox:qdox:jar:2.0-M9
[DEBUG]   Included: org.codehaus.plexus:plexus-compiler-api:jar:2.8.4
[DEBUG]   Included: org.codehaus.plexus:plexus-compiler-manager:jar:2.8.4
[DEBUG]   Included: org.codehaus.plexus:plexus-compiler-javac:jar:2.8.4
[DEBUG] Loading mojo org.apache.maven.plugins:maven-compiler-plugin:3.8.0:compile from plugin realm ClassRealm[plugin>org.apache.maven.plugins:maven-compiler-plugin:3.8.0, parent: sun.misc.Launcher$AppClassLoader@70dea4e]
[DEBUG] Configuring mojo execution 'org.apache.maven.plugins:maven-compiler-plugin:3.8.0:compile:default-compile' with basic configurator -->
[DEBUG]   (f) basedir = D:\workspace\ai\spring-security-boot\security-components\security-user\security-user-impl
[DEBUG]   (f) buildDirectory = D:\workspace\ai\spring-security-boot\security-components\security-user\security-user-impl\target
[DEBUG]   (f) compilePath = [D:\workspace\ai\spring-security-boot\security-components\security-user\security-user-impl\target\classes, D:\.m2\repository\com\original\frame\security-common\0.1.0-SNAPSHOT\security-common-0.1.0-SNAPSHOT.jar, D:\.m2\repository\org\slf4j\slf4j-api\1.7.36\slf4j-api-1.7.36.jar, D:\.m2\repository\com\original\frame\security-user-api\0.1.0-SNAPSHOT\security-user-api-0.1.0-SNAPSHOT.jar, D:\.m2\repository\com\original\frame\security-config-api\0.1.0-SNAPSHOT\security-config-api-0.1.0-SNAPSHOT.jar, D:\.m2\repository\org\springframework\boot\spring-boot-starter\2.7.18\spring-boot-starter-2.7.18.jar, D:\.m2\repository\org\springframework\boot\spring-boot\2.7.18\spring-boot-2.7.18.jar, D:\.m2\repository\org\springframework\spring-context\5.3.31\spring-context-5.3.31.jar, D:\.m2\repository\org\springframework\boot\spring-boot-autoconfigure\2.7.18\spring-boot-autoconfigure-2.7.18.jar, D:\.m2\repository\org\springframework\boot\spring-boot-starter-logging\2.7.18\spring-boot-starter-logging-2.7.18.jar, D:\.m2\repository\ch\qos\logback\logback-classic\1.2.12\logback-classic-1.2.12.jar, D:\.m2\repository\ch\qos\logback\logback-core\1.2.12\logback-core-1.2.12.jar, D:\.m2\repository\org\apache\logging\log4j\log4j-to-slf4j\2.17.2\log4j-to-slf4j-2.17.2.jar, D:\.m2\repository\org\apache\logging\log4j\log4j-api\2.17.2\log4j-api-2.17.2.jar, D:\.m2\repository\org\slf4j\jul-to-slf4j\1.7.36\jul-to-slf4j-1.7.36.jar, D:\.m2\repository\jakarta\annotation\jakarta.annotation-api\1.3.5\jakarta.annotation-api-1.3.5.jar, D:\.m2\repository\org\springframework\spring-core\5.3.31\spring-core-5.3.31.jar, D:\.m2\repository\org\springframework\spring-jcl\5.3.31\spring-jcl-5.3.31.jar, D:\.m2\repository\org\yaml\snakeyaml\1.30\snakeyaml-1.30.jar, D:\.m2\repository\org\springframework\boot\spring-boot-starter-web\2.7.18\spring-boot-starter-web-2.7.18.jar, D:\.m2\repository\org\springframework\boot\spring-boot-starter-json\2.7.18\spring-boot-starter-json-2.7.18.jar, D:\.m2\repository\com\fasterxml\jackson\core\jackson-databind\2.13.5\jackson-databind-2.13.5.jar, D:\.m2\repository\com\fasterxml\jackson\core\jackson-annotations\2.13.5\jackson-annotations-2.13.5.jar, D:\.m2\repository\com\fasterxml\jackson\core\jackson-core\2.13.5\jackson-core-2.13.5.jar, D:\.m2\repository\com\fasterxml\jackson\datatype\jackson-datatype-jdk8\2.13.5\jackson-datatype-jdk8-2.13.5.jar, D:\.m2\repository\com\fasterxml\jackson\datatype\jackson-datatype-jsr310\2.13.5\jackson-datatype-jsr310-2.13.5.jar, D:\.m2\repository\com\fasterxml\jackson\module\jackson-module-parameter-names\2.13.5\jackson-module-parameter-names-2.13.5.jar, D:\.m2\repository\org\springframework\boot\spring-boot-starter-tomcat\2.7.18\spring-boot-starter-tomcat-2.7.18.jar, D:\.m2\repository\org\apache\tomcat\embed\tomcat-embed-core\9.0.83\tomcat-embed-core-9.0.83.jar, D:\.m2\repository\org\apache\tomcat\embed\tomcat-embed-el\9.0.83\tomcat-embed-el-9.0.83.jar, D:\.m2\repository\org\apache\tomcat\embed\tomcat-embed-websocket\9.0.83\tomcat-embed-websocket-9.0.83.jar, D:\.m2\repository\org\springframework\spring-web\5.3.31\spring-web-5.3.31.jar, D:\.m2\repository\org\springframework\spring-beans\5.3.31\spring-beans-5.3.31.jar, D:\.m2\repository\org\springframework\spring-webmvc\5.3.31\spring-webmvc-5.3.31.jar, D:\.m2\repository\org\springframework\spring-aop\5.3.31\spring-aop-5.3.31.jar, D:\.m2\repository\org\springframework\spring-expression\5.3.31\spring-expression-5.3.31.jar, D:\.m2\repository\org\springframework\boot\spring-boot-starter-data-jpa\2.7.18\spring-boot-starter-data-jpa-2.7.18.jar, D:\.m2\repository\org\springframework\boot\spring-boot-starter-aop\2.7.18\spring-boot-starter-aop-2.7.18.jar, D:\.m2\repository\org\aspectj\aspectjweaver\1.9.7\aspectjweaver-1.9.7.jar, D:\.m2\repository\jakarta\transaction\jakarta.transaction-api\1.3.3\jakarta.transaction-api-1.3.3.jar, D:\.m2\repository\jakarta\persistence\jakarta.persistence-api\2.2.3\jakarta.persistence-api-2.2.3.jar, D:\.m2\repository\org\hibernate\hibernate-core\5.6.15.Final\hibernate-core-5.6.15.Final.jar, D:\.m2\repository\org\jboss\logging\jboss-logging\3.4.3.Final\jboss-logging-3.4.3.Final.jar, D:\.m2\repository\net\bytebuddy\byte-buddy\1.12.23\byte-buddy-1.12.23.jar, D:\.m2\repository\antlr\antlr\2.7.7\antlr-2.7.7.jar, D:\.m2\repository\org\jboss\jandex\2.4.2.Final\jandex-2.4.2.Final.jar, D:\.m2\repository\com\fasterxml\classmate\1.5.1\classmate-1.5.1.jar, D:\.m2\repository\org\hibernate\common\hibernate-commons-annotations\5.1.2.Final\hibernate-commons-annotations-5.1.2.Final.jar, D:\.m2\repository\org\glassfish\jaxb\jaxb-runtime\2.3.9\jaxb-runtime-2.3.9.jar, D:\.m2\repository\org\glassfish\jaxb\txw2\2.3.9\txw2-2.3.9.jar, D:\.m2\repository\com\sun\istack\istack-commons-runtime\3.0.12\istack-commons-runtime-3.0.12.jar, D:\.m2\repository\org\springframework\data\spring-data-jpa\2.7.18\spring-data-jpa-2.7.18.jar, D:\.m2\repository\org\springframework\data\spring-data-commons\2.7.18\spring-data-commons-2.7.18.jar, D:\.m2\repository\org\springframework\spring-orm\5.3.31\spring-orm-5.3.31.jar, D:\.m2\repository\org\springframework\spring-tx\5.3.31\spring-tx-5.3.31.jar, D:\.m2\repository\org\springframework\spring-aspects\5.3.31\spring-aspects-5.3.31.jar, D:\.m2\repository\org\springframework\boot\spring-boot-starter-jdbc\2.7.18\spring-boot-starter-jdbc-2.7.18.jar, D:\.m2\repository\com\zaxxer\HikariCP\4.0.3\HikariCP-4.0.3.jar, D:\.m2\repository\org\springframework\spring-jdbc\5.3.31\spring-jdbc-5.3.31.jar, D:\.m2\repository\org\projectlombok\lombok\1.18.30\lombok-1.18.30.jar, D:\.m2\repository\jakarta\xml\bind\jakarta.xml.bind-api\2.3.3\jakarta.xml.bind-api-2.3.3.jar, D:\.m2\repository\jakarta\activation\jakarta.activation-api\1.2.2\jakarta.activation-api-1.2.2.jar]
[DEBUG]   (f) compileSourceRoots = [D:\workspace\ai\spring-security-boot\security-components\security-user\security-user-impl\src\main\java]
[DEBUG]   (f) compilerId = javac
[DEBUG]   (f) debug = true
[DEBUG]   (f) encoding = UTF-8
[DEBUG]   (f) failOnError = true
[DEBUG]   (f) failOnWarning = false
[DEBUG]   (f) forceJavacCompilerUse = false
[DEBUG]   (f) fork = false
[DEBUG]   (f) generatedSourcesDirectory = D:\workspace\ai\spring-security-boot\security-components\security-user\security-user-impl\target\generated-sources\annotations
[DEBUG]   (f) mojoExecution = org.apache.maven.plugins:maven-compiler-plugin:3.8.0:compile {execution: default-compile}
[DEBUG]   (f) optimize = false
[DEBUG]   (f) outputDirectory = D:\workspace\ai\spring-security-boot\security-components\security-user\security-user-impl\target\classes
[DEBUG]   (f) parameters = false
[DEBUG]   (f) project = MavenProject: com.original.frame:security-user-impl:0.1.0-SNAPSHOT @ D:\workspace\ai\spring-security-boot\security-components\security-user\security-user-impl\pom.xml
[DEBUG]   (f) projectArtifact = com.original.frame:security-user-impl:jar:0.1.0-SNAPSHOT
[DEBUG]   (f) session = org.apache.maven.execution.MavenSession@7103ab0
[DEBUG]   (f) showDeprecation = false
[DEBUG]   (f) showWarnings = false
[DEBUG]   (f) skipMultiThreadWarning = false
[DEBUG]   (f) source = 1.8
[DEBUG]   (f) staleMillis = 0
[DEBUG]   (s) target = 1.8
[DEBUG]   (f) useIncrementalCompilation = true
[DEBUG]   (f) verbose = false
[DEBUG] -- end configuration --
[DEBUG] Using compiler 'javac'.
[DEBUG] Adding D:\workspace\ai\spring-security-boot\security-components\security-user\security-user-impl\target\generated-sources\annotations to compile source roots:
  D:\workspace\ai\spring-security-boot\security-components\security-user\security-user-impl\src\main\java
[DEBUG] New compile source roots:
  D:\workspace\ai\spring-security-boot\security-components\security-user\security-user-impl\src\main\java
  D:\workspace\ai\spring-security-boot\security-components\security-user\security-user-impl\target\generated-sources\annotations
[DEBUG] CompilerReuseStrategy: reuseCreated
[DEBUG] useIncrementalCompilation enabled
[INFO] Nothing to compile - all classes are up to date
[INFO] 
[INFO] --- resources:3.3.0:testResources (default-testResources) @ security-user-impl ---
[DEBUG] Loading mojo org.apache.maven.plugins:maven-resources-plugin:3.3.0:testResources from plugin realm ClassRealm[plugin>org.apache.maven.plugins:maven-resources-plugin:3.3.0, parent: sun.misc.Launcher$AppClassLoader@70dea4e]
[DEBUG] Configuring mojo execution 'org.apache.maven.plugins:maven-resources-plugin:3.3.0:testResources:default-testResources' with basic configurator -->
[DEBUG]   (f) addDefaultExcludes = true
[DEBUG]   (f) buildFilters = []
[DEBUG]   (f) encoding = UTF-8
[DEBUG]   (f) escapeWindowsPaths = true
[DEBUG]   (f) fileNameFiltering = false
[DEBUG]   (s) includeEmptyDirs = false
[DEBUG]   (s) outputDirectory = D:\workspace\ai\spring-security-boot\security-components\security-user\security-user-impl\target\test-classes
[DEBUG]   (s) overwrite = false
[DEBUG]   (f) project = MavenProject: com.original.frame:security-user-impl:0.1.0-SNAPSHOT @ D:\workspace\ai\spring-security-boot\security-components\security-user\security-user-impl\pom.xml
[DEBUG]   (s) resources = [Resource {targetPath: null, filtering: false, FileSet {directory: D:\workspace\ai\spring-security-boot\security-components\security-user\security-user-impl\src\test\resources, PatternSet [includes: {}, excludes: {}]}}]
[DEBUG]   (f) session = org.apache.maven.execution.MavenSession@7103ab0
[DEBUG]   (f) skip = false
[DEBUG]   (f) supportMultiLineFiltering = false
[DEBUG]   (f) useBuildFilters = true
[DEBUG]   (s) useDefaultDelimiters = true
[DEBUG] -- end configuration --
[DEBUG] properties used:
[DEBUG] awt.toolkit: sun.awt.windows.WToolkit
[DEBUG] classworlds.conf: D:\middleware\apache-maven-3.9.0\bin\m2.conf
[DEBUG] commons.logging.version: 1.2
[DEBUG] env.=D:: D:\workspace\ai\spring-security-boot\security-components\security-user\security-user-impl
[DEBUG] env.ALLUSERSPROFILE: C:\ProgramData
[DEBUG] env.ANTIGRAVITY_AGENT: 1
[DEBUG] env.ANTIGRAVITY_CLI_ALIAS: agy
[DEBUG] env.APPDATA: C:\Users\naulu\AppData\Roaming
[DEBUG] env.CHROME_CRASHPAD_PIPE_NAME: \\.\pipe\crashpad_27736_OYJNWBWNPTLJUYHQ
[DEBUG] env.CLASSPATH: .;D:\middleware\jdk1.8.0_60\lib
[DEBUG] env.CLASSWORLDS_JAR: "D:\middleware\apache-maven-3.9.0\boot\plexus-classworlds-2.6.0.jar"
[DEBUG] env.CLASSWORLDS_LAUNCHER: org.codehaus.plexus.classworlds.launcher.Launcher
[DEBUG] env.COLORTERM: truecolor
[DEBUG] env.COMMONPROGRAMFILES: C:\Program Files\Common Files
[DEBUG] env.COMMONPROGRAMFILES(X86): C:\Program Files (x86)\Common Files
[DEBUG] env.COMMONPROGRAMW6432: C:\Program Files\Common Files
[DEBUG] env.COMPUTERNAME: LURJ
[DEBUG] env.COMSPEC: C:\WINDOWS\system32\cmd.exe
[DEBUG] env.CUDA_PATH: C:\Program Files\NVIDIA GPU Computing Toolkit\CUDA\v12.8
[DEBUG] env.CUDA_PATH_V12_8: C:\Program Files\NVIDIA GPU Computing Toolkit\CUDA\v12.8
[DEBUG] env.DRIVERDATA: C:\Windows\System32\Drivers\DriverData
[DEBUG] env.EAI_HOME: C:\Users\naulu\.eai
[DEBUG] env.EFC_28364_1592913036: 1
[DEBUG] env.ERROR_CODE: 0
[DEBUG] env.EXEC_DIR: D:\workspace\ai\spring-security-boot\security-components\security-user\security-user-impl
[DEBUG] env.GIT_ASKPASS: c:\Users\naulu\AppData\Local\Programs\Antigravity\resources\app\extensions\git\dist\askpass.sh
[DEBUG] env.GOROOT: D:\middleware\go-1.18.4
[DEBUG] env.GYP_MSVS_VERSION: 2015
[DEBUG] env.HOMEDRIVE: C:
[DEBUG] env.HOMEPATH: \Users\naulu
[DEBUG] env.IDF_PATH: D:\workspace\IoT\esp-idf
[DEBUG] env.IDF_TOOLS_PATH: C:\Users\naulu\.espressif
[DEBUG] env.IGCCSVC_DB: AQAAANCMnd8BFdERjHoAwE/Cl+sBAAAAP92xjD7bfkmjmpb0awQyRQQAAAACAAAAAAAQZgAAAAEAACAAAABr5VSQeYR2YGrBm+yDG/QJ0WamlKCM5QZmr9lcGquq/AAAAAAOgAAAAAIAACAAAAB2jd1oCjWdCYI8TYIlJQU1jHZXm8DB1z8XXR4neUHAgWAAAACtyRfzPf1/YIqbVVm9QWPy4GMtmQCHESq+sCBB6vaBO/LXlsusWY/Mr+oDf5UcSf8c4AWRZFIqlZQ2+Oi8MiSGVUD5PJwFzPt+3LgnDVfHJcN64I8vk3NQQSaJNuViPDJAAAAAz0/BKoUX2w1RS+cn7RpXTnP4qhacrZuep1UoY8C7EZfQmX72jJWzFoYj4Ml0k1Pg34BCOkcJfALP0sKHo+CYxg==
[DEBUG] env.INTELLIJ IDEA: C:\Program Files\JetBrains\IntelliJ IDEA 2023.1\bin;
[DEBUG] env.JAVACMD: D:\middleware\jdk1.8.0_60\bin\java.exe
[DEBUG] env.JAVA_HOME: D:\middleware\jdk1.8.0_60
[DEBUG] env.JVMCONFIG: \.mvn\jvm.config
[DEBUG] env.LANG: en_US.UTF-8
[DEBUG] env.LOCALAPPDATA: C:\Users\naulu\AppData\Local
[DEBUG] env.LOGONSERVER: \\LURJ
[DEBUG] env.MAVEN_CMD_LINE_ARGS: test -Dtest=SchemaInitializationTest -e -X
[DEBUG] env.MAVEN_HOME: D:\middleware\apache-maven-3.9.0
[DEBUG] env.MAVEN_PROJECTBASEDIR: D:\workspace\ai\spring-security-boot\security-components\security-user\security-user-impl
[DEBUG] env.NUMBER_OF_PROCESSORS: 12
[DEBUG] env.NVM_HOME: D:\middleware\nvm
[DEBUG] env.NVM_SYMLINK: D:\middleware\nvm\nodejs
[DEBUG] env.ONEDRIVE: C:\Users\naulu\OneDrive
[DEBUG] env.OS: Windows_NT
[DEBUG] env.PAGER: cat
[DEBUG] env.PATH: C:\Users\naulu\.dotnet\tools\.store\powershell\7.4.6\powershell\7.4.6\tools\net8.0\any\win;C:\Program Files\NVIDIA GPU Computing Toolkit\CUDA\v12.8\bin;C:\Program Files\NVIDIA GPU Computing Toolkit\CUDA\v12.8\libnvvp;c:\Users\naulu\AppData\Local\Programs\cursor\resources\app\bin;C:\Program Files (x86)\VMware\VMware Workstation\bin\;C:\WINDOWS\system32;C:\WINDOWS;C:\WINDOWS\System32\Wbem;C:\WINDOWS\System32\WindowsPowerShell\v1.0\;C:\WINDOWS\System32\OpenSSH\;D:\middleware\jdk1.8.0_60\bin;D:\middleware\apache-maven-3.9.0\bin;C:\Program Files\TortoiseGit\bin;D:\middleware\nvm;D:\middleware\nvm\nodejs;C:\Program Files\TortoiseSVN\bin;D:\middleware\dotnet-sdk-8.0.403-win-x64;D:\middleware\winlibs-x86_64-posix-seh-gcc-11.2.0-mingw-w64ucrt-10.0.0-r1\mingw64\bin;D:\middleware\go-1.18.4\bin;C:\Program Files (x86)\Windows Kits\10\Windows Performance Toolkit\;C:\Program Files\dotnet\;C:\Program Files\Git\cmd;D:\middleware\upx-4.0.2-win64;D:\middleware\goreleaser;D:\middleware\nuget;D:\middleware\ffmpeg-5.1.2-full_build\bin;C:\Users\naulu\.local\bin;C:\Users\naulu\AppData\Local\Microsoft\WindowsApps;C:\Program Files\JetBrains\IntelliJ IDEA 2023.1\bin;C:\Users\naulu\.dotnet\tools;C:\Users\naulu\AppData\Local\Programs\Fiddler;C:\Users;C:\Program Files (x86)\Tencent\微信web开发者工具\dll;C:\Program Files (x86)\NVIDIA Corporation\PhysX\Common;C:\Program Files\NVIDIA Corporation\Nsight Compute 2025.1.1\;C:\Program Files\USBip;C:\Program Files (x86)\Microsoft SQL Server\160\Tools\Binn\;C:\Program Files\Microsoft SQL Server\160\Tools\Binn\;C:\Program Files\Microsoft SQL Server\Client SDK\ODBC\170\Tools\Binn\;C:\Program Files\Microsoft SQL Server\160\DTS\Binn\;C:\Program Files (x86)\Windows Kits\8.1\Windows Performance Toolkit\;C:\Users\naulu\.eai\bin;C:\Users\naulu\.local\bin;C:\Users\naulu\AppData\Local\Microsoft\WindowsApps;C:\Users\naulu\AppData\Local\Programs\Microsoft VS Code\bin;C:\Program Files\JetBrains\IntelliJ IDEA 2023.1\bin;C:\Users\naulu\.dotnet\tools;C:\Users\naulu\AppData\Local\Programs\Fiddler;C:\Users\naulu\AppData\Local\Microsoft\WindowsApps;C:\Users\naulu\AppData\Local\Programs\Ollama;C:\Users\naulu\AppData\Local\Programs\Antigravity\bin;C:\Users\naulu\.bun\bin
[DEBUG] env.PATHEXT: .COM;.EXE;.BAT;.CMD;.VBS;.VBE;.JS;.JSE;.WSF;.WSH;.MSC;.CPL
[DEBUG] env.PROCESSOR_ARCHITECTURE: AMD64
[DEBUG] env.PROCESSOR_IDENTIFIER: Intel64 Family 6 Model 154 Stepping 4, GenuineIntel
[DEBUG] env.PROCESSOR_LEVEL: 6
[DEBUG] env.PROCESSOR_REVISION: 9a04
[DEBUG] env.PROGRAMDATA: C:\ProgramData
[DEBUG] env.PROGRAMFILES: C:\Program Files
[DEBUG] env.PROGRAMFILES(X86): C:\Program Files (x86)
[DEBUG] env.PROGRAMW6432: C:\Program Files
[DEBUG] env.PROMPT: $P$G
[DEBUG] env.PSMODULEPATH: C:\Users\naulu\Documents\PowerShell\Modules;C:\Program Files\PowerShell\Modules;c:\users\naulu\.dotnet\tools\.store\powershell\7.4.6\powershell\7.4.6\tools\net8.0\any\win\Modules;C:\Program Files\WindowsPowerShell\Modules;C:\WINDOWS\system32\WindowsPowerShell\v1.0\Modules;C:\Program Files (x86)\Microsoft SQL Server\160\Tools\PowerShell\Modules\
[DEBUG] env.PUBLIC: C:\Users\Public
[DEBUG] env.SESSIONNAME: Console
[DEBUG] env.SYSTEMDRIVE: C:
[DEBUG] env.SYSTEMROOT: C:\WINDOWS
[DEBUG] env.TEMP: C:\Users\naulu\AppData\Local\Temp
[DEBUG] env.TERM_PROGRAM: vscode
[DEBUG] env.TERM_PROGRAM_VERSION: 1.107.0
[DEBUG] env.TMP: C:\Users\naulu\AppData\Local\Temp
[DEBUG] env.USERDOMAIN: LURJ
[DEBUG] env.USERDOMAIN_ROAMINGPROFILE: LURJ
[DEBUG] env.USERNAME: naulu
[DEBUG] env.USERPROFILE: C:\Users\naulu
[DEBUG] env.VSCODE_GIT_ASKPASS_EXTRA_ARGS: 
[DEBUG] env.VSCODE_GIT_ASKPASS_MAIN: c:\Users\naulu\AppData\Local\Programs\Antigravity\resources\app\extensions\git\dist\askpass-main.js
[DEBUG] env.VSCODE_GIT_ASKPASS_NODE: C:\Users\naulu\AppData\Local\Programs\Antigravity\Antigravity.exe
[DEBUG] env.VSCODE_GIT_IPC_HANDLE: \\.\pipe\vscode-git-3581d0764c-sock
[DEBUG] env.VSCODE_INJECTION: 1
[DEBUG] env.VSCODE_PYTHON_AUTOACTIVATE_GUARD: 1
[DEBUG] env.WDIR: D:\
[DEBUG] env.WINDIR: C:\WINDOWS
[DEBUG] env.ZES_ENABLE_SYSMAN: 1
[DEBUG] env.__COMPAT_LAYER: DetectorsAppHealth
[DEBUG] file.encoding: GBK
[DEBUG] file.encoding.pkg: sun.io
[DEBUG] file.separator: \
[DEBUG] java.awt.graphicsenv: sun.awt.Win32GraphicsEnvironment
[DEBUG] java.awt.printerjob: sun.awt.windows.WPrinterJob
[DEBUG] java.class.path: D:\middleware\apache-maven-3.9.0\boot\plexus-classworlds-2.6.0.jar
[DEBUG] java.class.version: 52.0
[DEBUG] java.endorsed.dirs: D:\middleware\jdk1.8.0_60\jre\lib\endorsed
[DEBUG] java.ext.dirs: D:\middleware\jdk1.8.0_60\jre\lib\ext;C:\WINDOWS\Sun\Java\lib\ext
[DEBUG] java.home: D:\middleware\jdk1.8.0_60\jre
[DEBUG] java.io.tmpdir: C:\Users\naulu\AppData\Local\Temp\
[DEBUG] java.library.path: D:\middleware\jdk1.8.0_60\bin;C:\WINDOWS\Sun\Java\bin;C:\WINDOWS\system32;C:\WINDOWS;C:\Users\naulu\.dotnet\tools\.store\powershell\7.4.6\powershell\7.4.6\tools\net8.0\any\win;C:\Program Files\NVIDIA GPU Computing Toolkit\CUDA\v12.8\bin;C:\Program Files\NVIDIA GPU Computing Toolkit\CUDA\v12.8\libnvvp;c:\Users\naulu\AppData\Local\Programs\cursor\resources\app\bin;C:\Program Files (x86)\VMware\VMware Workstation\bin\;C:\WINDOWS\system32;C:\WINDOWS;C:\WINDOWS\System32\Wbem;C:\WINDOWS\System32\WindowsPowerShell\v1.0\;C:\WINDOWS\System32\OpenSSH\;D:\middleware\jdk1.8.0_60\bin;D:\middleware\apache-maven-3.9.0\bin;C:\Program Files\TortoiseGit\bin;D:\middleware\nvm;D:\middleware\nvm\nodejs;C:\Program Files\TortoiseSVN\bin;D:\middleware\dotnet-sdk-8.0.403-win-x64;D:\middleware\winlibs-x86_64-posix-seh-gcc-11.2.0-mingw-w64ucrt-10.0.0-r1\mingw64\bin;D:\middleware\go-1.18.4\bin;C:\Program Files (x86)\Windows Kits\10\Windows Performance Toolkit\;C:\Program Files\dotnet\;C:\Program Files\Git\cmd;D:\middleware\upx-4.0.2-win64;D:\middleware\goreleaser;D:\middleware\nuget;D:\middleware\ffmpeg-5.1.2-full_build\bin;C:\Users\naulu\.local\bin;C:\Users\naulu\AppData\Local\Microsoft\WindowsApps;C:\Program Files\JetBrains\IntelliJ IDEA 2023.1\bin;C:\Users\naulu\.dotnet\tools;C:\Users\naulu\AppData\Local\Programs\Fiddler;C:\Users;C:\Program Files (x86)\Tencent\微信web开发者工具\dll;C:\Program Files (x86)\NVIDIA Corporation\PhysX\Common;C:\Program Files\NVIDIA Corporation\Nsight Compute 2025.1.1\;C:\Program Files\USBip;C:\Program Files (x86)\Microsoft SQL Server\160\Tools\Binn\;C:\Program Files\Microsoft SQL Server\160\Tools\Binn\;C:\Program Files\Microsoft SQL Server\Client SDK\ODBC\170\Tools\Binn\;C:\Program Files\Microsoft SQL Server\160\DTS\Binn\;C:\Program Files (x86)\Windows Kits\8.1\Windows Performance Toolkit\;C:\Users\naulu\.eai\bin;C:\Users\naulu\.local\bin;C:\Users\naulu\AppData\Local\Microsoft\WindowsApps;C:\Users\naulu\AppData\Local\Programs\Microsoft VS Code\bin;C:\Program Files\JetBrains\IntelliJ IDEA 2023.1\bin;C:\Users\naulu\.dotnet\tools;C:\Users\naulu\AppData\Local\Programs\Fiddler;C:\Users\naulu\AppData\Local\Microsoft\WindowsApps;C:\Users\naulu\AppData\Local\Programs\Ollama;C:\Users\naulu\AppData\Local\Programs\Antigravity\bin;C:\Users\naulu\.bun\bin;.
[DEBUG] java.runtime.name: Java(TM) SE Runtime Environment
[DEBUG] java.runtime.version: 1.8.0_60-b27
[DEBUG] java.specification.name: Java Platform API Specification
[DEBUG] java.specification.vendor: Oracle Corporation
[DEBUG] java.specification.version: 1.8
[DEBUG] java.vendor: Oracle Corporation
[DEBUG] java.vendor.url: http://java.oracle.com/
[DEBUG] java.vendor.url.bug: http://bugreport.sun.com/bugreport/
[DEBUG] java.version: 1.8.0_60
[DEBUG] java.vm.info: mixed mode
[DEBUG] java.vm.name: Java HotSpot(TM) 64-Bit Server VM
[DEBUG] java.vm.specification.name: Java Virtual Machine Specification
[DEBUG] java.vm.specification.vendor: Oracle Corporation
[DEBUG] java.vm.specification.version: 1.8
[DEBUG] java.vm.vendor: Oracle Corporation
[DEBUG] java.vm.version: 25.60-b23
[DEBUG] jdk.version: 1.8
[DEBUG] library.jansi.path: D:\middleware\apache-maven-3.9.0\lib\jansi-native
[DEBUG] line.separator: 

[DEBUG] maven.build.timestamp: 2026-02-27T08:30:38Z
[DEBUG] maven.build.version: Apache Maven 3.9.0 (9b58d2bad23a66be161c4664ef21ce219c2c8584)
[DEBUG] maven.conf: D:\middleware\apache-maven-3.9.0/conf
[DEBUG] maven.home: D:\middleware\apache-maven-3.9.0
[DEBUG] maven.multiModuleProjectDirectory: D:\workspace\ai\spring-security-boot\security-components\security-user\security-user-impl
[DEBUG] maven.version: 3.9.0
[DEBUG] os.arch: amd64
[DEBUG] os.name: Windows 10
[DEBUG] os.version: 10.0
[DEBUG] path.separator: ;
[DEBUG] project.baseUri: file:/D:/workspace/ai/spring-security-boot/security-components/security-user/security-user-impl/
[DEBUG] project.build.sourceEncoding: UTF-8
[DEBUG] spring-boot.version: 2.7.18
[DEBUG] spring-cloud-alibaba.version: 2021.0.5.0
[DEBUG] spring-cloud.version: 2021.0.8
[DEBUG] sun.arch.data.model: 64
[DEBUG] sun.boot.class.path: D:\middleware\jdk1.8.0_60\jre\lib\resources.jar;D:\middleware\jdk1.8.0_60\jre\lib\rt.jar;D:\middleware\jdk1.8.0_60\jre\lib\sunrsasign.jar;D:\middleware\jdk1.8.0_60\jre\lib\jsse.jar;D:\middleware\jdk1.8.0_60\jre\lib\jce.jar;D:\middleware\jdk1.8.0_60\jre\lib\charsets.jar;D:\middleware\jdk1.8.0_60\jre\lib\jfr.jar;D:\middleware\jdk1.8.0_60\jre\classes
[DEBUG] sun.boot.library.path: D:\middleware\jdk1.8.0_60\jre\bin
[DEBUG] sun.cpu.endian: little
[DEBUG] sun.cpu.isalist: amd64
[DEBUG] sun.desktop: windows
[DEBUG] sun.io.unicode.encoding: UnicodeLittle
[DEBUG] sun.java.command: org.codehaus.plexus.classworlds.launcher.Launcher test -Dtest=SchemaInitializationTest -e -X
[DEBUG] sun.java.launcher: SUN_STANDARD
[DEBUG] sun.jnu.encoding: GBK
[DEBUG] sun.management.compiler: HotSpot 64-Bit Tiered Compilers
[DEBUG] sun.os.patch.level: 
[DEBUG] sun.stderr.encoding: ms936
[DEBUG] test: SchemaInitializationTest
[DEBUG] user.country: CN
[DEBUG] user.dir: D:\workspace\ai\spring-security-boot\security-components\security-user\security-user-impl
[DEBUG] user.home: C:\Users\naulu
[DEBUG] user.language: zh
[DEBUG] user.name: naulu
[DEBUG] user.script: 
[DEBUG] user.timezone: 
[DEBUG] user.variant: 
[DEBUG] Using 'UTF-8' encoding to copy filtered resources.
[DEBUG] Using 'UTF-8' encoding to copy filtered properties files.
[DEBUG] resource with targetPath null
directory D:\workspace\ai\spring-security-boot\security-components\security-user\security-user-impl\src\test\resources
excludes []
includes []
[DEBUG] ignoreDelta true
[INFO] Copying 1 resource
[DEBUG] Copying file application.properties
[DEBUG] file application.properties has a filtered file extension
[DEBUG] Using 'UTF-8' encoding to copy filtered resource 'application.properties'.
[DEBUG] copy D:\workspace\ai\spring-security-boot\security-components\security-user\security-user-impl\src\test\resources\application.properties to D:\workspace\ai\spring-security-boot\security-components\security-user\security-user-impl\target\test-classes\application.properties
[DEBUG] no use filter components
[INFO] 
[INFO] --- compiler:3.8.0:testCompile (default-testCompile) @ security-user-impl ---
[DEBUG] Loading mojo org.apache.maven.plugins:maven-compiler-plugin:3.8.0:testCompile from plugin realm ClassRealm[plugin>org.apache.maven.plugins:maven-compiler-plugin:3.8.0, parent: sun.misc.Launcher$AppClassLoader@70dea4e]
[DEBUG] Configuring mojo execution 'org.apache.maven.plugins:maven-compiler-plugin:3.8.0:testCompile:default-testCompile' with basic configurator -->
[DEBUG]   (f) basedir = D:\workspace\ai\spring-security-boot\security-components\security-user\security-user-impl
[DEBUG]   (f) buildDirectory = D:\workspace\ai\spring-security-boot\security-components\security-user\security-user-impl\target
[DEBUG]   (f) compilePath = [D:\workspace\ai\spring-security-boot\security-components\security-user\security-user-impl\target\classes, D:\.m2\repository\com\original\frame\security-common\0.1.0-SNAPSHOT\security-common-0.1.0-SNAPSHOT.jar, D:\.m2\repository\org\slf4j\slf4j-api\1.7.36\slf4j-api-1.7.36.jar, D:\.m2\repository\com\original\frame\security-user-api\0.1.0-SNAPSHOT\security-user-api-0.1.0-SNAPSHOT.jar, D:\.m2\repository\com\original\frame\security-config-api\0.1.0-SNAPSHOT\security-config-api-0.1.0-SNAPSHOT.jar, D:\.m2\repository\org\springframework\boot\spring-boot-starter\2.7.18\spring-boot-starter-2.7.18.jar, D:\.m2\repository\org\springframework\boot\spring-boot\2.7.18\spring-boot-2.7.18.jar, D:\.m2\repository\org\springframework\spring-context\5.3.31\spring-context-5.3.31.jar, D:\.m2\repository\org\springframework\boot\spring-boot-autoconfigure\2.7.18\spring-boot-autoconfigure-2.7.18.jar, D:\.m2\repository\org\springframework\boot\spring-boot-starter-logging\2.7.18\spring-boot-starter-logging-2.7.18.jar, D:\.m2\repository\ch\qos\logback\logback-classic\1.2.12\logback-classic-1.2.12.jar, D:\.m2\repository\ch\qos\logback\logback-core\1.2.12\logback-core-1.2.12.jar, D:\.m2\repository\org\apache\logging\log4j\log4j-to-slf4j\2.17.2\log4j-to-slf4j-2.17.2.jar, D:\.m2\repository\org\apache\logging\log4j\log4j-api\2.17.2\log4j-api-2.17.2.jar, D:\.m2\repository\org\slf4j\jul-to-slf4j\1.7.36\jul-to-slf4j-1.7.36.jar, D:\.m2\repository\jakarta\annotation\jakarta.annotation-api\1.3.5\jakarta.annotation-api-1.3.5.jar, D:\.m2\repository\org\springframework\spring-core\5.3.31\spring-core-5.3.31.jar, D:\.m2\repository\org\springframework\spring-jcl\5.3.31\spring-jcl-5.3.31.jar, D:\.m2\repository\org\yaml\snakeyaml\1.30\snakeyaml-1.30.jar, D:\.m2\repository\org\springframework\boot\spring-boot-starter-web\2.7.18\spring-boot-starter-web-2.7.18.jar, D:\.m2\repository\org\springframework\boot\spring-boot-starter-json\2.7.18\spring-boot-starter-json-2.7.18.jar, D:\.m2\repository\com\fasterxml\jackson\core\jackson-databind\2.13.5\jackson-databind-2.13.5.jar, D:\.m2\repository\com\fasterxml\jackson\core\jackson-annotations\2.13.5\jackson-annotations-2.13.5.jar, D:\.m2\repository\com\fasterxml\jackson\core\jackson-core\2.13.5\jackson-core-2.13.5.jar, D:\.m2\repository\com\fasterxml\jackson\datatype\jackson-datatype-jdk8\2.13.5\jackson-datatype-jdk8-2.13.5.jar, D:\.m2\repository\com\fasterxml\jackson\datatype\jackson-datatype-jsr310\2.13.5\jackson-datatype-jsr310-2.13.5.jar, D:\.m2\repository\com\fasterxml\jackson\module\jackson-module-parameter-names\2.13.5\jackson-module-parameter-names-2.13.5.jar, D:\.m2\repository\org\springframework\boot\spring-boot-starter-tomcat\2.7.18\spring-boot-starter-tomcat-2.7.18.jar, D:\.m2\repository\org\apache\tomcat\embed\tomcat-embed-core\9.0.83\tomcat-embed-core-9.0.83.jar, D:\.m2\repository\org\apache\tomcat\embed\tomcat-embed-el\9.0.83\tomcat-embed-el-9.0.83.jar, D:\.m2\repository\org\apache\tomcat\embed\tomcat-embed-websocket\9.0.83\tomcat-embed-websocket-9.0.83.jar, D:\.m2\repository\org\springframework\spring-web\5.3.31\spring-web-5.3.31.jar, D:\.m2\repository\org\springframework\spring-beans\5.3.31\spring-beans-5.3.31.jar, D:\.m2\repository\org\springframework\spring-webmvc\5.3.31\spring-webmvc-5.3.31.jar, D:\.m2\repository\org\springframework\spring-aop\5.3.31\spring-aop-5.3.31.jar, D:\.m2\repository\org\springframework\spring-expression\5.3.31\spring-expression-5.3.31.jar, D:\.m2\repository\org\springframework\boot\spring-boot-starter-data-jpa\2.7.18\spring-boot-starter-data-jpa-2.7.18.jar, D:\.m2\repository\org\springframework\boot\spring-boot-starter-aop\2.7.18\spring-boot-starter-aop-2.7.18.jar, D:\.m2\repository\org\aspectj\aspectjweaver\1.9.7\aspectjweaver-1.9.7.jar, D:\.m2\repository\jakarta\transaction\jakarta.transaction-api\1.3.3\jakarta.transaction-api-1.3.3.jar, D:\.m2\repository\jakarta\persistence\jakarta.persistence-api\2.2.3\jakarta.persistence-api-2.2.3.jar, D:\.m2\repository\org\hibernate\hibernate-core\5.6.15.Final\hibernate-core-5.6.15.Final.jar, D:\.m2\repository\org\jboss\logging\jboss-logging\3.4.3.Final\jboss-logging-3.4.3.Final.jar, D:\.m2\repository\net\bytebuddy\byte-buddy\1.12.23\byte-buddy-1.12.23.jar, D:\.m2\repository\antlr\antlr\2.7.7\antlr-2.7.7.jar, D:\.m2\repository\org\jboss\jandex\2.4.2.Final\jandex-2.4.2.Final.jar, D:\.m2\repository\com\fasterxml\classmate\1.5.1\classmate-1.5.1.jar, D:\.m2\repository\org\hibernate\common\hibernate-commons-annotations\5.1.2.Final\hibernate-commons-annotations-5.1.2.Final.jar, D:\.m2\repository\org\glassfish\jaxb\jaxb-runtime\2.3.9\jaxb-runtime-2.3.9.jar, D:\.m2\repository\org\glassfish\jaxb\txw2\2.3.9\txw2-2.3.9.jar, D:\.m2\repository\com\sun\istack\istack-commons-runtime\3.0.12\istack-commons-runtime-3.0.12.jar, D:\.m2\repository\org\springframework\data\spring-data-jpa\2.7.18\spring-data-jpa-2.7.18.jar, D:\.m2\repository\org\springframework\data\spring-data-commons\2.7.18\spring-data-commons-2.7.18.jar, D:\.m2\repository\org\springframework\spring-orm\5.3.31\spring-orm-5.3.31.jar, D:\.m2\repository\org\springframework\spring-tx\5.3.31\spring-tx-5.3.31.jar, D:\.m2\repository\org\springframework\spring-aspects\5.3.31\spring-aspects-5.3.31.jar, D:\.m2\repository\org\springframework\boot\spring-boot-starter-jdbc\2.7.18\spring-boot-starter-jdbc-2.7.18.jar, D:\.m2\repository\com\zaxxer\HikariCP\4.0.3\HikariCP-4.0.3.jar, D:\.m2\repository\org\springframework\spring-jdbc\5.3.31\spring-jdbc-5.3.31.jar, D:\.m2\repository\org\projectlombok\lombok\1.18.30\lombok-1.18.30.jar, D:\.m2\repository\jakarta\xml\bind\jakarta.xml.bind-api\2.3.3\jakarta.xml.bind-api-2.3.3.jar, D:\.m2\repository\jakarta\activation\jakarta.activation-api\1.2.2\jakarta.activation-api-1.2.2.jar]
[DEBUG]   (f) compileSourceRoots = [D:\workspace\ai\spring-security-boot\security-components\security-user\security-user-impl\src\test\java]
[DEBUG]   (f) compilerId = javac
[DEBUG]   (f) debug = true
[DEBUG]   (f) encoding = UTF-8
[DEBUG]   (f) failOnError = true
[DEBUG]   (f) failOnWarning = false
[DEBUG]   (f) forceJavacCompilerUse = false
[DEBUG]   (f) fork = false
[DEBUG]   (f) generatedTestSourcesDirectory = D:\workspace\ai\spring-security-boot\security-components\security-user\security-user-impl\target\generated-test-sources\test-annotations
[DEBUG]   (f) mojoExecution = org.apache.maven.plugins:maven-compiler-plugin:3.8.0:testCompile {execution: default-testCompile}
[DEBUG]   (f) optimize = false
[DEBUG]   (f) outputDirectory = D:\workspace\ai\spring-security-boot\security-components\security-user\security-user-impl\target\test-classes
[DEBUG]   (f) parameters = false
[DEBUG]   (f) project = MavenProject: com.original.frame:security-user-impl:0.1.0-SNAPSHOT @ D:\workspace\ai\spring-security-boot\security-components\security-user\security-user-impl\pom.xml
[DEBUG]   (f) session = org.apache.maven.execution.MavenSession@7103ab0
[DEBUG]   (f) showDeprecation = false
[DEBUG]   (f) showWarnings = false
[DEBUG]   (f) skipMultiThreadWarning = false
[DEBUG]   (f) source = 1.8
[DEBUG]   (f) staleMillis = 0
[DEBUG]   (s) target = 1.8
[DEBUG]   (f) testPath = [D:\workspace\ai\spring-security-boot\security-components\security-user\security-user-impl\target\test-classes, D:\workspace\ai\spring-security-boot\security-components\security-user\security-user-impl\target\classes, D:\.m2\repository\com\original\frame\security-common\0.1.0-SNAPSHOT\security-common-0.1.0-SNAPSHOT.jar, D:\.m2\repository\org\slf4j\slf4j-api\1.7.36\slf4j-api-1.7.36.jar, D:\.m2\repository\com\original\frame\security-user-api\0.1.0-SNAPSHOT\security-user-api-0.1.0-SNAPSHOT.jar, D:\.m2\repository\com\original\frame\security-config-api\0.1.0-SNAPSHOT\security-config-api-0.1.0-SNAPSHOT.jar, D:\.m2\repository\org\springframework\boot\spring-boot-starter\2.7.18\spring-boot-starter-2.7.18.jar, D:\.m2\repository\org\springframework\boot\spring-boot\2.7.18\spring-boot-2.7.18.jar, D:\.m2\repository\org\springframework\spring-context\5.3.31\spring-context-5.3.31.jar, D:\.m2\repository\org\springframework\boot\spring-boot-autoconfigure\2.7.18\spring-boot-autoconfigure-2.7.18.jar, D:\.m2\repository\org\springframework\boot\spring-boot-starter-logging\2.7.18\spring-boot-starter-logging-2.7.18.jar, D:\.m2\repository\ch\qos\logback\logback-classic\1.2.12\logback-classic-1.2.12.jar, D:\.m2\repository\ch\qos\logback\logback-core\1.2.12\logback-core-1.2.12.jar, D:\.m2\repository\org\apache\logging\log4j\log4j-to-slf4j\2.17.2\log4j-to-slf4j-2.17.2.jar, D:\.m2\repository\org\apache\logging\log4j\log4j-api\2.17.2\log4j-api-2.17.2.jar, D:\.m2\repository\org\slf4j\jul-to-slf4j\1.7.36\jul-to-slf4j-1.7.36.jar, D:\.m2\repository\jakarta\annotation\jakarta.annotation-api\1.3.5\jakarta.annotation-api-1.3.5.jar, D:\.m2\repository\org\springframework\spring-core\5.3.31\spring-core-5.3.31.jar, D:\.m2\repository\org\springframework\spring-jcl\5.3.31\spring-jcl-5.3.31.jar, D:\.m2\repository\org\yaml\snakeyaml\1.30\snakeyaml-1.30.jar, D:\.m2\repository\org\springframework\boot\spring-boot-starter-web\2.7.18\spring-boot-starter-web-2.7.18.jar, D:\.m2\repository\org\springframework\boot\spring-boot-starter-json\2.7.18\spring-boot-starter-json-2.7.18.jar, D:\.m2\repository\com\fasterxml\jackson\core\jackson-databind\2.13.5\jackson-databind-2.13.5.jar, D:\.m2\repository\com\fasterxml\jackson\core\jackson-annotations\2.13.5\jackson-annotations-2.13.5.jar, D:\.m2\repository\com\fasterxml\jackson\core\jackson-core\2.13.5\jackson-core-2.13.5.jar, D:\.m2\repository\com\fasterxml\jackson\datatype\jackson-datatype-jdk8\2.13.5\jackson-datatype-jdk8-2.13.5.jar, D:\.m2\repository\com\fasterxml\jackson\datatype\jackson-datatype-jsr310\2.13.5\jackson-datatype-jsr310-2.13.5.jar, D:\.m2\repository\com\fasterxml\jackson\module\jackson-module-parameter-names\2.13.5\jackson-module-parameter-names-2.13.5.jar, D:\.m2\repository\org\springframework\boot\spring-boot-starter-tomcat\2.7.18\spring-boot-starter-tomcat-2.7.18.jar, D:\.m2\repository\org\apache\tomcat\embed\tomcat-embed-core\9.0.83\tomcat-embed-core-9.0.83.jar, D:\.m2\repository\org\apache\tomcat\embed\tomcat-embed-el\9.0.83\tomcat-embed-el-9.0.83.jar, D:\.m2\repository\org\apache\tomcat\embed\tomcat-embed-websocket\9.0.83\tomcat-embed-websocket-9.0.83.jar, D:\.m2\repository\org\springframework\spring-web\5.3.31\spring-web-5.3.31.jar, D:\.m2\repository\org\springframework\spring-beans\5.3.31\spring-beans-5.3.31.jar, D:\.m2\repository\org\springframework\spring-webmvc\5.3.31\spring-webmvc-5.3.31.jar, D:\.m2\repository\org\springframework\spring-aop\5.3.31\spring-aop-5.3.31.jar, D:\.m2\repository\org\springframework\spring-expression\5.3.31\spring-expression-5.3.31.jar, D:\.m2\repository\org\springframework\boot\spring-boot-starter-data-jpa\2.7.18\spring-boot-starter-data-jpa-2.7.18.jar, D:\.m2\repository\org\springframework\boot\spring-boot-starter-aop\2.7.18\spring-boot-starter-aop-2.7.18.jar, D:\.m2\repository\org\aspectj\aspectjweaver\1.9.7\aspectjweaver-1.9.7.jar, D:\.m2\repository\jakarta\transaction\jakarta.transaction-api\1.3.3\jakarta.transaction-api-1.3.3.jar, D:\.m2\repository\jakarta\persistence\jakarta.persistence-api\2.2.3\jakarta.persistence-api-2.2.3.jar, D:\.m2\repository\org\hibernate\hibernate-core\5.6.15.Final\hibernate-core-5.6.15.Final.jar, D:\.m2\repository\org\jboss\logging\jboss-logging\3.4.3.Final\jboss-logging-3.4.3.Final.jar, D:\.m2\repository\net\bytebuddy\byte-buddy\1.12.23\byte-buddy-1.12.23.jar, D:\.m2\repository\antlr\antlr\2.7.7\antlr-2.7.7.jar, D:\.m2\repository\org\jboss\jandex\2.4.2.Final\jandex-2.4.2.Final.jar, D:\.m2\repository\com\fasterxml\classmate\1.5.1\classmate-1.5.1.jar, D:\.m2\repository\org\hibernate\common\hibernate-commons-annotations\5.1.2.Final\hibernate-commons-annotations-5.1.2.Final.jar, D:\.m2\repository\org\glassfish\jaxb\jaxb-runtime\2.3.9\jaxb-runtime-2.3.9.jar, D:\.m2\repository\org\glassfish\jaxb\txw2\2.3.9\txw2-2.3.9.jar, D:\.m2\repository\com\sun\istack\istack-commons-runtime\3.0.12\istack-commons-runtime-3.0.12.jar, D:\.m2\repository\com\sun\activation\jakarta.activation\1.2.2\jakarta.activation-1.2.2.jar, D:\.m2\repository\org\springframework\data\spring-data-jpa\2.7.18\spring-data-jpa-2.7.18.jar, D:\.m2\repository\org\springframework\data\spring-data-commons\2.7.18\spring-data-commons-2.7.18.jar, D:\.m2\repository\org\springframework\spring-orm\5.3.31\spring-orm-5.3.31.jar, D:\.m2\repository\org\springframework\spring-tx\5.3.31\spring-tx-5.3.31.jar, D:\.m2\repository\org\springframework\spring-aspects\5.3.31\spring-aspects-5.3.31.jar, D:\.m2\repository\org\springframework\boot\spring-boot-starter-jdbc\2.7.18\spring-boot-starter-jdbc-2.7.18.jar, D:\.m2\repository\com\zaxxer\HikariCP\4.0.3\HikariCP-4.0.3.jar, D:\.m2\repository\org\springframework\spring-jdbc\5.3.31\spring-jdbc-5.3.31.jar, D:\.m2\repository\org\projectlombok\lombok\1.18.30\lombok-1.18.30.jar, D:\.m2\repository\org\springframework\boot\spring-boot-starter-test\2.7.18\spring-boot-starter-test-2.7.18.jar, D:\.m2\repository\org\springframework\boot\spring-boot-test\2.7.18\spring-boot-test-2.7.18.jar, D:\.m2\repository\org\springframework\boot\spring-boot-test-autoconfigure\2.7.18\spring-boot-test-autoconfigure-2.7.18.jar, D:\.m2\repository\com\jayway\jsonpath\json-path\2.7.0\json-path-2.7.0.jar, D:\.m2\repository\net\minidev\json-smart\2.4.11\json-smart-2.4.11.jar, D:\.m2\repository\net\minidev\accessors-smart\2.4.11\accessors-smart-2.4.11.jar, D:\.m2\repository\org\ow2\asm\asm\9.3\asm-9.3.jar, D:\.m2\repository\jakarta\xml\bind\jakarta.xml.bind-api\2.3.3\jakarta.xml.bind-api-2.3.3.jar, D:\.m2\repository\jakarta\activation\jakarta.activation-api\1.2.2\jakarta.activation-api-1.2.2.jar, D:\.m2\repository\org\assertj\assertj-core\3.22.0\assertj-core-3.22.0.jar, D:\.m2\repository\org\hamcrest\hamcrest\2.2\hamcrest-2.2.jar, D:\.m2\repository\org\junit\jupiter\junit-jupiter\5.8.2\junit-jupiter-5.8.2.jar, D:\.m2\repository\org\junit\jupiter\junit-jupiter-api\5.8.2\junit-jupiter-api-5.8.2.jar, D:\.m2\repository\org\opentest4j\opentest4j\1.2.0\opentest4j-1.2.0.jar, D:\.m2\repository\org\junit\platform\junit-platform-commons\1.8.2\junit-platform-commons-1.8.2.jar, D:\.m2\repository\org\apiguardian\apiguardian-api\1.1.2\apiguardian-api-1.1.2.jar, D:\.m2\repository\org\junit\jupiter\junit-jupiter-params\5.8.2\junit-jupiter-params-5.8.2.jar, D:\.m2\repository\org\junit\jupiter\junit-jupiter-engine\5.8.2\junit-jupiter-engine-5.8.2.jar, D:\.m2\repository\org\junit\platform\junit-platform-engine\1.8.2\junit-platform-engine-1.8.2.jar, D:\.m2\repository\org\mockito\mockito-core\4.5.1\mockito-core-4.5.1.jar, D:\.m2\repository\net\bytebuddy\byte-buddy-agent\1.12.23\byte-buddy-agent-1.12.23.jar, D:\.m2\repository\org\objenesis\objenesis\3.2\objenesis-3.2.jar, D:\.m2\repository\org\mockito\mockito-junit-jupiter\4.5.1\mockito-junit-jupiter-4.5.1.jar, D:\.m2\repository\org\skyscreamer\jsonassert\1.5.1\jsonassert-1.5.1.jar, D:\.m2\repository\com\vaadin\external\google\android-json\0.0.20131108.vaadin1\android-json-0.0.20131108.vaadin1.jar, D:\.m2\repository\org\springframework\spring-test\5.3.31\spring-test-5.3.31.jar, D:\.m2\repository\org\xmlunit\xmlunit-core\2.9.1\xmlunit-core-2.9.1.jar, D:\.m2\repository\com\h2database\h2\2.1.214\h2-2.1.214.jar]
[DEBUG]   (f) useIncrementalCompilation = true
[DEBUG]   (f) verbose = false
[DEBUG] -- end configuration --
[DEBUG] Using compiler 'javac'.
[DEBUG] Adding D:\workspace\ai\spring-security-boot\security-components\security-user\security-user-impl\target\generated-test-sources\test-annotations to test-compile source roots:
  D:\workspace\ai\spring-security-boot\security-components\security-user\security-user-impl\src\test\java
[DEBUG] New test-compile source roots:
  D:\workspace\ai\spring-security-boot\security-components\security-user\security-user-impl\src\test\java
  D:\workspace\ai\spring-security-boot\security-components\security-user\security-user-impl\target\generated-test-sources\test-annotations
[DEBUG] CompilerReuseStrategy: reuseCreated
[DEBUG] useIncrementalCompilation enabled
[INFO] Nothing to compile - all classes are up to date
[INFO] 
[INFO] --- surefire:3.0.0-M8:test (default-test) @ security-user-impl ---
[DEBUG] Using mirror epoint-nexus (http://192.168.0.99:8081/nexus/content/groups/public/) for jvnet-nexus-snapshots (https://maven.java.net/content/repositories/snapshots).
[DEBUG] Using mirror epoint-nexus (http://192.168.0.99:8081/nexus/content/groups/public/) for jboss-public-repository-group (http://repository.jboss.org/nexus/content/groups/public).
[DEBUG] Using mirror epoint-nexus (http://192.168.0.99:8081/nexus/content/groups/public/) for ow2-snapshot (https://repository.ow2.org/nexus/content/repositories/snapshots).
[DEBUG] Dependency collection stats {ConflictMarker.analyzeTime=301000, ConflictMarker.markTime=101200, ConflictMarker.nodeCount=76, ConflictIdSorter.graphTime=54800, ConflictIdSorter.topsortTime=45700, ConflictIdSorter.conflictIdCount=39, ConflictIdSorter.conflictIdCycleCount=0, ConflictResolver.totalTime=1642900, ConflictResolver.conflictItemCount=75, DfDependencyCollector.collectTime=94435600, DfDependencyCollector.transformTime=2172200}
[DEBUG] org.apache.maven.plugins:maven-surefire-plugin:jar:3.0.0-M8
[DEBUG]    org.apache.maven.surefire:maven-surefire-common:jar:3.0.0-M8:compile
[DEBUG]       org.apache.maven.surefire:surefire-api:jar:3.0.0-M8:compile
[DEBUG]          org.apache.maven.surefire:surefire-logger-api:jar:3.0.0-M8:compile
[DEBUG]       org.apache.maven.surefire:surefire-extensions-api:jar:3.0.0-M8:compile
[DEBUG]       org.apache.maven.surefire:surefire-booter:jar:3.0.0-M8:compile
[DEBUG]          org.apache.maven.surefire:surefire-extensions-spi:jar:3.0.0-M8:compile
[DEBUG]       org.apache.maven.shared:maven-common-artifact-filters:jar:3.1.1:compile (version managed from default) (exclusions managed from default)
[DEBUG]          org.apache.maven:maven-artifact:jar:3.2.5:provided (scope managed from default) (version managed from default)
[DEBUG]             org.codehaus.plexus:plexus-utils:jar:3.3.0:provided (version managed from default)
[DEBUG]          org.apache.maven:maven-core:jar:3.2.5:provided (scope managed from default) (version managed from default)
[DEBUG]             org.apache.maven:maven-settings:jar:3.2.5:provided (version managed from default)
[DEBUG]             org.apache.maven:maven-settings-builder:jar:3.2.5:provided
[DEBUG]             org.apache.maven:maven-repository-metadata:jar:3.2.5:provided
[DEBUG]             org.apache.maven:maven-model-builder:jar:3.2.5:provided
[DEBUG]             org.apache.maven:maven-aether-provider:jar:3.2.5:provided
[DEBUG]                org.eclipse.aether:aether-spi:jar:1.0.0.v20140518:provided
[DEBUG]             org.eclipse.aether:aether-impl:jar:1.0.0.v20140518:provided
[DEBUG]             org.eclipse.aether:aether-api:jar:1.0.0.v20140518:provided
[DEBUG]             org.eclipse.aether:aether-util:jar:1.0.0.v20140518:provided
[DEBUG]             org.eclipse.sisu:org.eclipse.sisu.plexus:jar:0.3.5:provided (version managed from default)
[DEBUG]                javax.annotation:javax.annotation-api:jar:1.2:provided
[DEBUG]                javax.enterprise:cdi-api:jar:1.2:provided
[DEBUG]                org.eclipse.sisu:org.eclipse.sisu.inject:jar:0.3.5:provided (version managed from default)
[DEBUG]             org.sonatype.sisu:sisu-guice:jar:no_aop:3.2.3:provided
[DEBUG]                javax.inject:javax.inject:jar:1:provided
[DEBUG]                aopalliance:aopalliance:jar:1.0:provided
[DEBUG]                com.google.guava:guava:jar:16.0.1:provided
[DEBUG]             org.codehaus.plexus:plexus-interpolation:jar:1.21:provided
[DEBUG]             org.codehaus.plexus:plexus-classworlds:jar:2.5.2:provided
[DEBUG]             org.codehaus.plexus:plexus-component-annotations:jar:2.1.1:provided (version managed from default)
[DEBUG]             org.sonatype.plexus:plexus-sec-dispatcher:jar:1.3:provided
[DEBUG]                org.sonatype.plexus:plexus-cipher:jar:1.4:provided
[DEBUG]          org.apache.maven:maven-plugin-api:jar:3.2.5:provided (scope managed from default) (version managed from default)
[DEBUG]          commons-io:commons-io:jar:2.11.0:compile (version managed from default)
[DEBUG]       org.codehaus.plexus:plexus-java:jar:1.1.2:compile (version managed from default)
[DEBUG]          org.ow2.asm:asm:jar:9.4:compile
[DEBUG]          com.thoughtworks.qdox:qdox:jar:2.0.3:compile
[DEBUG]       org.apache.maven.surefire:surefire-shared-utils:jar:3.0.0-M8:compile
[DEBUG] Created new class realm plugin>org.apache.maven.plugins:maven-surefire-plugin:3.0.0-M8
[DEBUG] Importing foreign packages into class realm plugin>org.apache.maven.plugins:maven-surefire-plugin:3.0.0-M8
[DEBUG]   Imported:  < maven.api
[DEBUG] Populating class realm plugin>org.apache.maven.plugins:maven-surefire-plugin:3.0.0-M8
[DEBUG]   Included: org.apache.maven.plugins:maven-surefire-plugin:jar:3.0.0-M8
[DEBUG]   Included: org.apache.maven.surefire:maven-surefire-common:jar:3.0.0-M8
[DEBUG]   Included: org.apache.maven.surefire:surefire-api:jar:3.0.0-M8
[DEBUG]   Included: org.apache.maven.surefire:surefire-logger-api:jar:3.0.0-M8
[DEBUG]   Included: org.apache.maven.surefire:surefire-extensions-api:jar:3.0.0-M8
[DEBUG]   Included: org.apache.maven.surefire:surefire-booter:jar:3.0.0-M8
[DEBUG]   Included: org.apache.maven.surefire:surefire-extensions-spi:jar:3.0.0-M8
[DEBUG]   Included: org.apache.maven.shared:maven-common-artifact-filters:jar:3.1.1
[DEBUG]   Included: commons-io:commons-io:jar:2.11.0
[DEBUG]   Included: org.codehaus.plexus:plexus-java:jar:1.1.2
[DEBUG]   Included: org.ow2.asm:asm:jar:9.4
[DEBUG]   Included: com.thoughtworks.qdox:qdox:jar:2.0.3
[DEBUG]   Included: org.apache.maven.surefire:surefire-shared-utils:jar:3.0.0-M8
[DEBUG] Loading mojo org.apache.maven.plugins:maven-surefire-plugin:3.0.0-M8:test from plugin realm ClassRealm[plugin>org.apache.maven.plugins:maven-surefire-plugin:3.0.0-M8, parent: sun.misc.Launcher$AppClassLoader@70dea4e]
[DEBUG] Configuring mojo execution 'org.apache.maven.plugins:maven-surefire-plugin:3.0.0-M8:test:default-test' with basic configurator -->
[DEBUG]   (s) additionalClasspathElements = []
[DEBUG]   (s) basedir = D:\workspace\ai\spring-security-boot\security-components\security-user\security-user-impl
[DEBUG]   (s) childDelegation = false
[DEBUG]   (f) classesDirectory = D:\workspace\ai\spring-security-boot\security-components\security-user\security-user-impl\target\classes
[DEBUG]   (s) classpathDependencyExcludes = []
[DEBUG]   (s) dependenciesToScan = []
[DEBUG]   (s) disableXmlReport = false
[DEBUG]   (s) enableAssertions = true
[DEBUG]   (s) excludeJUnit5Engines = []
[DEBUG]   (f) excludedEnvironmentVariables = []
[DEBUG]   (s) excludes = []
[DEBUG]   (s) failIfNoSpecifiedTests = true
[DEBUG]   (s) failIfNoTests = false
[DEBUG]   (s) failOnFlakeCount = 0
[DEBUG]   (f) forkCount = 1
[DEBUG]   (s) forkedProcessExitTimeoutInSeconds = 30
[DEBUG]   (s) includeJUnit5Engines = []
[DEBUG]   (s) includes = []
[DEBUG]   (s) junitArtifactName = junit:junit
[DEBUG]   (s) localRepository =       id: local
      url: file:///D:/.m2/repository/
   layout: default
snapshots: [enabled => true, update => always]
 releases: [enabled => true, update => always]
   blocked: false

[DEBUG]   (f) parallelMavenExecution = false
[DEBUG]   (s) parallelOptimized = true
[DEBUG]   (s) perCoreThreadCount = true
[DEBUG]   (s) pluginArtifactMap = {org.apache.maven.plugins:maven-surefire-plugin=org.apache.maven.plugins:maven-surefire-plugin:maven-plugin:3.0.0-M8:, org.apache.maven.surefire:maven-surefire-common=org.apache.maven.surefire:maven-surefire-common:jar:3.0.0-M8:compile, org.apache.maven.surefire:surefire-api=org.apache.maven.surefire:surefire-api:jar:3.0.0-M8:compile, org.apache.maven.surefire:surefire-logger-api=org.apache.maven.surefire:surefire-logger-api:jar:3.0.0-M8:compile, org.apache.maven.surefire:surefire-extensions-api=org.apache.maven.surefire:surefire-extensions-api:jar:3.0.0-M8:compile, org.apache.maven.surefire:surefire-booter=org.apache.maven.surefire:surefire-booter:jar:3.0.0-M8:compile, org.apache.maven.surefire:surefire-extensions-spi=org.apache.maven.surefire:surefire-extensions-spi:jar:3.0.0-M8:compile, org.apache.maven.shared:maven-common-artifact-filters=org.apache.maven.shared:maven-common-artifact-filters:jar:3.1.1:compile, commons-io:commons-io=commons-io:commons-io:jar:2.11.0:compile, org.codehaus.plexus:plexus-java=org.codehaus.plexus:plexus-java:jar:1.1.2:compile, org.ow2.asm:asm=org.ow2.asm:asm:jar:9.4:compile, com.thoughtworks.qdox:qdox=com.thoughtworks.qdox:qdox:jar:2.0.3:compile, org.apache.maven.surefire:surefire-shared-utils=org.apache.maven.surefire:surefire-shared-utils:jar:3.0.0-M8:compile}
[DEBUG]   (f) pluginDescriptor = Component Descriptor: role: 'org.apache.maven.plugin.Mojo', implementation: 'org.apache.maven.plugin.surefire.HelpMojo', role hint: 'org.apache.maven.plugins:maven-surefire-plugin:3.0.0-M8:help'
role: 'org.apache.maven.plugin.Mojo', implementation: 'org.apache.maven.plugin.surefire.SurefirePlugin', role hint: 'org.apache.maven.plugins:maven-surefire-plugin:3.0.0-M8:test'
---
[DEBUG]   (s) printSummary = true
[DEBUG]   (s) project = MavenProject: com.original.frame:security-user-impl:0.1.0-SNAPSHOT @ D:\workspace\ai\spring-security-boot\security-components\security-user\security-user-impl\pom.xml
[DEBUG]   (s) projectArtifactMap = {com.original.frame:security-common=com.original.frame:security-common:jar:0.1.0-SNAPSHOT:compile, org.slf4j:slf4j-api=org.slf4j:slf4j-api:jar:1.7.36:compile, com.original.frame:security-user-api=com.original.frame:security-user-api:jar:0.1.0-SNAPSHOT:compile, com.original.frame:security-config-api=com.original.frame:security-config-api:jar:0.1.0-SNAPSHOT:compile, org.springframework.boot:spring-boot-starter=org.springframework.boot:spring-boot-starter:jar:2.7.18:compile, org.springframework.boot:spring-boot=org.springframework.boot:spring-boot:jar:2.7.18:compile, org.springframework:spring-context=org.springframework:spring-context:jar:5.3.31:compile, org.springframework.boot:spring-boot-autoconfigure=org.springframework.boot:spring-boot-autoconfigure:jar:2.7.18:compile, org.springframework.boot:spring-boot-starter-logging=org.springframework.boot:spring-boot-starter-logging:jar:2.7.18:compile, ch.qos.logback:logback-classic=ch.qos.logback:logback-classic:jar:1.2.12:compile, ch.qos.logback:logback-core=ch.qos.logback:logback-core:jar:1.2.12:compile, org.apache.logging.log4j:log4j-to-slf4j=org.apache.logging.log4j:log4j-to-slf4j:jar:2.17.2:compile, org.apache.logging.log4j:log4j-api=org.apache.logging.log4j:log4j-api:jar:2.17.2:compile, org.slf4j:jul-to-slf4j=org.slf4j:jul-to-slf4j:jar:1.7.36:compile, jakarta.annotation:jakarta.annotation-api=jakarta.annotation:jakarta.annotation-api:jar:1.3.5:compile, org.springframework:spring-core=org.springframework:spring-core:jar:5.3.31:compile, org.springframework:spring-jcl=org.springframework:spring-jcl:jar:5.3.31:compile, org.yaml:snakeyaml=org.yaml:snakeyaml:jar:1.30:compile, org.springframework.boot:spring-boot-starter-web=org.springframework.boot:spring-boot-starter-web:jar:2.7.18:compile, org.springframework.boot:spring-boot-starter-json=org.springframework.boot:spring-boot-starter-json:jar:2.7.18:compile, com.fasterxml.jackson.core:jackson-databind=com.fasterxml.jackson.core:jackson-databind:jar:2.13.5:compile, com.fasterxml.jackson.core:jackson-annotations=com.fasterxml.jackson.core:jackson-annotations:jar:2.13.5:compile, com.fasterxml.jackson.core:jackson-core=com.fasterxml.jackson.core:jackson-core:jar:2.13.5:compile, com.fasterxml.jackson.datatype:jackson-datatype-jdk8=com.fasterxml.jackson.datatype:jackson-datatype-jdk8:jar:2.13.5:compile, com.fasterxml.jackson.datatype:jackson-datatype-jsr310=com.fasterxml.jackson.datatype:jackson-datatype-jsr310:jar:2.13.5:compile, com.fasterxml.jackson.module:jackson-module-parameter-names=com.fasterxml.jackson.module:jackson-module-parameter-names:jar:2.13.5:compile, org.springframework.boot:spring-boot-starter-tomcat=org.springframework.boot:spring-boot-starter-tomcat:jar:2.7.18:compile, org.apache.tomcat.embed:tomcat-embed-core=org.apache.tomcat.embed:tomcat-embed-core:jar:9.0.83:compile, org.apache.tomcat.embed:tomcat-embed-el=org.apache.tomcat.embed:tomcat-embed-el:jar:9.0.83:compile, org.apache.tomcat.embed:tomcat-embed-websocket=org.apache.tomcat.embed:tomcat-embed-websocket:jar:9.0.83:compile, org.springframework:spring-web=org.springframework:spring-web:jar:5.3.31:compile, org.springframework:spring-beans=org.springframework:spring-beans:jar:5.3.31:compile, org.springframework:spring-webmvc=org.springframework:spring-webmvc:jar:5.3.31:compile, org.springframework:spring-aop=org.springframework:spring-aop:jar:5.3.31:compile, org.springframework:spring-expression=org.springframework:spring-expression:jar:5.3.31:compile, org.springframework.boot:spring-boot-starter-data-jpa=org.springframework.boot:spring-boot-starter-data-jpa:jar:2.7.18:compile, org.springframework.boot:spring-boot-starter-aop=org.springframework.boot:spring-boot-starter-aop:jar:2.7.18:compile, org.aspectj:aspectjweaver=org.aspectj:aspectjweaver:jar:1.9.7:compile, jakarta.transaction:jakarta.transaction-api=jakarta.transaction:jakarta.transaction-api:jar:1.3.3:compile, jakarta.persistence:jakarta.persistence-api=jakarta.persistence:jakarta.persistence-api:jar:2.2.3:compile, org.hibernate:hibernate-core=org.hibernate:hibernate-core:jar:5.6.15.Final:compile, org.jboss.logging:jboss-logging=org.jboss.logging:jboss-logging:jar:3.4.3.Final:compile, net.bytebuddy:byte-buddy=net.bytebuddy:byte-buddy:jar:1.12.23:compile, antlr:antlr=antlr:antlr:jar:2.7.7:compile, org.jboss:jandex=org.jboss:jandex:jar:2.4.2.Final:compile, com.fasterxml:classmate=com.fasterxml:classmate:jar:1.5.1:compile, org.hibernate.common:hibernate-commons-annotations=org.hibernate.common:hibernate-commons-annotations:jar:5.1.2.Final:compile, org.glassfish.jaxb:jaxb-runtime=org.glassfish.jaxb:jaxb-runtime:jar:2.3.9:compile, org.glassfish.jaxb:txw2=org.glassfish.jaxb:txw2:jar:2.3.9:compile, com.sun.istack:istack-commons-runtime=com.sun.istack:istack-commons-runtime:jar:3.0.12:compile, com.sun.activation:jakarta.activation=com.sun.activation:jakarta.activation:jar:1.2.2:runtime, org.springframework.data:spring-data-jpa=org.springframework.data:spring-data-jpa:jar:2.7.18:compile, org.springframework.data:spring-data-commons=org.springframework.data:spring-data-commons:jar:2.7.18:compile, org.springframework:spring-orm=org.springframework:spring-orm:jar:5.3.31:compile, org.springframework:spring-tx=org.springframework:spring-tx:jar:5.3.31:compile, org.springframework:spring-aspects=org.springframework:spring-aspects:jar:5.3.31:compile, org.springframework.boot:spring-boot-starter-jdbc=org.springframework.boot:spring-boot-starter-jdbc:jar:2.7.18:compile, com.zaxxer:HikariCP=com.zaxxer:HikariCP:jar:4.0.3:compile, org.springframework:spring-jdbc=org.springframework:spring-jdbc:jar:5.3.31:compile, org.projectlombok:lombok=org.projectlombok:lombok:jar:1.18.30:compile, org.springframework.boot:spring-boot-starter-test=org.springframework.boot:spring-boot-starter-test:jar:2.7.18:test, org.springframework.boot:spring-boot-test=org.springframework.boot:spring-boot-test:jar:2.7.18:test, org.springframework.boot:spring-boot-test-autoconfigure=org.springframework.boot:spring-boot-test-autoconfigure:jar:2.7.18:test, com.jayway.jsonpath:json-path=com.jayway.jsonpath:json-path:jar:2.7.0:test, net.minidev:json-smart=net.minidev:json-smart:jar:2.4.11:test, net.minidev:accessors-smart=net.minidev:accessors-smart:jar:2.4.11:test, org.ow2.asm:asm=org.ow2.asm:asm:jar:9.3:test, jakarta.xml.bind:jakarta.xml.bind-api=jakarta.xml.bind:jakarta.xml.bind-api:jar:2.3.3:compile, jakarta.activation:jakarta.activation-api=jakarta.activation:jakarta.activation-api:jar:1.2.2:compile, org.assertj:assertj-core=org.assertj:assertj-core:jar:3.22.0:test, org.hamcrest:hamcrest=org.hamcrest:hamcrest:jar:2.2:test, org.junit.jupiter:junit-jupiter=org.junit.jupiter:junit-jupiter:jar:5.8.2:test, org.junit.jupiter:junit-jupiter-api=org.junit.jupiter:junit-jupiter-api:jar:5.8.2:test, org.opentest4j:opentest4j=org.opentest4j:opentest4j:jar:1.2.0:test, org.junit.platform:junit-platform-commons=org.junit.platform:junit-platform-commons:jar:1.8.2:test, org.apiguardian:apiguardian-api=org.apiguardian:apiguardian-api:jar:1.1.2:test, org.junit.jupiter:junit-jupiter-params=org.junit.jupiter:junit-jupiter-params:jar:5.8.2:test, org.junit.jupiter:junit-jupiter-engine=org.junit.jupiter:junit-jupiter-engine:jar:5.8.2:test, org.junit.platform:junit-platform-engine=org.junit.platform:junit-platform-engine:jar:1.8.2:test, org.mockito:mockito-core=org.mockito:mockito-core:jar:4.5.1:test, net.bytebuddy:byte-buddy-agent=net.bytebuddy:byte-buddy-agent:jar:1.12.23:test, org.objenesis:objenesis=org.objenesis:objenesis:jar:3.2:test, org.mockito:mockito-junit-jupiter=org.mockito:mockito-junit-jupiter:jar:4.5.1:test, org.skyscreamer:jsonassert=org.skyscreamer:jsonassert:jar:1.5.1:test, com.vaadin.external.google:android-json=com.vaadin.external.google:android-json:jar:0.0.20131108.vaadin1:test, org.springframework:spring-test=org.springframework:spring-test:jar:5.3.31:test, org.xmlunit:xmlunit-core=org.xmlunit:xmlunit-core:jar:2.9.1:test, com.h2database:h2=com.h2database:h2:jar:2.1.214:test}
[DEBUG]   (s) projectBuildDirectory = D:\workspace\ai\spring-security-boot\security-components\security-user\security-user-impl\target
[DEBUG]   (s) projectRemoteRepositories = [      id: epoint-nexus
      url: http://192.168.0.99:8081/nexus/content/groups/public/
   layout: default
snapshots: [enabled => true, update => daily]
 releases: [enabled => true, update => daily]
   blocked: false
,       id: nexus-aliyun
      url: http://maven.aliyun.com/nexus/content/groups/public
   layout: default
snapshots: [enabled => false, update => daily]
 releases: [enabled => true, update => daily]
   blocked: false
]
[DEBUG]   (s) redirectTestOutputToFile = false
[DEBUG]   (s) remoteRepositories = [      id: epoint-nexus
      url: http://192.168.0.99:8081/nexus/content/groups/public/
   layout: default
snapshots: [enabled => true, update => daily]
 releases: [enabled => true, update => daily]
   blocked: false
,       id: nexus-aliyun
      url: http://maven.aliyun.com/nexus/content/groups/public
   layout: default
snapshots: [enabled => false, update => daily]
 releases: [enabled => true, update => never]
   blocked: false
]
[DEBUG]   (s) reportFormat = brief
[DEBUG]   (s) reportsDirectory = D:\workspace\ai\spring-security-boot\security-components\security-user\security-user-impl\target\surefire-reports
[DEBUG]   (f) rerunFailingTestsCount = 0
[DEBUG]   (f) reuseForks = true
[DEBUG]   (s) runOrder = filesystem
[DEBUG]   (s) session = org.apache.maven.execution.MavenSession@7103ab0
[DEBUG]   (f) shutdown = exit
[DEBUG]   (s) skip = false
[DEBUG]   (f) skipAfterFailureCount = 0
[DEBUG]   (s) skipTests = false
[DEBUG]   (s) suiteXmlFiles = []
[DEBUG]   (s) tempDir = surefire
[DEBUG]   (s) test = SchemaInitializationTest
[DEBUG]   (s) testClassesDirectory = D:\workspace\ai\spring-security-boot\security-components\security-user\security-user-impl\target\test-classes
[DEBUG]   (s) testFailureIgnore = false
[DEBUG]   (s) testNGArtifactName = org.testng:testng
[DEBUG]   (s) testSourceDirectory = D:\workspace\ai\spring-security-boot\security-components\security-user\security-user-impl\src\test\java
[DEBUG]   (s) threadCountClasses = 0
[DEBUG]   (s) threadCountMethods = 0
[DEBUG]   (s) threadCountSuites = 0
[DEBUG]   (s) trimStackTrace = false
[DEBUG]   (s) useFile = true
[DEBUG]   (s) useManifestOnlyJar = true
[DEBUG]   (f) useModulePath = true
[DEBUG]   (s) useSystemClassLoader = true
[DEBUG]   (s) useUnlimitedThreads = false
[DEBUG]   (s) workingDirectory = D:\workspace\ai\spring-security-boot\security-components\security-user\security-user-impl
[DEBUG] -- end configuration --
[DEBUG] Using JVM: D:\middleware\jdk1.8.0_60\jre\bin\java with Java version 1.8
[DEBUG] Resolved included and excluded patterns: SchemaInitializationTest
[DEBUG] Surefire report directory: D:\workspace\ai\spring-security-boot\security-components\security-user\security-user-impl\target\surefire-reports
[INFO] Using auto detected provider org.apache.maven.surefire.junitplatform.JUnitPlatformProvider
[DEBUG] Using the provider org.apache.maven.surefire.junitplatform.JUnitPlatformProvider
[DEBUG] Setting system property [localRepository]=[D:\.m2\repository]
[DEBUG] Setting system property [basedir]=[D:\workspace\ai\spring-security-boot\security-components\security-user\security-user-impl]
[DEBUG] Setting system property [test]=[SchemaInitializationTest]
[DEBUG] Adding to surefire booter test classpath: D:\.m2\repository\org\apache\maven\surefire\surefire-booter\3.0.0-M8\surefire-booter-3.0.0-M8.jar Scope: compile
[DEBUG] Adding to surefire booter test classpath: D:\.m2\repository\org\apache\maven\surefire\surefire-api\3.0.0-M8\surefire-api-3.0.0-M8.jar Scope: compile
[DEBUG] Adding to surefire booter test classpath: D:\.m2\repository\org\apache\maven\surefire\surefire-logger-api\3.0.0-M8\surefire-logger-api-3.0.0-M8.jar Scope: compile
[DEBUG] Adding to surefire booter test classpath: D:\.m2\repository\org\apache\maven\surefire\surefire-shared-utils\3.0.0-M8\surefire-shared-utils-3.0.0-M8.jar Scope: compile
[DEBUG] Adding to surefire booter test classpath: D:\.m2\repository\org\apache\maven\surefire\surefire-extensions-spi\3.0.0-M8\surefire-extensions-spi-3.0.0-M8.jar Scope: compile
[DEBUG] Found implementation of fork node factory: org.apache.maven.plugin.surefire.extensions.LegacyForkNodeFactory
[DEBUG] Adding to surefire test classpath: D:\.m2\repository\org\apache\maven\surefire\surefire-junit-platform\3.0.0-M8\surefire-junit-platform-3.0.0-M8.jar Scope: null
[DEBUG] Adding to surefire test classpath: D:\.m2\repository\org\apache\maven\surefire\common-java5\3.0.0-M8\common-java5-3.0.0-M8.jar Scope: compile
[DEBUG] Adding to surefire test classpath: D:\.m2\repository\org\apache\maven\surefire\surefire-shared-utils\3.0.0-M8\surefire-shared-utils-3.0.0-M8.jar Scope: compile
[DEBUG] Adding to surefire test classpath: D:\.m2\repository\org\apache\maven\surefire\surefire-api\3.0.0-M8\surefire-api-3.0.0-M8.jar Scope: compile
[DEBUG] Adding to surefire test classpath: D:\.m2\repository\org\apache\maven\surefire\surefire-logger-api\3.0.0-M8\surefire-logger-api-3.0.0-M8.jar Scope: compile
[DEBUG] Adding to surefire test classpath: D:\.m2\repository\org\junit\platform\junit-platform-launcher\1.3.2\junit-platform-launcher-1.3.2.jar Scope: compile
[DEBUG] Adding to surefire test classpath: D:\.m2\repository\org\apiguardian\apiguardian-api\1.0.0\apiguardian-api-1.0.0.jar Scope: compile
[DEBUG] Adding to surefire test classpath: D:\.m2\repository\org\junit\platform\junit-platform-engine\1.3.2\junit-platform-engine-1.3.2.jar Scope: compile
[DEBUG] Adding to surefire test classpath: D:\.m2\repository\org\junit\platform\junit-platform-commons\1.3.2\junit-platform-commons-1.3.2.jar Scope: compile
[DEBUG] Adding to surefire test classpath: D:\.m2\repository\org\opentest4j\opentest4j\1.1.1\opentest4j-1.1.1.jar Scope: compile
[DEBUG] Resolving artifact org.junit.platform:junit-platform-launcher:1.8.2
[DEBUG] Resolved artifact org.junit.platform:junit-platform-launcher:1.8.2 to [org.junit.platform:junit-platform-launcher:jar:1.8.2, org.junit.platform:junit-platform-engine:jar:1.8.2:compile, org.opentest4j:opentest4j:jar:1.2.0:compile, org.junit.platform:junit-platform-commons:jar:1.8.2:compile, org.apiguardian:apiguardian-api:jar:1.1.2:compile]
[DEBUG] test classpath:  D:\workspace\ai\spring-security-boot\security-components\security-user\security-user-impl\target\test-classes  D:\workspace\ai\spring-security-boot\security-components\security-user\security-user-impl\target\classes  D:\.m2\repository\com\original\frame\security-common\0.1.0-SNAPSHOT\security-common-0.1.0-SNAPSHOT.jar  D:\.m2\repository\org\slf4j\slf4j-api\1.7.36\slf4j-api-1.7.36.jar  D:\.m2\repository\com\original\frame\security-user-api\0.1.0-SNAPSHOT\security-user-api-0.1.0-SNAPSHOT.jar  D:\.m2\repository\com\original\frame\security-config-api\0.1.0-SNAPSHOT\security-config-api-0.1.0-SNAPSHOT.jar  D:\.m2\repository\org\springframework\boot\spring-boot-starter\2.7.18\spring-boot-starter-2.7.18.jar  D:\.m2\repository\org\springframework\boot\spring-boot\2.7.18\spring-boot-2.7.18.jar  D:\.m2\repository\org\springframework\spring-context\5.3.31\spring-context-5.3.31.jar  D:\.m2\repository\org\springframework\boot\spring-boot-autoconfigure\2.7.18\spring-boot-autoconfigure-2.7.18.jar  D:\.m2\repository\org\springframework\boot\spring-boot-starter-logging\2.7.18\spring-boot-starter-logging-2.7.18.jar  D:\.m2\repository\ch\qos\logback\logback-classic\1.2.12\logback-classic-1.2.12.jar  D:\.m2\repository\ch\qos\logback\logback-core\1.2.12\logback-core-1.2.12.jar  D:\.m2\repository\org\apache\logging\log4j\log4j-to-slf4j\2.17.2\log4j-to-slf4j-2.17.2.jar  D:\.m2\repository\org\apache\logging\log4j\log4j-api\2.17.2\log4j-api-2.17.2.jar  D:\.m2\repository\org\slf4j\jul-to-slf4j\1.7.36\jul-to-slf4j-1.7.36.jar  D:\.m2\repository\jakarta\annotation\jakarta.annotation-api\1.3.5\jakarta.annotation-api-1.3.5.jar  D:\.m2\repository\org\springframework\spring-core\5.3.31\spring-core-5.3.31.jar  D:\.m2\repository\org\springframework\spring-jcl\5.3.31\spring-jcl-5.3.31.jar  D:\.m2\repository\org\yaml\snakeyaml\1.30\snakeyaml-1.30.jar  D:\.m2\repository\org\springframework\boot\spring-boot-starter-web\2.7.18\spring-boot-starter-web-2.7.18.jar  D:\.m2\repository\org\springframework\boot\spring-boot-starter-json\2.7.18\spring-boot-starter-json-2.7.18.jar  D:\.m2\repository\com\fasterxml\jackson\core\jackson-databind\2.13.5\jackson-databind-2.13.5.jar  D:\.m2\repository\com\fasterxml\jackson\core\jackson-annotations\2.13.5\jackson-annotations-2.13.5.jar  D:\.m2\repository\com\fasterxml\jackson\core\jackson-core\2.13.5\jackson-core-2.13.5.jar  D:\.m2\repository\com\fasterxml\jackson\datatype\jackson-datatype-jdk8\2.13.5\jackson-datatype-jdk8-2.13.5.jar  D:\.m2\repository\com\fasterxml\jackson\datatype\jackson-datatype-jsr310\2.13.5\jackson-datatype-jsr310-2.13.5.jar  D:\.m2\repository\com\fasterxml\jackson\module\jackson-module-parameter-names\2.13.5\jackson-module-parameter-names-2.13.5.jar  D:\.m2\repository\org\springframework\boot\spring-boot-starter-tomcat\2.7.18\spring-boot-starter-tomcat-2.7.18.jar  D:\.m2\repository\org\apache\tomcat\embed\tomcat-embed-core\9.0.83\tomcat-embed-core-9.0.83.jar  D:\.m2\repository\org\apache\tomcat\embed\tomcat-embed-el\9.0.83\tomcat-embed-el-9.0.83.jar  D:\.m2\repository\org\apache\tomcat\embed\tomcat-embed-websocket\9.0.83\tomcat-embed-websocket-9.0.83.jar  D:\.m2\repository\org\springframework\spring-web\5.3.31\spring-web-5.3.31.jar  D:\.m2\repository\org\springframework\spring-beans\5.3.31\spring-beans-5.3.31.jar  D:\.m2\repository\org\springframework\spring-webmvc\5.3.31\spring-webmvc-5.3.31.jar  D:\.m2\repository\org\springframework\spring-aop\5.3.31\spring-aop-5.3.31.jar  D:\.m2\repository\org\springframework\spring-expression\5.3.31\spring-expression-5.3.31.jar  D:\.m2\repository\org\springframework\boot\spring-boot-starter-data-jpa\2.7.18\spring-boot-starter-data-jpa-2.7.18.jar  D:\.m2\repository\org\springframework\boot\spring-boot-starter-aop\2.7.18\spring-boot-starter-aop-2.7.18.jar  D:\.m2\repository\org\aspectj\aspectjweaver\1.9.7\aspectjweaver-1.9.7.jar  D:\.m2\repository\jakarta\transaction\jakarta.transaction-api\1.3.3\jakarta.transaction-api-1.3.3.jar  D:\.m2\repository\jakarta\persistence\jakarta.persistence-api\2.2.3\jakarta.persistence-api-2.2.3.jar  D:\.m2\repository\org\hibernate\hibernate-core\5.6.15.Final\hibernate-core-5.6.15.Final.jar  D:\.m2\repository\org\jboss\logging\jboss-logging\3.4.3.Final\jboss-logging-3.4.3.Final.jar  D:\.m2\repository\net\bytebuddy\byte-buddy\1.12.23\byte-buddy-1.12.23.jar  D:\.m2\repository\antlr\antlr\2.7.7\antlr-2.7.7.jar  D:\.m2\repository\org\jboss\jandex\2.4.2.Final\jandex-2.4.2.Final.jar  D:\.m2\repository\com\fasterxml\classmate\1.5.1\classmate-1.5.1.jar  D:\.m2\repository\org\hibernate\common\hibernate-commons-annotations\5.1.2.Final\hibernate-commons-annotations-5.1.2.Final.jar  D:\.m2\repository\org\glassfish\jaxb\jaxb-runtime\2.3.9\jaxb-runtime-2.3.9.jar  D:\.m2\repository\org\glassfish\jaxb\txw2\2.3.9\txw2-2.3.9.jar  D:\.m2\repository\com\sun\istack\istack-commons-runtime\3.0.12\istack-commons-runtime-3.0.12.jar  D:\.m2\repository\com\sun\activation\jakarta.activation\1.2.2\jakarta.activation-1.2.2.jar  D:\.m2\repository\org\springframework\data\spring-data-jpa\2.7.18\spring-data-jpa-2.7.18.jar  D:\.m2\repository\org\springframework\data\spring-data-commons\2.7.18\spring-data-commons-2.7.18.jar  D:\.m2\repository\org\springframework\spring-orm\5.3.31\spring-orm-5.3.31.jar  D:\.m2\repository\org\springframework\spring-tx\5.3.31\spring-tx-5.3.31.jar  D:\.m2\repository\org\springframework\spring-aspects\5.3.31\spring-aspects-5.3.31.jar  D:\.m2\repository\org\springframework\boot\spring-boot-starter-jdbc\2.7.18\spring-boot-starter-jdbc-2.7.18.jar  D:\.m2\repository\com\zaxxer\HikariCP\4.0.3\HikariCP-4.0.3.jar  D:\.m2\repository\org\springframework\spring-jdbc\5.3.31\spring-jdbc-5.3.31.jar  D:\.m2\repository\org\projectlombok\lombok\1.18.30\lombok-1.18.30.jar  D:\.m2\repository\org\springframework\boot\spring-boot-starter-test\2.7.18\spring-boot-starter-test-2.7.18.jar  D:\.m2\repository\org\springframework\boot\spring-boot-test\2.7.18\spring-boot-test-2.7.18.jar  D:\.m2\repository\org\springframework\boot\spring-boot-test-autoconfigure\2.7.18\spring-boot-test-autoconfigure-2.7.18.jar  D:\.m2\repository\com\jayway\jsonpath\json-path\2.7.0\json-path-2.7.0.jar  D:\.m2\repository\net\minidev\json-smart\2.4.11\json-smart-2.4.11.jar  D:\.m2\repository\net\minidev\accessors-smart\2.4.11\accessors-smart-2.4.11.jar  D:\.m2\repository\org\ow2\asm\asm\9.3\asm-9.3.jar  D:\.m2\repository\jakarta\xml\bind\jakarta.xml.bind-api\2.3.3\jakarta.xml.bind-api-2.3.3.jar  D:\.m2\repository\jakarta\activation\jakarta.activation-api\1.2.2\jakarta.activation-api-1.2.2.jar  D:\.m2\repository\org\assertj\assertj-core\3.22.0\assertj-core-3.22.0.jar  D:\.m2\repository\org\hamcrest\hamcrest\2.2\hamcrest-2.2.jar  D:\.m2\repository\org\junit\jupiter\junit-jupiter\5.8.2\junit-jupiter-5.8.2.jar  D:\.m2\repository\org\junit\jupiter\junit-jupiter-api\5.8.2\junit-jupiter-api-5.8.2.jar  D:\.m2\repository\org\opentest4j\opentest4j\1.2.0\opentest4j-1.2.0.jar  D:\.m2\repository\org\junit\platform\junit-platform-commons\1.8.2\junit-platform-commons-1.8.2.jar  D:\.m2\repository\org\apiguardian\apiguardian-api\1.1.2\apiguardian-api-1.1.2.jar  D:\.m2\repository\org\junit\jupiter\junit-jupiter-params\5.8.2\junit-jupiter-params-5.8.2.jar  D:\.m2\repository\org\junit\jupiter\junit-jupiter-engine\5.8.2\junit-jupiter-engine-5.8.2.jar  D:\.m2\repository\org\junit\platform\junit-platform-engine\1.8.2\junit-platform-engine-1.8.2.jar  D:\.m2\repository\org\mockito\mockito-core\4.5.1\mockito-core-4.5.1.jar  D:\.m2\repository\net\bytebuddy\byte-buddy-agent\1.12.23\byte-buddy-agent-1.12.23.jar  D:\.m2\repository\org\objenesis\objenesis\3.2\objenesis-3.2.jar  D:\.m2\repository\org\mockito\mockito-junit-jupiter\4.5.1\mockito-junit-jupiter-4.5.1.jar  D:\.m2\repository\org\skyscreamer\jsonassert\1.5.1\jsonassert-1.5.1.jar  D:\.m2\repository\com\vaadin\external\google\android-json\0.0.20131108.vaadin1\android-json-0.0.20131108.vaadin1.jar  D:\.m2\repository\org\springframework\spring-test\5.3.31\spring-test-5.3.31.jar  D:\.m2\repository\org\xmlunit\xmlunit-core\2.9.1\xmlunit-core-2.9.1.jar  D:\.m2\repository\com\h2database\h2\2.1.214\h2-2.1.214.jar
[DEBUG] provider classpath:  D:\.m2\repository\org\apache\maven\surefire\surefire-junit-platform\3.0.0-M8\surefire-junit-platform-3.0.0-M8.jar  D:\.m2\repository\org\apache\maven\surefire\surefire-api\3.0.0-M8\surefire-api-3.0.0-M8.jar  D:\.m2\repository\org\apache\maven\surefire\surefire-logger-api\3.0.0-M8\surefire-logger-api-3.0.0-M8.jar  D:\.m2\repository\org\apache\maven\surefire\surefire-shared-utils\3.0.0-M8\surefire-shared-utils-3.0.0-M8.jar  D:\.m2\repository\org\apache\maven\surefire\common-java5\3.0.0-M8\common-java5-3.0.0-M8.jar  D:\.m2\repository\org\junit\platform\junit-platform-launcher\1.8.2\junit-platform-launcher-1.8.2.jar
[DEBUG] test(compact) classpath:  test-classes  classes  security-common-0.1.0-SNAPSHOT.jar  slf4j-api-1.7.36.jar  security-user-api-0.1.0-SNAPSHOT.jar  security-config-api-0.1.0-SNAPSHOT.jar  spring-boot-starter-2.7.18.jar  spring-boot-2.7.18.jar  spring-context-5.3.31.jar  spring-boot-autoconfigure-2.7.18.jar  spring-boot-starter-logging-2.7.18.jar  logback-classic-1.2.12.jar  logback-core-1.2.12.jar  log4j-to-slf4j-2.17.2.jar  log4j-api-2.17.2.jar  jul-to-slf4j-1.7.36.jar  jakarta.annotation-api-1.3.5.jar  spring-core-5.3.31.jar  spring-jcl-5.3.31.jar  snakeyaml-1.30.jar  spring-boot-starter-web-2.7.18.jar  spring-boot-starter-json-2.7.18.jar  jackson-databind-2.13.5.jar  jackson-annotations-2.13.5.jar  jackson-core-2.13.5.jar  jackson-datatype-jdk8-2.13.5.jar  jackson-datatype-jsr310-2.13.5.jar  jackson-module-parameter-names-2.13.5.jar  spring-boot-starter-tomcat-2.7.18.jar  tomcat-embed-core-9.0.83.jar  tomcat-embed-el-9.0.83.jar  tomcat-embed-websocket-9.0.83.jar  spring-web-5.3.31.jar  spring-beans-5.3.31.jar  spring-webmvc-5.3.31.jar  spring-aop-5.3.31.jar  spring-expression-5.3.31.jar  spring-boot-starter-data-jpa-2.7.18.jar  spring-boot-starter-aop-2.7.18.jar  aspectjweaver-1.9.7.jar  jakarta.transaction-api-1.3.3.jar  jakarta.persistence-api-2.2.3.jar  hibernate-core-5.6.15.Final.jar  jboss-logging-3.4.3.Final.jar  byte-buddy-1.12.23.jar  antlr-2.7.7.jar  jandex-2.4.2.Final.jar  classmate-1.5.1.jar  hibernate-commons-annotations-5.1.2.Final.jar  jaxb-runtime-2.3.9.jar  txw2-2.3.9.jar  istack-commons-runtime-3.0.12.jar  jakarta.activation-1.2.2.jar  spring-data-jpa-2.7.18.jar  spring-data-commons-2.7.18.jar  spring-orm-5.3.31.jar  spring-tx-5.3.31.jar  spring-aspects-5.3.31.jar  spring-boot-starter-jdbc-2.7.18.jar  HikariCP-4.0.3.jar  spring-jdbc-5.3.31.jar  lombok-1.18.30.jar  spring-boot-starter-test-2.7.18.jar  spring-boot-test-2.7.18.jar  spring-boot-test-autoconfigure-2.7.18.jar  json-path-2.7.0.jar  json-smart-2.4.11.jar  accessors-smart-2.4.11.jar  asm-9.3.jar  jakarta.xml.bind-api-2.3.3.jar  jakarta.activation-api-1.2.2.jar  assertj-core-3.22.0.jar  hamcrest-2.2.jar  junit-jupiter-5.8.2.jar  junit-jupiter-api-5.8.2.jar  opentest4j-1.2.0.jar  junit-platform-commons-1.8.2.jar  apiguardian-api-1.1.2.jar  junit-jupiter-params-5.8.2.jar  junit-jupiter-engine-5.8.2.jar  junit-platform-engine-1.8.2.jar  mockito-core-4.5.1.jar  byte-buddy-agent-1.12.23.jar  objenesis-3.2.jar  mockito-junit-jupiter-4.5.1.jar  jsonassert-1.5.1.jar  android-json-0.0.20131108.vaadin1.jar  spring-test-5.3.31.jar  xmlunit-core-2.9.1.jar  h2-2.1.214.jar
[DEBUG] provider(compact) classpath:  surefire-junit-platform-3.0.0-M8.jar  surefire-api-3.0.0-M8.jar  surefire-logger-api-3.0.0-M8.jar  surefire-shared-utils-3.0.0-M8.jar  common-java5-3.0.0-M8.jar  junit-platform-launcher-1.8.2.jar
[DEBUG] in-process classpath:  D:\.m2\repository\org\apache\maven\surefire\surefire-junit-platform\3.0.0-M8\surefire-junit-platform-3.0.0-M8.jar  D:\.m2\repository\org\apache\maven\surefire\surefire-api\3.0.0-M8\surefire-api-3.0.0-M8.jar  D:\.m2\repository\org\apache\maven\surefire\surefire-logger-api\3.0.0-M8\surefire-logger-api-3.0.0-M8.jar  D:\.m2\repository\org\apache\maven\surefire\surefire-shared-utils\3.0.0-M8\surefire-shared-utils-3.0.0-M8.jar  D:\.m2\repository\org\apache\maven\surefire\common-java5\3.0.0-M8\common-java5-3.0.0-M8.jar  D:\.m2\repository\org\junit\platform\junit-platform-launcher\1.8.2\junit-platform-launcher-1.8.2.jar  D:\.m2\repository\org\apache\maven\surefire\maven-surefire-common\3.0.0-M8\maven-surefire-common-3.0.0-M8.jar  D:\.m2\repository\org\apache\maven\surefire\surefire-booter\3.0.0-M8\surefire-booter-3.0.0-M8.jar  D:\.m2\repository\org\apache\maven\surefire\surefire-extensions-api\3.0.0-M8\surefire-extensions-api-3.0.0-M8.jar  D:\.m2\repository\org\apache\maven\surefire\surefire-extensions-spi\3.0.0-M8\surefire-extensions-spi-3.0.0-M8.jar
[DEBUG] in-process(compact) classpath:  surefire-junit-platform-3.0.0-M8.jar  surefire-api-3.0.0-M8.jar  surefire-logger-api-3.0.0-M8.jar  surefire-shared-utils-3.0.0-M8.jar  common-java5-3.0.0-M8.jar  junit-platform-launcher-1.8.2.jar  maven-surefire-common-3.0.0-M8.jar  surefire-booter-3.0.0-M8.jar  surefire-extensions-api-3.0.0-M8.jar  surefire-extensions-spi-3.0.0-M8.jar
[INFO] 
[INFO] -------------------------------------------------------
[INFO]  T E S T S
[INFO] -------------------------------------------------------
[DEBUG] Determined Maven Process ID 37600
[DEBUG] Fork Channel [1] connection string 'pipe://1' for the implementation class org.apache.maven.plugin.surefire.extensions.LegacyForkChannel
[DEBUG] boot classpath:  D:\.m2\repository\org\apache\maven\surefire\surefire-booter\3.0.0-M8\surefire-booter-3.0.0-M8.jar  D:\.m2\repository\org\apache\maven\surefire\surefire-api\3.0.0-M8\surefire-api-3.0.0-M8.jar  D:\.m2\repository\org\apache\maven\surefire\surefire-logger-api\3.0.0-M8\surefire-logger-api-3.0.0-M8.jar  D:\.m2\repository\org\apache\maven\surefire\surefire-shared-utils\3.0.0-M8\surefire-shared-utils-3.0.0-M8.jar  D:\.m2\repository\org\apache\maven\surefire\surefire-extensions-spi\3.0.0-M8\surefire-extensions-spi-3.0.0-M8.jar  D:\workspace\ai\spring-security-boot\security-components\security-user\security-user-impl\target\test-classes  D:\workspace\ai\spring-security-boot\security-components\security-user\security-user-impl\target\classes  D:\.m2\repository\com\original\frame\security-common\0.1.0-SNAPSHOT\security-common-0.1.0-SNAPSHOT.jar  D:\.m2\repository\org\slf4j\slf4j-api\1.7.36\slf4j-api-1.7.36.jar  D:\.m2\repository\com\original\frame\security-user-api\0.1.0-SNAPSHOT\security-user-api-0.1.0-SNAPSHOT.jar  D:\.m2\repository\com\original\frame\security-config-api\0.1.0-SNAPSHOT\security-config-api-0.1.0-SNAPSHOT.jar  D:\.m2\repository\org\springframework\boot\spring-boot-starter\2.7.18\spring-boot-starter-2.7.18.jar  D:\.m2\repository\org\springframework\boot\spring-boot\2.7.18\spring-boot-2.7.18.jar  D:\.m2\repository\org\springframework\spring-context\5.3.31\spring-context-5.3.31.jar  D:\.m2\repository\org\springframework\boot\spring-boot-autoconfigure\2.7.18\spring-boot-autoconfigure-2.7.18.jar  D:\.m2\repository\org\springframework\boot\spring-boot-starter-logging\2.7.18\spring-boot-starter-logging-2.7.18.jar  D:\.m2\repository\ch\qos\logback\logback-classic\1.2.12\logback-classic-1.2.12.jar  D:\.m2\repository\ch\qos\logback\logback-core\1.2.12\logback-core-1.2.12.jar  D:\.m2\repository\org\apache\logging\log4j\log4j-to-slf4j\2.17.2\log4j-to-slf4j-2.17.2.jar  D:\.m2\repository\org\apache\logging\log4j\log4j-api\2.17.2\log4j-api-2.17.2.jar  D:\.m2\repository\org\slf4j\jul-to-slf4j\1.7.36\jul-to-slf4j-1.7.36.jar  D:\.m2\repository\jakarta\annotation\jakarta.annotation-api\1.3.5\jakarta.annotation-api-1.3.5.jar  D:\.m2\repository\org\springframework\spring-core\5.3.31\spring-core-5.3.31.jar  D:\.m2\repository\org\springframework\spring-jcl\5.3.31\spring-jcl-5.3.31.jar  D:\.m2\repository\org\yaml\snakeyaml\1.30\snakeyaml-1.30.jar  D:\.m2\repository\org\springframework\boot\spring-boot-starter-web\2.7.18\spring-boot-starter-web-2.7.18.jar  D:\.m2\repository\org\springframework\boot\spring-boot-starter-json\2.7.18\spring-boot-starter-json-2.7.18.jar  D:\.m2\repository\com\fasterxml\jackson\core\jackson-databind\2.13.5\jackson-databind-2.13.5.jar  D:\.m2\repository\com\fasterxml\jackson\core\jackson-annotations\2.13.5\jackson-annotations-2.13.5.jar  D:\.m2\repository\com\fasterxml\jackson\core\jackson-core\2.13.5\jackson-core-2.13.5.jar  D:\.m2\repository\com\fasterxml\jackson\datatype\jackson-datatype-jdk8\2.13.5\jackson-datatype-jdk8-2.13.5.jar  D:\.m2\repository\com\fasterxml\jackson\datatype\jackson-datatype-jsr310\2.13.5\jackson-datatype-jsr310-2.13.5.jar  D:\.m2\repository\com\fasterxml\jackson\module\jackson-module-parameter-names\2.13.5\jackson-module-parameter-names-2.13.5.jar  D:\.m2\repository\org\springframework\boot\spring-boot-starter-tomcat\2.7.18\spring-boot-starter-tomcat-2.7.18.jar  D:\.m2\repository\org\apache\tomcat\embed\tomcat-embed-core\9.0.83\tomcat-embed-core-9.0.83.jar  D:\.m2\repository\org\apache\tomcat\embed\tomcat-embed-el\9.0.83\tomcat-embed-el-9.0.83.jar  D:\.m2\repository\org\apache\tomcat\embed\tomcat-embed-websocket\9.0.83\tomcat-embed-websocket-9.0.83.jar  D:\.m2\repository\org\springframework\spring-web\5.3.31\spring-web-5.3.31.jar  D:\.m2\repository\org\springframework\spring-beans\5.3.31\spring-beans-5.3.31.jar  D:\.m2\repository\org\springframework\spring-webmvc\5.3.31\spring-webmvc-5.3.31.jar  D:\.m2\repository\org\springframework\spring-aop\5.3.31\spring-aop-5.3.31.jar  D:\.m2\repository\org\springframework\spring-expression\5.3.31\spring-expression-5.3.31.jar  D:\.m2\repository\org\springframework\boot\spring-boot-starter-data-jpa\2.7.18\spring-boot-starter-data-jpa-2.7.18.jar  D:\.m2\repository\org\springframework\boot\spring-boot-starter-aop\2.7.18\spring-boot-starter-aop-2.7.18.jar  D:\.m2\repository\org\aspectj\aspectjweaver\1.9.7\aspectjweaver-1.9.7.jar  D:\.m2\repository\jakarta\transaction\jakarta.transaction-api\1.3.3\jakarta.transaction-api-1.3.3.jar  D:\.m2\repository\jakarta\persistence\jakarta.persistence-api\2.2.3\jakarta.persistence-api-2.2.3.jar  D:\.m2\repository\org\hibernate\hibernate-core\5.6.15.Final\hibernate-core-5.6.15.Final.jar  D:\.m2\repository\org\jboss\logging\jboss-logging\3.4.3.Final\jboss-logging-3.4.3.Final.jar  D:\.m2\repository\net\bytebuddy\byte-buddy\1.12.23\byte-buddy-1.12.23.jar  D:\.m2\repository\antlr\antlr\2.7.7\antlr-2.7.7.jar  D:\.m2\repository\org\jboss\jandex\2.4.2.Final\jandex-2.4.2.Final.jar  D:\.m2\repository\com\fasterxml\classmate\1.5.1\classmate-1.5.1.jar  D:\.m2\repository\org\hibernate\common\hibernate-commons-annotations\5.1.2.Final\hibernate-commons-annotations-5.1.2.Final.jar  D:\.m2\repository\org\glassfish\jaxb\jaxb-runtime\2.3.9\jaxb-runtime-2.3.9.jar  D:\.m2\repository\org\glassfish\jaxb\txw2\2.3.9\txw2-2.3.9.jar  D:\.m2\repository\com\sun\istack\istack-commons-runtime\3.0.12\istack-commons-runtime-3.0.12.jar  D:\.m2\repository\com\sun\activation\jakarta.activation\1.2.2\jakarta.activation-1.2.2.jar  D:\.m2\repository\org\springframework\data\spring-data-jpa\2.7.18\spring-data-jpa-2.7.18.jar  D:\.m2\repository\org\springframework\data\spring-data-commons\2.7.18\spring-data-commons-2.7.18.jar  D:\.m2\repository\org\springframework\spring-orm\5.3.31\spring-orm-5.3.31.jar  D:\.m2\repository\org\springframework\spring-tx\5.3.31\spring-tx-5.3.31.jar  D:\.m2\repository\org\springframework\spring-aspects\5.3.31\spring-aspects-5.3.31.jar  D:\.m2\repository\org\springframework\boot\spring-boot-starter-jdbc\2.7.18\spring-boot-starter-jdbc-2.7.18.jar  D:\.m2\repository\com\zaxxer\HikariCP\4.0.3\HikariCP-4.0.3.jar  D:\.m2\repository\org\springframework\spring-jdbc\5.3.31\spring-jdbc-5.3.31.jar  D:\.m2\repository\org\projectlombok\lombok\1.18.30\lombok-1.18.30.jar  D:\.m2\repository\org\springframework\boot\spring-boot-starter-test\2.7.18\spring-boot-starter-test-2.7.18.jar  D:\.m2\repository\org\springframework\boot\spring-boot-test\2.7.18\spring-boot-test-2.7.18.jar  D:\.m2\repository\org\springframework\boot\spring-boot-test-autoconfigure\2.7.18\spring-boot-test-autoconfigure-2.7.18.jar  D:\.m2\repository\com\jayway\jsonpath\json-path\2.7.0\json-path-2.7.0.jar  D:\.m2\repository\net\minidev\json-smart\2.4.11\json-smart-2.4.11.jar  D:\.m2\repository\net\minidev\accessors-smart\2.4.11\accessors-smart-2.4.11.jar  D:\.m2\repository\org\ow2\asm\asm\9.3\asm-9.3.jar  D:\.m2\repository\jakarta\xml\bind\jakarta.xml.bind-api\2.3.3\jakarta.xml.bind-api-2.3.3.jar  D:\.m2\repository\jakarta\activation\jakarta.activation-api\1.2.2\jakarta.activation-api-1.2.2.jar  D:\.m2\repository\org\assertj\assertj-core\3.22.0\assertj-core-3.22.0.jar  D:\.m2\repository\org\hamcrest\hamcrest\2.2\hamcrest-2.2.jar  D:\.m2\repository\org\junit\jupiter\junit-jupiter\5.8.2\junit-jupiter-5.8.2.jar  D:\.m2\repository\org\junit\jupiter\junit-jupiter-api\5.8.2\junit-jupiter-api-5.8.2.jar  D:\.m2\repository\org\opentest4j\opentest4j\1.2.0\opentest4j-1.2.0.jar  D:\.m2\repository\org\junit\platform\junit-platform-commons\1.8.2\junit-platform-commons-1.8.2.jar  D:\.m2\repository\org\apiguardian\apiguardian-api\1.1.2\apiguardian-api-1.1.2.jar  D:\.m2\repository\org\junit\jupiter\junit-jupiter-params\5.8.2\junit-jupiter-params-5.8.2.jar  D:\.m2\repository\org\junit\jupiter\junit-jupiter-engine\5.8.2\junit-jupiter-engine-5.8.2.jar  D:\.m2\repository\org\junit\platform\junit-platform-engine\1.8.2\junit-platform-engine-1.8.2.jar  D:\.m2\repository\org\mockito\mockito-core\4.5.1\mockito-core-4.5.1.jar  D:\.m2\repository\net\bytebuddy\byte-buddy-agent\1.12.23\byte-buddy-agent-1.12.23.jar  D:\.m2\repository\org\objenesis\objenesis\3.2\objenesis-3.2.jar  D:\.m2\repository\org\mockito\mockito-junit-jupiter\4.5.1\mockito-junit-jupiter-4.5.1.jar  D:\.m2\repository\org\skyscreamer\jsonassert\1.5.1\jsonassert-1.5.1.jar  D:\.m2\repository\com\vaadin\external\google\android-json\0.0.20131108.vaadin1\android-json-0.0.20131108.vaadin1.jar  D:\.m2\repository\org\springframework\spring-test\5.3.31\spring-test-5.3.31.jar  D:\.m2\repository\org\xmlunit\xmlunit-core\2.9.1\xmlunit-core-2.9.1.jar  D:\.m2\repository\com\h2database\h2\2.1.214\h2-2.1.214.jar  D:\.m2\repository\org\apache\maven\surefire\surefire-junit-platform\3.0.0-M8\surefire-junit-platform-3.0.0-M8.jar  D:\.m2\repository\org\apache\maven\surefire\common-java5\3.0.0-M8\common-java5-3.0.0-M8.jar  D:\.m2\repository\org\junit\platform\junit-platform-launcher\1.8.2\junit-platform-launcher-1.8.2.jar
[DEBUG] boot(compact) classpath:  surefire-booter-3.0.0-M8.jar  surefire-api-3.0.0-M8.jar  surefire-logger-api-3.0.0-M8.jar  surefire-shared-utils-3.0.0-M8.jar  surefire-extensions-spi-3.0.0-M8.jar  test-classes  classes  security-common-0.1.0-SNAPSHOT.jar  slf4j-api-1.7.36.jar  security-user-api-0.1.0-SNAPSHOT.jar  security-config-api-0.1.0-SNAPSHOT.jar  spring-boot-starter-2.7.18.jar  spring-boot-2.7.18.jar  spring-context-5.3.31.jar  spring-boot-autoconfigure-2.7.18.jar  spring-boot-starter-logging-2.7.18.jar  logback-classic-1.2.12.jar  logback-core-1.2.12.jar  log4j-to-slf4j-2.17.2.jar  log4j-api-2.17.2.jar  jul-to-slf4j-1.7.36.jar  jakarta.annotation-api-1.3.5.jar  spring-core-5.3.31.jar  spring-jcl-5.3.31.jar  snakeyaml-1.30.jar  spring-boot-starter-web-2.7.18.jar  spring-boot-starter-json-2.7.18.jar  jackson-databind-2.13.5.jar  jackson-annotations-2.13.5.jar  jackson-core-2.13.5.jar  jackson-datatype-jdk8-2.13.5.jar  jackson-datatype-jsr310-2.13.5.jar  jackson-module-parameter-names-2.13.5.jar  spring-boot-starter-tomcat-2.7.18.jar  tomcat-embed-core-9.0.83.jar  tomcat-embed-el-9.0.83.jar  tomcat-embed-websocket-9.0.83.jar  spring-web-5.3.31.jar  spring-beans-5.3.31.jar  spring-webmvc-5.3.31.jar  spring-aop-5.3.31.jar  spring-expression-5.3.31.jar  spring-boot-starter-data-jpa-2.7.18.jar  spring-boot-starter-aop-2.7.18.jar  aspectjweaver-1.9.7.jar  jakarta.transaction-api-1.3.3.jar  jakarta.persistence-api-2.2.3.jar  hibernate-core-5.6.15.Final.jar  jboss-logging-3.4.3.Final.jar  byte-buddy-1.12.23.jar  antlr-2.7.7.jar  jandex-2.4.2.Final.jar  classmate-1.5.1.jar  hibernate-commons-annotations-5.1.2.Final.jar  jaxb-runtime-2.3.9.jar  txw2-2.3.9.jar  istack-commons-runtime-3.0.12.jar  jakarta.activation-1.2.2.jar  spring-data-jpa-2.7.18.jar  spring-data-commons-2.7.18.jar  spring-orm-5.3.31.jar  spring-tx-5.3.31.jar  spring-aspects-5.3.31.jar  spring-boot-starter-jdbc-2.7.18.jar  HikariCP-4.0.3.jar  spring-jdbc-5.3.31.jar  lombok-1.18.30.jar  spring-boot-starter-test-2.7.18.jar  spring-boot-test-2.7.18.jar  spring-boot-test-autoconfigure-2.7.18.jar  json-path-2.7.0.jar  json-smart-2.4.11.jar  accessors-smart-2.4.11.jar  asm-9.3.jar  jakarta.xml.bind-api-2.3.3.jar  jakarta.activation-api-1.2.2.jar  assertj-core-3.22.0.jar  hamcrest-2.2.jar  junit-jupiter-5.8.2.jar  junit-jupiter-api-5.8.2.jar  opentest4j-1.2.0.jar  junit-platform-commons-1.8.2.jar  apiguardian-api-1.1.2.jar  junit-jupiter-params-5.8.2.jar  junit-jupiter-engine-5.8.2.jar  junit-platform-engine-1.8.2.jar  mockito-core-4.5.1.jar  byte-buddy-agent-1.12.23.jar  objenesis-3.2.jar  mockito-junit-jupiter-4.5.1.jar  jsonassert-1.5.1.jar  android-json-0.0.20131108.vaadin1.jar  spring-test-5.3.31.jar  xmlunit-core-2.9.1.jar  h2-2.1.214.jar  surefire-junit-platform-3.0.0-M8.jar  common-java5-3.0.0-M8.jar  junit-platform-launcher-1.8.2.jar
[DEBUG] Forking command line: cmd.exe /X /C "D:\middleware\jdk1.8.0_60\jre\bin\java -jar C:\Users\naulu\AppData\Local\Temp\surefire193254250175041680\surefirebooter-20260227163039540_3.jar C:\Users\naulu\AppData\Local\Temp\surefire193254250175041680 2026-02-27T16-30-38_937-jvmRun1 surefire-20260227163039540_1tmp surefire_0-20260227163039540_2tmp"
[DEBUG] Fork Channel [1] connected to the client.
[INFO] Running com.original.security.user.SchemaInitializationTest
16:30:40.456 [main] DEBUG org.springframework.test.context.BootstrapUtils - Instantiating CacheAwareContextLoaderDelegate from class [org.springframework.test.context.cache.DefaultCacheAwareContextLoaderDelegate]
16:30:40.463 [main] DEBUG org.springframework.test.context.BootstrapUtils - Instantiating BootstrapContext using constructor [public org.springframework.test.context.support.DefaultBootstrapContext(java.lang.Class,org.springframework.test.context.CacheAwareContextLoaderDelegate)]
16:30:40.501 [main] DEBUG org.springframework.test.context.BootstrapUtils - Instantiating TestContextBootstrapper for test class [com.original.security.user.SchemaInitializationTest] from class [org.springframework.boot.test.autoconfigure.orm.jpa.DataJpaTestContextBootstrapper]
16:30:40.519 [main] INFO org.springframework.boot.test.autoconfigure.orm.jpa.DataJpaTestContextBootstrapper - Neither @ContextConfiguration nor @ContextHierarchy found for test class [com.original.security.user.SchemaInitializationTest], using SpringBootContextLoader
16:30:40.522 [main] DEBUG org.springframework.test.context.support.AbstractContextLoader - Did not detect default resource location for test class [com.original.security.user.SchemaInitializationTest]: class path resource [com/original/security/user/SchemaInitializationTest-context.xml] does not exist
16:30:40.522 [main] DEBUG org.springframework.test.context.support.AbstractContextLoader - Did not detect default resource location for test class [com.original.security.user.SchemaInitializationTest]: class path resource [com/original/security/user/SchemaInitializationTestContext.groovy] does not exist
16:30:40.522 [main] INFO org.springframework.test.context.support.AbstractContextLoader - Could not detect default resource locations for test class [com.original.security.user.SchemaInitializationTest]: no resource found for suffixes {-context.xml, Context.groovy}.
16:30:40.522 [main] INFO org.springframework.test.context.support.AnnotationConfigContextLoaderUtils - Could not detect default configuration classes for test class [com.original.security.user.SchemaInitializationTest]: SchemaInitializationTest does not declare any static, non-private, non-final, nested classes annotated with @Configuration.
16:30:40.593 [main] DEBUG org.springframework.test.context.support.ActiveProfilesUtils - Could not find an 'annotation declaring class' for annotation type [org.springframework.test.context.ActiveProfiles] and class [com.original.security.user.SchemaInitializationTest]
16:30:40.640 [main] DEBUG org.springframework.context.annotation.ClassPathScanningCandidateComponentProvider - Identified candidate component class: file [D:\workspace\ai\spring-security-boot\security-components\security-user\security-user-impl\target\test-classes\com\original\security\user\TestApplication.class]
16:30:40.641 [main] INFO org.springframework.boot.test.context.SpringBootTestContextBootstrapper - Found @SpringBootConfiguration com.original.security.user.TestApplication for test class com.original.security.user.SchemaInitializationTest
16:30:40.645 [main] DEBUG org.springframework.boot.test.autoconfigure.orm.jpa.DataJpaTestContextBootstrapper - @TestExecutionListeners is not present for class [com.original.security.user.SchemaInitializationTest]: using defaults.
16:30:40.646 [main] INFO org.springframework.boot.test.autoconfigure.orm.jpa.DataJpaTestContextBootstrapper - Loaded default TestExecutionListener class names from location [META-INF/spring.factories]: [org.springframework.boot.test.mock.mockito.MockitoTestExecutionListener, org.springframework.boot.test.mock.mockito.ResetMocksTestExecutionListener, org.springframework.boot.test.autoconfigure.restdocs.RestDocsTestExecutionListener, org.springframework.boot.test.autoconfigure.web.client.MockRestServiceServerResetTestExecutionListener, org.springframework.boot.test.autoconfigure.web.servlet.MockMvcPrintOnlyOnFailureTestExecutionListener, org.springframework.boot.test.autoconfigure.web.servlet.WebDriverTestExecutionListener, org.springframework.boot.test.autoconfigure.webservices.client.MockWebServiceServerTestExecutionListener, org.springframework.test.context.web.ServletTestExecutionListener, org.springframework.test.context.support.DirtiesContextBeforeModesTestExecutionListener, org.springframework.test.context.event.ApplicationEventsTestExecutionListener, org.springframework.test.context.support.DependencyInjectionTestExecutionListener, org.springframework.test.context.support.DirtiesContextTestExecutionListener, org.springframework.test.context.transaction.TransactionalTestExecutionListener, org.springframework.test.context.jdbc.SqlScriptsTestExecutionListener, org.springframework.test.context.event.EventPublishingTestExecutionListener]
16:30:40.664 [main] INFO org.springframework.boot.test.autoconfigure.orm.jpa.DataJpaTestContextBootstrapper - Using TestExecutionListeners: [org.springframework.test.context.web.ServletTestExecutionListener@4b013c76, org.springframework.test.context.support.DirtiesContextBeforeModesTestExecutionListener@53fb3dab, org.springframework.test.context.event.ApplicationEventsTestExecutionListener@cb0755b, org.springframework.boot.test.mock.mockito.MockitoTestExecutionListener@33065d67, org.springframework.boot.test.autoconfigure.SpringBootDependencyInjectionTestExecutionListener@712625fd, org.springframework.test.context.support.DirtiesContextTestExecutionListener@7bba5817, org.springframework.test.context.transaction.TransactionalTestExecutionListener@742ff096, org.springframework.test.context.jdbc.SqlScriptsTestExecutionListener@75437611, org.springframework.test.context.event.EventPublishingTestExecutionListener@350aac89, org.springframework.boot.test.mock.mockito.ResetMocksTestExecutionListener@1c5920df, org.springframework.boot.test.autoconfigure.restdocs.RestDocsTestExecutionListener@17f9d882, org.springframework.boot.test.autoconfigure.web.client.MockRestServiceServerResetTestExecutionListener@79e4c792, org.springframework.boot.test.autoconfigure.web.servlet.MockMvcPrintOnlyOnFailureTestExecutionListener@196a42c3, org.springframework.boot.test.autoconfigure.web.servlet.WebDriverTestExecutionListener@4c60d6e9, org.springframework.boot.test.autoconfigure.webservices.client.MockWebServiceServerTestExecutionListener@15043a2f]
16:30:40.666 [main] DEBUG org.springframework.test.context.support.AbstractDirtiesContextTestExecutionListener - Before test class: context [DefaultTestContext@8458f04 testClass = SchemaInitializationTest, testInstance = [null], testMethod = [null], testException = [null], mergedContextConfiguration = [MergedContextConfiguration@48075da3 testClass = SchemaInitializationTest, locations = '{}', classes = '{class com.original.security.user.TestApplication}', contextInitializerClasses = '[]', activeProfiles = '{}', propertySourceLocations = '{}', propertySourceProperties = '{org.springframework.boot.test.autoconfigure.orm.jpa.DataJpaTestContextBootstrapper=true}', contextCustomizers = set[[ImportsContextCustomizer@68c9133c key = [org.springframework.boot.autoconfigure.transaction.TransactionAutoConfiguration, org.springframework.boot.autoconfigure.data.jpa.JpaRepositoriesAutoConfiguration, org.springframework.boot.autoconfigure.jdbc.DataSourceAutoConfiguration, org.springframework.boot.test.autoconfigure.orm.jpa.TestEntityManagerAutoConfiguration, org.springframework.boot.autoconfigure.cache.CacheAutoConfiguration, org.springframework.boot.autoconfigure.orm.jpa.HibernateJpaAutoConfiguration, org.springframework.boot.autoconfigure.sql.init.SqlInitializationAutoConfiguration, org.springframework.boot.autoconfigure.jdbc.JdbcTemplateAutoConfiguration, org.springframework.boot.test.autoconfigure.jdbc.TestDatabaseAutoConfiguration, org.springframework.boot.autoconfigure.flyway.FlywayAutoConfiguration, org.springframework.boot.autoconfigure.jdbc.DataSourceTransactionManagerAutoConfiguration, org.springframework.boot.autoconfigure.liquibase.LiquibaseAutoConfiguration]], org.springframework.boot.test.context.filter.ExcludeFilterContextCustomizer@366647c2, org.springframework.boot.test.json.DuplicateJsonObjectContextCustomizerFactory$DuplicateJsonObjectContextCustomizer@865dd6, org.springframework.boot.test.mock.mockito.MockitoContextCustomizer@0, org.springframework.boot.test.autoconfigure.OverrideAutoConfigurationContextCustomizerFactory$DisableAutoConfigurationContextCustomizer@65f095f8, org.springframework.boot.test.autoconfigure.actuate.metrics.MetricsExportContextCustomizerFactory$DisableMetricExportContextCustomizer@747edf66, org.springframework.boot.test.autoconfigure.filter.TypeExcludeFiltersContextCustomizer@351584c0, org.springframework.boot.test.autoconfigure.properties.PropertyMappingContextCustomizer@c84431, org.springframework.boot.test.autoconfigure.web.servlet.WebDriverContextCustomizerFactory$Customizer@1613674b, org.springframework.boot.test.context.SpringBootTestArgs@1, org.springframework.boot.test.context.SpringBootTestWebEnvironment@0], contextLoader = 'org.springframework.boot.test.context.SpringBootContextLoader', parent = [null]], attributes = map[[empty]]], class annotated with @DirtiesContext [false] with mode [null].

  .   ____          _            __ _ _
 /\\ / ___'_ __ _ _(_)_ __  __ _ \ \ \ \
( ( )\___ | '_ | '_| | '_ \/ _` | \ \ \ \
 \\/  ___)| |_)| | | | | || (_| |  ) ) ) )
  '  |____| .__|_| |_|_| |_\__, | / / / /
 =========|_|==============|___/=/_/_/_/
 :: Spring Boot ::               (v2.7.18)

2026-02-27 16:30:41.080  INFO 29724 --- [           main] c.o.s.user.SchemaInitializationTest      : Starting SchemaInitializationTest using Java 1.8.0_60 on lurj with PID 29724 (started by naulu in D:\workspace\ai\spring-security-boot\security-components\security-user\security-user-impl)
2026-02-27 16:30:41.081  INFO 29724 --- [           main] c.o.s.user.SchemaInitializationTest      : No active profile set, falling back to 1 default profile: "default"
2026-02-27 16:30:41.518  INFO 29724 --- [           main] .s.d.r.c.RepositoryConfigurationDelegate : Bootstrapping Spring Data JPA repositories in DEFAULT mode.
2026-02-27 16:30:41.529  INFO 29724 --- [           main] .s.d.r.c.RepositoryConfigurationDelegate : Finished Spring Data repository scanning in 4 ms. Found 0 JPA repository interfaces.
2026-02-27 16:30:41.571  INFO 29724 --- [           main] beddedDataSourceBeanFactoryPostProcessor : Replacing 'dataSource' DataSource bean with embedded version
2026-02-27 16:30:42.143  INFO 29724 --- [           main] o.s.j.d.e.EmbeddedDatabaseFactory        : Starting embedded database: url='jdbc:h2:mem:dd18c23a-a086-46ca-bf05-88aa9519111b;DB_CLOSE_DELAY=-1;DB_CLOSE_ON_EXIT=false', username='sa'
2026-02-27 16:30:42.497  WARN 29724 --- [           main] s.c.a.AnnotationConfigApplicationContext : Exception encountered during context initialization - cancelling refresh attempt: org.springframework.beans.factory.BeanCreationException: Error creating bean with name 'dataSourceScriptDatabaseInitializer' defined in class path resource [org/springframework/boot/autoconfigure/sql/init/DataSourceInitializationConfiguration.class]: Invocation of init method failed; nested exception is org.springframework.jdbc.datasource.init.ScriptStatementFailedException: Failed to execute SQL script statement #1 of URL [file:/D:/workspace/ai/spring-security-boot/security-components/security-user/security-user-impl/target/classes/schema.sql]: CREATE TABLE IF NOT EXISTS users ( id BIGINT AUTO_INCREMENT PRIMARY KEY, username VARCHAR(50) NOT NULL, password VARCHAR(100) NOT NULL, email VARCHAR(100), enabled BOOLEAN DEFAULT TRUE NOT NULL, created_at TIMESTAMP DEFAULT CURRENT_TIMESTAMP NOT NULL, CONSTRAINT uk_users_username UNIQUE (username) ) ENGINE=InnoDB DEFAULT CHARSET=utf8mb4; nested exception is org.h2.jdbc.JdbcSQLSyntaxErrorException: Syntax error in SQL statement "CREATE TABLE IF NOT EXISTS users ( id BIGINT AUTO_INCREMENT PRIMARY KEY, username VARCHAR(50) NOT NULL, password VARCHAR(100) NOT NULL, email VARCHAR(100), enabled BOOLEAN DEFAULT TRUE NOT NULL, created_at TIMESTAMP DEFAULT CURRENT_TIMESTAMP NOT NULL, CONSTRAINT uk_users_username UNIQUE (username) ) ENGINE[*]=InnoDB DEFAULT CHARSET=utf8mb4"; expected "identifier"; SQL statement:
CREATE TABLE IF NOT EXISTS users ( id BIGINT AUTO_INCREMENT PRIMARY KEY, username VARCHAR(50) NOT NULL, password VARCHAR(100) NOT NULL, email VARCHAR(100), enabled BOOLEAN DEFAULT TRUE NOT NULL, created_at TIMESTAMP DEFAULT CURRENT_TIMESTAMP NOT NULL, CONSTRAINT uk_users_username UNIQUE (username) ) ENGINE=InnoDB DEFAULT CHARSET=utf8mb4 [42001-214]
2026-02-27 16:30:42.508  INFO 29724 --- [           main] ConditionEvaluationReportLoggingListener : 

Error starting ApplicationContext. To display the conditions report re-run your application with 'debug' enabled.
2026-02-27 16:30:42.555 ERROR 29724 --- [           main] o.s.boot.SpringApplication               : Application run failed

org.springframework.beans.factory.BeanCreationException: Error creating bean with name 'dataSourceScriptDatabaseInitializer' defined in class path resource [org/springframework/boot/autoconfigure/sql/init/DataSourceInitializationConfiguration.class]: Invocation of init method failed; nested exception is org.springframework.jdbc.datasource.init.ScriptStatementFailedException: Failed to execute SQL script statement #1 of URL [file:/D:/workspace/ai/spring-security-boot/security-components/security-user/security-user-impl/target/classes/schema.sql]: CREATE TABLE IF NOT EXISTS users ( id BIGINT AUTO_INCREMENT PRIMARY KEY, username VARCHAR(50) NOT NULL, password VARCHAR(100) NOT NULL, email VARCHAR(100), enabled BOOLEAN DEFAULT TRUE NOT NULL, created_at TIMESTAMP DEFAULT CURRENT_TIMESTAMP NOT NULL, CONSTRAINT uk_users_username UNIQUE (username) ) ENGINE=InnoDB DEFAULT CHARSET=utf8mb4; nested exception is org.h2.jdbc.JdbcSQLSyntaxErrorException: Syntax error in SQL statement "CREATE TABLE IF NOT EXISTS users ( id BIGINT AUTO_INCREMENT PRIMARY KEY, username VARCHAR(50) NOT NULL, password VARCHAR(100) NOT NULL, email VARCHAR(100), enabled BOOLEAN DEFAULT TRUE NOT NULL, created_at TIMESTAMP DEFAULT CURRENT_TIMESTAMP NOT NULL, CONSTRAINT uk_users_username UNIQUE (username) ) ENGINE[*]=InnoDB DEFAULT CHARSET=utf8mb4"; expected "identifier"; SQL statement:
CREATE TABLE IF NOT EXISTS users ( id BIGINT AUTO_INCREMENT PRIMARY KEY, username VARCHAR(50) NOT NULL, password VARCHAR(100) NOT NULL, email VARCHAR(100), enabled BOOLEAN DEFAULT TRUE NOT NULL, created_at TIMESTAMP DEFAULT CURRENT_TIMESTAMP NOT NULL, CONSTRAINT uk_users_username UNIQUE (username) ) ENGINE=InnoDB DEFAULT CHARSET=utf8mb4 [42001-214]
	at org.springframework.beans.factory.support.AbstractAutowireCapableBeanFactory.initializeBean(AbstractAutowireCapableBeanFactory.java:1804) ~[spring-beans-5.3.31.jar:5.3.31]
	at org.springframework.beans.factory.support.AbstractAutowireCapableBeanFactory.doCreateBean(AbstractAutowireCapableBeanFactory.java:620) ~[spring-beans-5.3.31.jar:5.3.31]
	at org.springframework.beans.factory.support.AbstractAutowireCapableBeanFactory.createBean(AbstractAutowireCapableBeanFactory.java:542) ~[spring-beans-5.3.31.jar:5.3.31]
	at org.springframework.beans.factory.support.AbstractBeanFactory.lambda$doGetBean$0(AbstractBeanFactory.java:335) ~[spring-beans-5.3.31.jar:5.3.31]
	at org.springframework.beans.factory.support.DefaultSingletonBeanRegistry.getSingleton(DefaultSingletonBeanRegistry.java:234) ~[spring-beans-5.3.31.jar:5.3.31]
	at org.springframework.beans.factory.support.AbstractBeanFactory.doGetBean(AbstractBeanFactory.java:333) ~[spring-beans-5.3.31.jar:5.3.31]
	at org.springframework.beans.factory.support.AbstractBeanFactory.getBean(AbstractBeanFactory.java:208) ~[spring-beans-5.3.31.jar:5.3.31]
	at org.springframework.beans.factory.support.AbstractBeanFactory.doGetBean(AbstractBeanFactory.java:322) ~[spring-beans-5.3.31.jar:5.3.31]
	at org.springframework.beans.factory.support.AbstractBeanFactory.getBean(AbstractBeanFactory.java:208) ~[spring-beans-5.3.31.jar:5.3.31]
	at org.springframework.context.support.AbstractApplicationContext.getBean(AbstractApplicationContext.java:1168) ~[spring-context-5.3.31.jar:5.3.31]
	at org.springframework.context.support.AbstractApplicationContext.finishBeanFactoryInitialization(AbstractApplicationContext.java:919) ~[spring-context-5.3.31.jar:5.3.31]
	at org.springframework.context.support.AbstractApplicationContext.refresh(AbstractApplicationContext.java:591) ~[spring-context-5.3.31.jar:5.3.31]
	at org.springframework.boot.SpringApplication.refresh(SpringApplication.java:732) ~[spring-boot-2.7.18.jar:2.7.18]
	at org.springframework.boot.SpringApplication.refreshContext(SpringApplication.java:409) ~[spring-boot-2.7.18.jar:2.7.18]
	at org.springframework.boot.SpringApplication.run(SpringApplication.java:308) ~[spring-boot-2.7.18.jar:2.7.18]
	at org.springframework.boot.test.context.SpringBootContextLoader.loadContext(SpringBootContextLoader.java:136) [spring-boot-test-2.7.18.jar:2.7.18]
	at org.springframework.test.context.cache.DefaultCacheAwareContextLoaderDelegate.loadContextInternal(DefaultCacheAwareContextLoaderDelegate.java:141) [spring-test-5.3.31.jar:5.3.31]
	at org.springframework.test.context.cache.DefaultCacheAwareContextLoaderDelegate.loadContext(DefaultCacheAwareContextLoaderDelegate.java:90) [spring-test-5.3.31.jar:5.3.31]
	at org.springframework.test.context.support.DefaultTestContext.getApplicationContext(DefaultTestContext.java:124) [spring-test-5.3.31.jar:5.3.31]
	at org.springframework.test.context.junit.jupiter.SpringExtension.getApplicationContext(SpringExtension.java:283) [spring-test-5.3.31.jar:5.3.31]
	at org.springframework.test.context.junit.jupiter.SpringExtension.resolveParameter(SpringExtension.java:269) [spring-test-5.3.31.jar:5.3.31]
	at org.junit.jupiter.engine.execution.ExecutableInvoker.resolveParameter(ExecutableInvoker.java:216) [junit-jupiter-engine-5.8.2.jar:5.8.2]
	at org.junit.jupiter.engine.execution.ExecutableInvoker.resolveParameters(ExecutableInvoker.java:183) [junit-jupiter-engine-5.8.2.jar:5.8.2]
	at org.junit.jupiter.engine.execution.ExecutableInvoker.invoke(ExecutableInvoker.java:74) [junit-jupiter-engine-5.8.2.jar:5.8.2]
	at org.junit.jupiter.engine.descriptor.ClassBasedTestDescriptor.invokeTestClassConstructor(ClassBasedTestDescriptor.java:355) [junit-jupiter-engine-5.8.2.jar:5.8.2]
	at org.junit.jupiter.engine.descriptor.ClassBasedTestDescriptor.instantiateTestClass(ClassBasedTestDescriptor.java:302) [junit-jupiter-engine-5.8.2.jar:5.8.2]
	at org.junit.jupiter.engine.descriptor.ClassTestDescriptor.instantiateTestClass(ClassTestDescriptor.java:79) [junit-jupiter-engine-5.8.2.jar:5.8.2]
	at org.junit.jupiter.engine.descriptor.ClassBasedTestDescriptor.instantiateAndPostProcessTestInstance(ClassBasedTestDescriptor.java:280) [junit-jupiter-engine-5.8.2.jar:5.8.2]
	at org.junit.jupiter.engine.descriptor.ClassBasedTestDescriptor.lambda$testInstancesProvider$4(ClassBasedTestDescriptor.java:272) [junit-jupiter-engine-5.8.2.jar:5.8.2]
	at java.util.Optional.orElseGet(Optional.java:267) ~[na:1.8.0_60]
	at org.junit.jupiter.engine.descriptor.ClassBasedTestDescriptor.lambda$testInstancesProvider$5(ClassBasedTestDescriptor.java:271) [junit-jupiter-engine-5.8.2.jar:5.8.2]
	at org.junit.jupiter.engine.execution.TestInstancesProvider.getTestInstances(TestInstancesProvider.java:31) ~[junit-jupiter-engine-5.8.2.jar:5.8.2]
	at org.junit.jupiter.engine.descriptor.TestMethodTestDescriptor.lambda$prepare$0(TestMethodTestDescriptor.java:102) ~[junit-jupiter-engine-5.8.2.jar:5.8.2]
	at org.junit.platform.engine.support.hierarchical.ThrowableCollector.execute(ThrowableCollector.java:73) ~[junit-platform-engine-1.8.2.jar:1.8.2]
	at org.junit.jupiter.engine.descriptor.TestMethodTestDescriptor.prepare(TestMethodTestDescriptor.java:101) ~[junit-jupiter-engine-5.8.2.jar:5.8.2]
	at org.junit.jupiter.engine.descriptor.TestMethodTestDescriptor.prepare(TestMethodTestDescriptor.java:66) ~[junit-jupiter-engine-5.8.2.jar:5.8.2]
	at org.junit.platform.engine.support.hierarchical.NodeTestTask.lambda$prepare$2(NodeTestTask.java:123) ~[junit-platform-engine-1.8.2.jar:1.8.2]
	at org.junit.platform.engine.support.hierarchical.ThrowableCollector.execute(ThrowableCollector.java:73) ~[junit-platform-engine-1.8.2.jar:1.8.2]
	at org.junit.platform.engine.support.hierarchical.NodeTestTask.prepare(NodeTestTask.java:123) ~[junit-platform-engine-1.8.2.jar:1.8.2]
	at org.junit.platform.engine.support.hierarchical.NodeTestTask.execute(NodeTestTask.java:90) ~[junit-platform-engine-1.8.2.jar:1.8.2]
	at java.util.ArrayList.forEach(ArrayList.java:1249) ~[na:1.8.0_60]
	at org.junit.platform.engine.support.hierarchical.SameThreadHierarchicalTestExecutorService.invokeAll(SameThreadHierarchicalTestExecutorService.java:41) ~[junit-platform-engine-1.8.2.jar:1.8.2]
	at org.junit.platform.engine.support.hierarchical.NodeTestTask.lambda$executeRecursively$6(NodeTestTask.java:155) ~[junit-platform-engine-1.8.2.jar:1.8.2]
	at org.junit.platform.engine.support.hierarchical.ThrowableCollector.execute(ThrowableCollector.java:73) ~[junit-platform-engine-1.8.2.jar:1.8.2]
	at org.junit.platform.engine.support.hierarchical.NodeTestTask.lambda$executeRecursively$8(NodeTestTask.java:141) ~[junit-platform-engine-1.8.2.jar:1.8.2]
	at org.junit.platform.engine.support.hierarchical.Node.around(Node.java:137) ~[junit-platform-engine-1.8.2.jar:1.8.2]
	at org.junit.platform.engine.support.hierarchical.NodeTestTask.lambda$executeRecursively$9(NodeTestTask.java:139) ~[junit-platform-engine-1.8.2.jar:1.8.2]
	at org.junit.platform.engine.support.hierarchical.ThrowableCollector.execute(ThrowableCollector.java:73) ~[junit-platform-engine-1.8.2.jar:1.8.2]
	at org.junit.platform.engine.support.hierarchical.NodeTestTask.executeRecursively(NodeTestTask.java:138) ~[junit-platform-engine-1.8.2.jar:1.8.2]
	at org.junit.platform.engine.support.hierarchical.NodeTestTask.execute(NodeTestTask.java:95) ~[junit-platform-engine-1.8.2.jar:1.8.2]
	at java.util.ArrayList.forEach(ArrayList.java:1249) ~[na:1.8.0_60]
	at org.junit.platform.engine.support.hierarchical.SameThreadHierarchicalTestExecutorService.invokeAll(SameThreadHierarchicalTestExecutorService.java:41) ~[junit-platform-engine-1.8.2.jar:1.8.2]
	at org.junit.platform.engine.support.hierarchical.NodeTestTask.lambda$executeRecursively$6(NodeTestTask.java:155) ~[junit-platform-engine-1.8.2.jar:1.8.2]
	at org.junit.platform.engine.support.hierarchical.ThrowableCollector.execute(ThrowableCollector.java:73) ~[junit-platform-engine-1.8.2.jar:1.8.2]
	at org.junit.platform.engine.support.hierarchical.NodeTestTask.lambda$executeRecursively$8(NodeTestTask.java:141) ~[junit-platform-engine-1.8.2.jar:1.8.2]
	at org.junit.platform.engine.support.hierarchical.Node.around(Node.java:137) ~[junit-platform-engine-1.8.2.jar:1.8.2]
	at org.junit.platform.engine.support.hierarchical.NodeTestTask.lambda$executeRecursively$9(NodeTestTask.java:139) ~[junit-platform-engine-1.8.2.jar:1.8.2]
	at org.junit.platform.engine.support.hierarchical.ThrowableCollector.execute(ThrowableCollector.java:73) ~[junit-platform-engine-1.8.2.jar:1.8.2]
	at org.junit.platform.engine.support.hierarchical.NodeTestTask.executeRecursively(NodeTestTask.java:138) ~[junit-platform-engine-1.8.2.jar:1.8.2]
	at org.junit.platform.engine.support.hierarchical.NodeTestTask.execute(NodeTestTask.java:95) ~[junit-platform-engine-1.8.2.jar:1.8.2]
	at org.junit.platform.engine.support.hierarchical.SameThreadHierarchicalTestExecutorService.submit(SameThreadHierarchicalTestExecutorService.java:35) ~[junit-platform-engine-1.8.2.jar:1.8.2]
	at org.junit.platform.engine.support.hierarchical.HierarchicalTestExecutor.execute(HierarchicalTestExecutor.java:57) ~[junit-platform-engine-1.8.2.jar:1.8.2]
	at org.junit.platform.engine.support.hierarchical.HierarchicalTestEngine.execute(HierarchicalTestEngine.java:54) ~[junit-platform-engine-1.8.2.jar:1.8.2]
	at org.junit.platform.launcher.core.EngineExecutionOrchestrator.execute(EngineExecutionOrchestrator.java:107) ~[junit-platform-launcher-1.8.2.jar:1.8.2]
	at org.junit.platform.launcher.core.EngineExecutionOrchestrator.execute(EngineExecutionOrchestrator.java:88) ~[junit-platform-launcher-1.8.2.jar:1.8.2]
	at org.junit.platform.launcher.core.EngineExecutionOrchestrator.lambda$execute$0(EngineExecutionOrchestrator.java:54) ~[junit-platform-launcher-1.8.2.jar:1.8.2]
	at org.junit.platform.launcher.core.EngineExecutionOrchestrator.withInterceptedStreams(EngineExecutionOrchestrator.java:67) ~[junit-platform-launcher-1.8.2.jar:1.8.2]
	at org.junit.platform.launcher.core.EngineExecutionOrchestrator.execute(EngineExecutionOrchestrator.java:52) ~[junit-platform-launcher-1.8.2.jar:1.8.2]
	at org.junit.platform.launcher.core.DefaultLauncher.execute(DefaultLauncher.java:114) ~[junit-platform-launcher-1.8.2.jar:1.8.2]
	at org.junit.platform.launcher.core.DefaultLauncher.execute(DefaultLauncher.java:86) ~[junit-platform-launcher-1.8.2.jar:1.8.2]
	at org.junit.platform.launcher.core.DefaultLauncherSession$DelegatingLauncher.execute(DefaultLauncherSession.java:86) ~[junit-platform-launcher-1.8.2.jar:1.8.2]
	at org.apache.maven.surefire.junitplatform.LazyLauncher.execute(LazyLauncher.java:55) ~[surefire-junit-platform-3.0.0-M8.jar:3.0.0-M8]
	at org.apache.maven.surefire.junitplatform.JUnitPlatformProvider.execute(JUnitPlatformProvider.java:223) ~[surefire-junit-platform-3.0.0-M8.jar:3.0.0-M8]
	at org.apache.maven.surefire.junitplatform.JUnitPlatformProvider.invokeAllTests(JUnitPlatformProvider.java:175) ~[surefire-junit-platform-3.0.0-M8.jar:3.0.0-M8]
	at org.apache.maven.surefire.junitplatform.JUnitPlatformProvider.invoke(JUnitPlatformProvider.java:139) ~[surefire-junit-platform-3.0.0-M8.jar:3.0.0-M8]
	at org.apache.maven.surefire.booter.ForkedBooter.runSuitesInProcess(ForkedBooter.java:456) ~[surefire-booter-3.0.0-M8.jar:3.0.0-M8]
	at org.apache.maven.surefire.booter.ForkedBooter.execute(ForkedBooter.java:169) ~[surefire-booter-3.0.0-M8.jar:3.0.0-M8]
	at org.apache.maven.surefire.booter.ForkedBooter.run(ForkedBooter.java:595) ~[surefire-booter-3.0.0-M8.jar:3.0.0-M8]
	at org.apache.maven.surefire.booter.ForkedBooter.main(ForkedBooter.java:581) ~[surefire-booter-3.0.0-M8.jar:3.0.0-M8]
Caused by: org.springframework.jdbc.datasource.init.ScriptStatementFailedException: Failed to execute SQL script statement #1 of URL [file:/D:/workspace/ai/spring-security-boot/security-components/security-user/security-user-impl/target/classes/schema.sql]: CREATE TABLE IF NOT EXISTS users ( id BIGINT AUTO_INCREMENT PRIMARY KEY, username VARCHAR(50) NOT NULL, password VARCHAR(100) NOT NULL, email VARCHAR(100), enabled BOOLEAN DEFAULT TRUE NOT NULL, created_at TIMESTAMP DEFAULT CURRENT_TIMESTAMP NOT NULL, CONSTRAINT uk_users_username UNIQUE (username) ) ENGINE=InnoDB DEFAULT CHARSET=utf8mb4; nested exception is org.h2.jdbc.JdbcSQLSyntaxErrorException: Syntax error in SQL statement "CREATE TABLE IF NOT EXISTS users ( id BIGINT AUTO_INCREMENT PRIMARY KEY, username VARCHAR(50) NOT NULL, password VARCHAR(100) NOT NULL, email VARCHAR(100), enabled BOOLEAN DEFAULT TRUE NOT NULL, created_at TIMESTAMP DEFAULT CURRENT_TIMESTAMP NOT NULL, CONSTRAINT uk_users_username UNIQUE (username) ) ENGINE[*]=InnoDB DEFAULT CHARSET=utf8mb4"; expected "identifier"; SQL statement:
CREATE TABLE IF NOT EXISTS users ( id BIGINT AUTO_INCREMENT PRIMARY KEY, username VARCHAR(50) NOT NULL, password VARCHAR(100) NOT NULL, email VARCHAR(100), enabled BOOLEAN DEFAULT TRUE NOT NULL, created_at TIMESTAMP DEFAULT CURRENT_TIMESTAMP NOT NULL, CONSTRAINT uk_users_username UNIQUE (username) ) ENGINE=InnoDB DEFAULT CHARSET=utf8mb4 [42001-214]
	at org.springframework.jdbc.datasource.init.ScriptUtils.executeSqlScript(ScriptUtils.java:282) ~[spring-jdbc-5.3.31.jar:5.3.31]
	at org.springframework.jdbc.datasource.init.ResourceDatabasePopulator.populate(ResourceDatabasePopulator.java:254) ~[spring-jdbc-5.3.31.jar:5.3.31]
	at org.springframework.jdbc.datasource.init.DatabasePopulatorUtils.execute(DatabasePopulatorUtils.java:54) ~[spring-jdbc-5.3.31.jar:5.3.31]
	at org.springframework.boot.jdbc.init.DataSourceScriptDatabaseInitializer.runScripts(DataSourceScriptDatabaseInitializer.java:90) ~[spring-boot-2.7.18.jar:2.7.18]
	at org.springframework.boot.sql.init.AbstractScriptDatabaseInitializer.runScripts(AbstractScriptDatabaseInitializer.java:145) ~[spring-boot-2.7.18.jar:2.7.18]
	at org.springframework.boot.sql.init.AbstractScriptDatabaseInitializer.applyScripts(AbstractScriptDatabaseInitializer.java:107) ~[spring-boot-2.7.18.jar:2.7.18]
	at org.springframework.boot.sql.init.AbstractScriptDatabaseInitializer.applySchemaScripts(AbstractScriptDatabaseInitializer.java:97) ~[spring-boot-2.7.18.jar:2.7.18]
	at org.springframework.boot.sql.init.AbstractScriptDatabaseInitializer.initializeDatabase(AbstractScriptDatabaseInitializer.java:75) ~[spring-boot-2.7.18.jar:2.7.18]
	at org.springframework.boot.sql.init.AbstractScriptDatabaseInitializer.afterPropertiesSet(AbstractScriptDatabaseInitializer.java:65) ~[spring-boot-2.7.18.jar:2.7.18]
	at org.springframework.beans.factory.support.AbstractAutowireCapableBeanFactory.invokeInitMethods(AbstractAutowireCapableBeanFactory.java:1863) ~[spring-beans-5.3.31.jar:5.3.31]
	at org.springframework.beans.factory.support.AbstractAutowireCapableBeanFactory.initializeBean(AbstractAutowireCapableBeanFactory.java:1800) ~[spring-beans-5.3.31.jar:5.3.31]
	... 78 common frames omitted
Caused by: org.h2.jdbc.JdbcSQLSyntaxErrorException: Syntax error in SQL statement "CREATE TABLE IF NOT EXISTS users ( id BIGINT AUTO_INCREMENT PRIMARY KEY, username VARCHAR(50) NOT NULL, password VARCHAR(100) NOT NULL, email VARCHAR(100), enabled BOOLEAN DEFAULT TRUE NOT NULL, created_at TIMESTAMP DEFAULT CURRENT_TIMESTAMP NOT NULL, CONSTRAINT uk_users_username UNIQUE (username) ) ENGINE[*]=InnoDB DEFAULT CHARSET=utf8mb4"; expected "identifier"; SQL statement:
CREATE TABLE IF NOT EXISTS users ( id BIGINT AUTO_INCREMENT PRIMARY KEY, username VARCHAR(50) NOT NULL, password VARCHAR(100) NOT NULL, email VARCHAR(100), enabled BOOLEAN DEFAULT TRUE NOT NULL, created_at TIMESTAMP DEFAULT CURRENT_TIMESTAMP NOT NULL, CONSTRAINT uk_users_username UNIQUE (username) ) ENGINE=InnoDB DEFAULT CHARSET=utf8mb4 [42001-214]
	at org.h2.message.DbException.getJdbcSQLException(DbException.java:502) ~[h2-2.1.214.jar:2.1.214]
	at org.h2.message.DbException.getJdbcSQLException(DbException.java:477) ~[h2-2.1.214.jar:2.1.214]
	at org.h2.message.DbException.getSyntaxError(DbException.java:261) ~[h2-2.1.214.jar:2.1.214]
	at org.h2.command.Parser.readIdentifier(Parser.java:5656) ~[h2-2.1.214.jar:2.1.214]
	at org.h2.command.Parser.parseCreateTable(Parser.java:9279) ~[h2-2.1.214.jar:2.1.214]
	at org.h2.command.Parser.parseCreate(Parser.java:6784) ~[h2-2.1.214.jar:2.1.214]
	at org.h2.command.Parser.parsePrepared(Parser.java:763) ~[h2-2.1.214.jar:2.1.214]
	at org.h2.command.Parser.parse(Parser.java:689) ~[h2-2.1.214.jar:2.1.214]
	at org.h2.command.Parser.parse(Parser.java:661) ~[h2-2.1.214.jar:2.1.214]
	at org.h2.command.Parser.prepareCommand(Parser.java:569) ~[h2-2.1.214.jar:2.1.214]
	at org.h2.engine.SessionLocal.prepareLocal(SessionLocal.java:631) ~[h2-2.1.214.jar:2.1.214]
	at org.h2.engine.SessionLocal.prepareCommand(SessionLocal.java:554) ~[h2-2.1.214.jar:2.1.214]
	at org.h2.jdbc.JdbcConnection.prepareCommand(JdbcConnection.java:1116) ~[h2-2.1.214.jar:2.1.214]
	at org.h2.jdbc.JdbcStatement.executeInternal(JdbcStatement.java:237) ~[h2-2.1.214.jar:2.1.214]
	at org.h2.jdbc.JdbcStatement.execute(JdbcStatement.java:223) ~[h2-2.1.214.jar:2.1.214]
	at org.springframework.jdbc.datasource.init.ScriptUtils.executeSqlScript(ScriptUtils.java:261) ~[spring-jdbc-5.3.31.jar:5.3.31]
	... 88 common frames omitted


  .   ____          _            __ _ _
 /\\ / ___'_ __ _ _(_)_ __  __ _ \ \ \ \
( ( )\___ | '_ | '_| | '_ \/ _` | \ \ \ \
 \\/  ___)| |_)| | | | | || (_| |  ) ) ) )
  '  |____| .__|_| |_|_| |_\__, | / / / /
 =========|_|==============|___/=/_/_/_/
 :: Spring Boot ::               (v2.7.18)

2026-02-27 16:30:42.612  INFO 29724 --- [           main] c.o.s.user.SchemaInitializationTest      : Starting SchemaInitializationTest using Java 1.8.0_60 on lurj with PID 29724 (started by naulu in D:\workspace\ai\spring-security-boot\security-components\security-user\security-user-impl)
2026-02-27 16:30:42.612  INFO 29724 --- [           main] c.o.s.user.SchemaInitializationTest      : No active profile set, falling back to 1 default profile: "default"
2026-02-27 16:30:42.698  INFO 29724 --- [           main] .s.d.r.c.RepositoryConfigurationDelegate : Bootstrapping Spring Data JPA repositories in DEFAULT mode.
2026-02-27 16:30:42.703  INFO 29724 --- [           main] .s.d.r.c.RepositoryConfigurationDelegate : Finished Spring Data repository scanning in 2 ms. Found 0 JPA repository interfaces.
2026-02-27 16:30:42.742  INFO 29724 --- [           main] beddedDataSourceBeanFactoryPostProcessor : Replacing 'dataSource' DataSource bean with embedded version
2026-02-27 16:30:42.828  INFO 29724 --- [           main] o.s.j.d.e.EmbeddedDatabaseFactory        : Starting embedded database: url='jdbc:h2:mem:5741db5b-1fe2-4e58-a9c3-1c1f46166eb3;DB_CLOSE_DELAY=-1;DB_CLOSE_ON_EXIT=false', username='sa'
2026-02-27 16:30:42.846  WARN 29724 --- [           main] s.c.a.AnnotationConfigApplicationContext : Exception encountered during context initialization - cancelling refresh attempt: org.springframework.beans.factory.BeanCreationException: Error creating bean with name 'dataSourceScriptDatabaseInitializer' defined in class path resource [org/springframework/boot/autoconfigure/sql/init/DataSourceInitializationConfiguration.class]: Invocation of init method failed; nested exception is org.springframework.jdbc.datasource.init.ScriptStatementFailedException: Failed to execute SQL script statement #1 of URL [file:/D:/workspace/ai/spring-security-boot/security-components/security-user/security-user-impl/target/classes/schema.sql]: CREATE TABLE IF NOT EXISTS users ( id BIGINT AUTO_INCREMENT PRIMARY KEY, username VARCHAR(50) NOT NULL, password VARCHAR(100) NOT NULL, email VARCHAR(100), enabled BOOLEAN DEFAULT TRUE NOT NULL, created_at TIMESTAMP DEFAULT CURRENT_TIMESTAMP NOT NULL, CONSTRAINT uk_users_username UNIQUE (username) ) ENGINE=InnoDB DEFAULT CHARSET=utf8mb4; nested exception is org.h2.jdbc.JdbcSQLSyntaxErrorException: Syntax error in SQL statement "CREATE TABLE IF NOT EXISTS users ( id BIGINT AUTO_INCREMENT PRIMARY KEY, username VARCHAR(50) NOT NULL, password VARCHAR(100) NOT NULL, email VARCHAR(100), enabled BOOLEAN DEFAULT TRUE NOT NULL, created_at TIMESTAMP DEFAULT CURRENT_TIMESTAMP NOT NULL, CONSTRAINT uk_users_username UNIQUE (username) ) ENGINE[*]=InnoDB DEFAULT CHARSET=utf8mb4"; expected "identifier"; SQL statement:
CREATE TABLE IF NOT EXISTS users ( id BIGINT AUTO_INCREMENT PRIMARY KEY, username VARCHAR(50) NOT NULL, password VARCHAR(100) NOT NULL, email VARCHAR(100), enabled BOOLEAN DEFAULT TRUE NOT NULL, created_at TIMESTAMP DEFAULT CURRENT_TIMESTAMP NOT NULL, CONSTRAINT uk_users_username UNIQUE (username) ) ENGINE=InnoDB DEFAULT CHARSET=utf8mb4 [42001-214]
2026-02-27 16:30:42.847  INFO 29724 --- [           main] ConditionEvaluationReportLoggingListener : 

Error starting ApplicationContext. To display the conditions report re-run your application with 'debug' enabled.
2026-02-27 16:30:42.854 ERROR 29724 --- [           main] o.s.boot.SpringApplication               : Application run failed

org.springframework.beans.factory.BeanCreationException: Error creating bean with name 'dataSourceScriptDatabaseInitializer' defined in class path resource [org/springframework/boot/autoconfigure/sql/init/DataSourceInitializationConfiguration.class]: Invocation of init method failed; nested exception is org.springframework.jdbc.datasource.init.ScriptStatementFailedException: Failed to execute SQL script statement #1 of URL [file:/D:/workspace/ai/spring-security-boot/security-components/security-user/security-user-impl/target/classes/schema.sql]: CREATE TABLE IF NOT EXISTS users ( id BIGINT AUTO_INCREMENT PRIMARY KEY, username VARCHAR(50) NOT NULL, password VARCHAR(100) NOT NULL, email VARCHAR(100), enabled BOOLEAN DEFAULT TRUE NOT NULL, created_at TIMESTAMP DEFAULT CURRENT_TIMESTAMP NOT NULL, CONSTRAINT uk_users_username UNIQUE (username) ) ENGINE=InnoDB DEFAULT CHARSET=utf8mb4; nested exception is org.h2.jdbc.JdbcSQLSyntaxErrorException: Syntax error in SQL statement "CREATE TABLE IF NOT EXISTS users ( id BIGINT AUTO_INCREMENT PRIMARY KEY, username VARCHAR(50) NOT NULL, password VARCHAR(100) NOT NULL, email VARCHAR(100), enabled BOOLEAN DEFAULT TRUE NOT NULL, created_at TIMESTAMP DEFAULT CURRENT_TIMESTAMP NOT NULL, CONSTRAINT uk_users_username UNIQUE (username) ) ENGINE[*]=InnoDB DEFAULT CHARSET=utf8mb4"; expected "identifier"; SQL statement:
CREATE TABLE IF NOT EXISTS users ( id BIGINT AUTO_INCREMENT PRIMARY KEY, username VARCHAR(50) NOT NULL, password VARCHAR(100) NOT NULL, email VARCHAR(100), enabled BOOLEAN DEFAULT TRUE NOT NULL, created_at TIMESTAMP DEFAULT CURRENT_TIMESTAMP NOT NULL, CONSTRAINT uk_users_username UNIQUE (username) ) ENGINE=InnoDB DEFAULT CHARSET=utf8mb4 [42001-214]
	at org.springframework.beans.factory.support.AbstractAutowireCapableBeanFactory.initializeBean(AbstractAutowireCapableBeanFactory.java:1804) ~[spring-beans-5.3.31.jar:5.3.31]
	at org.springframework.beans.factory.support.AbstractAutowireCapableBeanFactory.doCreateBean(AbstractAutowireCapableBeanFactory.java:620) ~[spring-beans-5.3.31.jar:5.3.31]
	at org.springframework.beans.factory.support.AbstractAutowireCapableBeanFactory.createBean(AbstractAutowireCapableBeanFactory.java:542) ~[spring-beans-5.3.31.jar:5.3.31]
	at org.springframework.beans.factory.support.AbstractBeanFactory.lambda$doGetBean$0(AbstractBeanFactory.java:335) ~[spring-beans-5.3.31.jar:5.3.31]
	at org.springframework.beans.factory.support.DefaultSingletonBeanRegistry.getSingleton(DefaultSingletonBeanRegistry.java:234) ~[spring-beans-5.3.31.jar:5.3.31]
	at org.springframework.beans.factory.support.AbstractBeanFactory.doGetBean(AbstractBeanFactory.java:333) ~[spring-beans-5.3.31.jar:5.3.31]
	at org.springframework.beans.factory.support.AbstractBeanFactory.getBean(AbstractBeanFactory.java:208) ~[spring-beans-5.3.31.jar:5.3.31]
	at org.springframework.beans.factory.support.AbstractBeanFactory.doGetBean(AbstractBeanFactory.java:322) ~[spring-beans-5.3.31.jar:5.3.31]
	at org.springframework.beans.factory.support.AbstractBeanFactory.getBean(AbstractBeanFactory.java:208) ~[spring-beans-5.3.31.jar:5.3.31]
	at org.springframework.context.support.AbstractApplicationContext.getBean(AbstractApplicationContext.java:1168) ~[spring-context-5.3.31.jar:5.3.31]
	at org.springframework.context.support.AbstractApplicationContext.finishBeanFactoryInitialization(AbstractApplicationContext.java:919) ~[spring-context-5.3.31.jar:5.3.31]
	at org.springframework.context.support.AbstractApplicationContext.refresh(AbstractApplicationContext.java:591) ~[spring-context-5.3.31.jar:5.3.31]
	at org.springframework.boot.SpringApplication.refresh(SpringApplication.java:732) ~[spring-boot-2.7.18.jar:2.7.18]
	at org.springframework.boot.SpringApplication.refreshContext(SpringApplication.java:409) ~[spring-boot-2.7.18.jar:2.7.18]
	at org.springframework.boot.SpringApplication.run(SpringApplication.java:308) ~[spring-boot-2.7.18.jar:2.7.18]
	at org.springframework.boot.test.context.SpringBootContextLoader.loadContext(SpringBootContextLoader.java:136) [spring-boot-test-2.7.18.jar:2.7.18]
	at org.springframework.test.context.cache.DefaultCacheAwareContextLoaderDelegate.loadContextInternal(DefaultCacheAwareContextLoaderDelegate.java:141) [spring-test-5.3.31.jar:5.3.31]
	at org.springframework.test.context.cache.DefaultCacheAwareContextLoaderDelegate.loadContext(DefaultCacheAwareContextLoaderDelegate.java:90) [spring-test-5.3.31.jar:5.3.31]
	at org.springframework.test.context.support.DefaultTestContext.getApplicationContext(DefaultTestContext.java:124) [spring-test-5.3.31.jar:5.3.31]
	at org.springframework.test.context.junit.jupiter.SpringExtension.getApplicationContext(SpringExtension.java:283) [spring-test-5.3.31.jar:5.3.31]
	at org.springframework.test.context.junit.jupiter.SpringExtension.resolveParameter(SpringExtension.java:269) [spring-test-5.3.31.jar:5.3.31]
	at org.junit.jupiter.engine.execution.ExecutableInvoker.resolveParameter(ExecutableInvoker.java:216) [junit-jupiter-engine-5.8.2.jar:5.8.2]
	at org.junit.jupiter.engine.execution.ExecutableInvoker.resolveParameters(ExecutableInvoker.java:183) [junit-jupiter-engine-5.8.2.jar:5.8.2]
	at org.junit.jupiter.engine.execution.ExecutableInvoker.invoke(ExecutableInvoker.java:74) [junit-jupiter-engine-5.8.2.jar:5.8.2]
	at org.junit.jupiter.engine.descriptor.ClassBasedTestDescriptor.invokeTestClassConstructor(ClassBasedTestDescriptor.java:355) [junit-jupiter-engine-5.8.2.jar:5.8.2]
	at org.junit.jupiter.engine.descriptor.ClassBasedTestDescriptor.instantiateTestClass(ClassBasedTestDescriptor.java:302) [junit-jupiter-engine-5.8.2.jar:5.8.2]
	at org.junit.jupiter.engine.descriptor.ClassTestDescriptor.instantiateTestClass(ClassTestDescriptor.java:79) [junit-jupiter-engine-5.8.2.jar:5.8.2]
	at org.junit.jupiter.engine.descriptor.ClassBasedTestDescriptor.instantiateAndPostProcessTestInstance(ClassBasedTestDescriptor.java:280) [junit-jupiter-engine-5.8.2.jar:5.8.2]
	at org.junit.jupiter.engine.descriptor.ClassBasedTestDescriptor.lambda$testInstancesProvider$4(ClassBasedTestDescriptor.java:272) [junit-jupiter-engine-5.8.2.jar:5.8.2]
	at java.util.Optional.orElseGet(Optional.java:267) ~[na:1.8.0_60]
	at org.junit.jupiter.engine.descriptor.ClassBasedTestDescriptor.lambda$testInstancesProvider$5(ClassBasedTestDescriptor.java:271) [junit-jupiter-engine-5.8.2.jar:5.8.2]
	at org.junit.jupiter.engine.execution.TestInstancesProvider.getTestInstances(TestInstancesProvider.java:31) ~[junit-jupiter-engine-5.8.2.jar:5.8.2]
	at org.junit.jupiter.engine.descriptor.TestMethodTestDescriptor.lambda$prepare$0(TestMethodTestDescriptor.java:102) ~[junit-jupiter-engine-5.8.2.jar:5.8.2]
	at org.junit.platform.engine.support.hierarchical.ThrowableCollector.execute(ThrowableCollector.java:73) ~[junit-platform-engine-1.8.2.jar:1.8.2]
	at org.junit.jupiter.engine.descriptor.TestMethodTestDescriptor.prepare(TestMethodTestDescriptor.java:101) ~[junit-jupiter-engine-5.8.2.jar:5.8.2]
	at org.junit.jupiter.engine.descriptor.TestMethodTestDescriptor.prepare(TestMethodTestDescriptor.java:66) ~[junit-jupiter-engine-5.8.2.jar:5.8.2]
	at org.junit.platform.engine.support.hierarchical.NodeTestTask.lambda$prepare$2(NodeTestTask.java:123) ~[junit-platform-engine-1.8.2.jar:1.8.2]
	at org.junit.platform.engine.support.hierarchical.ThrowableCollector.execute(ThrowableCollector.java:73) ~[junit-platform-engine-1.8.2.jar:1.8.2]
	at org.junit.platform.engine.support.hierarchical.NodeTestTask.prepare(NodeTestTask.java:123) ~[junit-platform-engine-1.8.2.jar:1.8.2]
	at org.junit.platform.engine.support.hierarchical.NodeTestTask.execute(NodeTestTask.java:90) ~[junit-platform-engine-1.8.2.jar:1.8.2]
	at java.util.ArrayList.forEach(ArrayList.java:1249) ~[na:1.8.0_60]
	at org.junit.platform.engine.support.hierarchical.SameThreadHierarchicalTestExecutorService.invokeAll(SameThreadHierarchicalTestExecutorService.java:41) ~[junit-platform-engine-1.8.2.jar:1.8.2]
	at org.junit.platform.engine.support.hierarchical.NodeTestTask.lambda$executeRecursively$6(NodeTestTask.java:155) ~[junit-platform-engine-1.8.2.jar:1.8.2]
	at org.junit.platform.engine.support.hierarchical.ThrowableCollector.execute(ThrowableCollector.java:73) ~[junit-platform-engine-1.8.2.jar:1.8.2]
	at org.junit.platform.engine.support.hierarchical.NodeTestTask.lambda$executeRecursively$8(NodeTestTask.java:141) ~[junit-platform-engine-1.8.2.jar:1.8.2]
	at org.junit.platform.engine.support.hierarchical.Node.around(Node.java:137) ~[junit-platform-engine-1.8.2.jar:1.8.2]
	at org.junit.platform.engine.support.hierarchical.NodeTestTask.lambda$executeRecursively$9(NodeTestTask.java:139) ~[junit-platform-engine-1.8.2.jar:1.8.2]
	at org.junit.platform.engine.support.hierarchical.ThrowableCollector.execute(ThrowableCollector.java:73) ~[junit-platform-engine-1.8.2.jar:1.8.2]
	at org.junit.platform.engine.support.hierarchical.NodeTestTask.executeRecursively(NodeTestTask.java:138) ~[junit-platform-engine-1.8.2.jar:1.8.2]
	at org.junit.platform.engine.support.hierarchical.NodeTestTask.execute(NodeTestTask.java:95) ~[junit-platform-engine-1.8.2.jar:1.8.2]
	at java.util.ArrayList.forEach(ArrayList.java:1249) ~[na:1.8.0_60]
	at org.junit.platform.engine.support.hierarchical.SameThreadHierarchicalTestExecutorService.invokeAll(SameThreadHierarchicalTestExecutorService.java:41) ~[junit-platform-engine-1.8.2.jar:1.8.2]
	at org.junit.platform.engine.support.hierarchical.NodeTestTask.lambda$executeRecursively$6(NodeTestTask.java:155) ~[junit-platform-engine-1.8.2.jar:1.8.2]
	at org.junit.platform.engine.support.hierarchical.ThrowableCollector.execute(ThrowableCollector.java:73) ~[junit-platform-engine-1.8.2.jar:1.8.2]
	at org.junit.platform.engine.support.hierarchical.NodeTestTask.lambda$executeRecursively$8(NodeTestTask.java:141) ~[junit-platform-engine-1.8.2.jar:1.8.2]
	at org.junit.platform.engine.support.hierarchical.Node.around(Node.java:137) ~[junit-platform-engine-1.8.2.jar:1.8.2]
	at org.junit.platform.engine.support.hierarchical.NodeTestTask.lambda$executeRecursively$9(NodeTestTask.java:139) ~[junit-platform-engine-1.8.2.jar:1.8.2]
	at org.junit.platform.engine.support.hierarchical.ThrowableCollector.execute(ThrowableCollector.java:73) ~[junit-platform-engine-1.8.2.jar:1.8.2]
	at org.junit.platform.engine.support.hierarchical.NodeTestTask.executeRecursively(NodeTestTask.java:138) ~[junit-platform-engine-1.8.2.jar:1.8.2]
	at org.junit.platform.engine.support.hierarchical.NodeTestTask.execute(NodeTestTask.java:95) ~[junit-platform-engine-1.8.2.jar:1.8.2]
	at org.junit.platform.engine.support.hierarchical.SameThreadHierarchicalTestExecutorService.submit(SameThreadHierarchicalTestExecutorService.java:35) ~[junit-platform-engine-1.8.2.jar:1.8.2]
	at org.junit.platform.engine.support.hierarchical.HierarchicalTestExecutor.execute(HierarchicalTestExecutor.java:57) ~[junit-platform-engine-1.8.2.jar:1.8.2]
	at org.junit.platform.engine.support.hierarchical.HierarchicalTestEngine.execute(HierarchicalTestEngine.java:54) ~[junit-platform-engine-1.8.2.jar:1.8.2]
	at org.junit.platform.launcher.core.EngineExecutionOrchestrator.execute(EngineExecutionOrchestrator.java:107) ~[junit-platform-launcher-1.8.2.jar:1.8.2]
	at org.junit.platform.launcher.core.EngineExecutionOrchestrator.execute(EngineExecutionOrchestrator.java:88) ~[junit-platform-launcher-1.8.2.jar:1.8.2]
	at org.junit.platform.launcher.core.EngineExecutionOrchestrator.lambda$execute$0(EngineExecutionOrchestrator.java:54) ~[junit-platform-launcher-1.8.2.jar:1.8.2]
	at org.junit.platform.launcher.core.EngineExecutionOrchestrator.withInterceptedStreams(EngineExecutionOrchestrator.java:67) ~[junit-platform-launcher-1.8.2.jar:1.8.2]
	at org.junit.platform.launcher.core.EngineExecutionOrchestrator.execute(EngineExecutionOrchestrator.java:52) ~[junit-platform-launcher-1.8.2.jar:1.8.2]
	at org.junit.platform.launcher.core.DefaultLauncher.execute(DefaultLauncher.java:114) ~[junit-platform-launcher-1.8.2.jar:1.8.2]
	at org.junit.platform.launcher.core.DefaultLauncher.execute(DefaultLauncher.java:86) ~[junit-platform-launcher-1.8.2.jar:1.8.2]
	at org.junit.platform.launcher.core.DefaultLauncherSession$DelegatingLauncher.execute(DefaultLauncherSession.java:86) ~[junit-platform-launcher-1.8.2.jar:1.8.2]
	at org.apache.maven.surefire.junitplatform.LazyLauncher.execute(LazyLauncher.java:55) ~[surefire-junit-platform-3.0.0-M8.jar:3.0.0-M8]
	at org.apache.maven.surefire.junitplatform.JUnitPlatformProvider.execute(JUnitPlatformProvider.java:223) ~[surefire-junit-platform-3.0.0-M8.jar:3.0.0-M8]
	at org.apache.maven.surefire.junitplatform.JUnitPlatformProvider.invokeAllTests(JUnitPlatformProvider.java:175) ~[surefire-junit-platform-3.0.0-M8.jar:3.0.0-M8]
	at org.apache.maven.surefire.junitplatform.JUnitPlatformProvider.invoke(JUnitPlatformProvider.java:139) ~[surefire-junit-platform-3.0.0-M8.jar:3.0.0-M8]
	at org.apache.maven.surefire.booter.ForkedBooter.runSuitesInProcess(ForkedBooter.java:456) ~[surefire-booter-3.0.0-M8.jar:3.0.0-M8]
	at org.apache.maven.surefire.booter.ForkedBooter.execute(ForkedBooter.java:169) ~[surefire-booter-3.0.0-M8.jar:3.0.0-M8]
	at org.apache.maven.surefire.booter.ForkedBooter.run(ForkedBooter.java:595) ~[surefire-booter-3.0.0-M8.jar:3.0.0-M8]
	at org.apache.maven.surefire.booter.ForkedBooter.main(ForkedBooter.java:581) ~[surefire-booter-3.0.0-M8.jar:3.0.0-M8]
Caused by: org.springframework.jdbc.datasource.init.ScriptStatementFailedException: Failed to execute SQL script statement #1 of URL [file:/D:/workspace/ai/spring-security-boot/security-components/security-user/security-user-impl/target/classes/schema.sql]: CREATE TABLE IF NOT EXISTS users ( id BIGINT AUTO_INCREMENT PRIMARY KEY, username VARCHAR(50) NOT NULL, password VARCHAR(100) NOT NULL, email VARCHAR(100), enabled BOOLEAN DEFAULT TRUE NOT NULL, created_at TIMESTAMP DEFAULT CURRENT_TIMESTAMP NOT NULL, CONSTRAINT uk_users_username UNIQUE (username) ) ENGINE=InnoDB DEFAULT CHARSET=utf8mb4; nested exception is org.h2.jdbc.JdbcSQLSyntaxErrorException: Syntax error in SQL statement "CREATE TABLE IF NOT EXISTS users ( id BIGINT AUTO_INCREMENT PRIMARY KEY, username VARCHAR(50) NOT NULL, password VARCHAR(100) NOT NULL, email VARCHAR(100), enabled BOOLEAN DEFAULT TRUE NOT NULL, created_at TIMESTAMP DEFAULT CURRENT_TIMESTAMP NOT NULL, CONSTRAINT uk_users_username UNIQUE (username) ) ENGINE[*]=InnoDB DEFAULT CHARSET=utf8mb4"; expected "identifier"; SQL statement:
CREATE TABLE IF NOT EXISTS users ( id BIGINT AUTO_INCREMENT PRIMARY KEY, username VARCHAR(50) NOT NULL, password VARCHAR(100) NOT NULL, email VARCHAR(100), enabled BOOLEAN DEFAULT TRUE NOT NULL, created_at TIMESTAMP DEFAULT CURRENT_TIMESTAMP NOT NULL, CONSTRAINT uk_users_username UNIQUE (username) ) ENGINE=InnoDB DEFAULT CHARSET=utf8mb4 [42001-214]
	at org.springframework.jdbc.datasource.init.ScriptUtils.executeSqlScript(ScriptUtils.java:282) ~[spring-jdbc-5.3.31.jar:5.3.31]
	at org.springframework.jdbc.datasource.init.ResourceDatabasePopulator.populate(ResourceDatabasePopulator.java:254) ~[spring-jdbc-5.3.31.jar:5.3.31]
	at org.springframework.jdbc.datasource.init.DatabasePopulatorUtils.execute(DatabasePopulatorUtils.java:54) ~[spring-jdbc-5.3.31.jar:5.3.31]
	at org.springframework.boot.jdbc.init.DataSourceScriptDatabaseInitializer.runScripts(DataSourceScriptDatabaseInitializer.java:90) ~[spring-boot-2.7.18.jar:2.7.18]
	at org.springframework.boot.sql.init.AbstractScriptDatabaseInitializer.runScripts(AbstractScriptDatabaseInitializer.java:145) ~[spring-boot-2.7.18.jar:2.7.18]
	at org.springframework.boot.sql.init.AbstractScriptDatabaseInitializer.applyScripts(AbstractScriptDatabaseInitializer.java:107) ~[spring-boot-2.7.18.jar:2.7.18]
	at org.springframework.boot.sql.init.AbstractScriptDatabaseInitializer.applySchemaScripts(AbstractScriptDatabaseInitializer.java:97) ~[spring-boot-2.7.18.jar:2.7.18]
	at org.springframework.boot.sql.init.AbstractScriptDatabaseInitializer.initializeDatabase(AbstractScriptDatabaseInitializer.java:75) ~[spring-boot-2.7.18.jar:2.7.18]
	at org.springframework.boot.sql.init.AbstractScriptDatabaseInitializer.afterPropertiesSet(AbstractScriptDatabaseInitializer.java:65) ~[spring-boot-2.7.18.jar:2.7.18]
	at org.springframework.beans.factory.support.AbstractAutowireCapableBeanFactory.invokeInitMethods(AbstractAutowireCapableBeanFactory.java:1863) ~[spring-beans-5.3.31.jar:5.3.31]
	at org.springframework.beans.factory.support.AbstractAutowireCapableBeanFactory.initializeBean(AbstractAutowireCapableBeanFactory.java:1800) ~[spring-beans-5.3.31.jar:5.3.31]
	... 78 common frames omitted
Caused by: org.h2.jdbc.JdbcSQLSyntaxErrorException: Syntax error in SQL statement "CREATE TABLE IF NOT EXISTS users ( id BIGINT AUTO_INCREMENT PRIMARY KEY, username VARCHAR(50) NOT NULL, password VARCHAR(100) NOT NULL, email VARCHAR(100), enabled BOOLEAN DEFAULT TRUE NOT NULL, created_at TIMESTAMP DEFAULT CURRENT_TIMESTAMP NOT NULL, CONSTRAINT uk_users_username UNIQUE (username) ) ENGINE[*]=InnoDB DEFAULT CHARSET=utf8mb4"; expected "identifier"; SQL statement:
CREATE TABLE IF NOT EXISTS users ( id BIGINT AUTO_INCREMENT PRIMARY KEY, username VARCHAR(50) NOT NULL, password VARCHAR(100) NOT NULL, email VARCHAR(100), enabled BOOLEAN DEFAULT TRUE NOT NULL, created_at TIMESTAMP DEFAULT CURRENT_TIMESTAMP NOT NULL, CONSTRAINT uk_users_username UNIQUE (username) ) ENGINE=InnoDB DEFAULT CHARSET=utf8mb4 [42001-214]
	at org.h2.message.DbException.getJdbcSQLException(DbException.java:502) ~[h2-2.1.214.jar:2.1.214]
	at org.h2.message.DbException.getJdbcSQLException(DbException.java:477) ~[h2-2.1.214.jar:2.1.214]
	at org.h2.message.DbException.getSyntaxError(DbException.java:261) ~[h2-2.1.214.jar:2.1.214]
	at org.h2.command.Parser.readIdentifier(Parser.java:5656) ~[h2-2.1.214.jar:2.1.214]
	at org.h2.command.Parser.parseCreateTable(Parser.java:9279) ~[h2-2.1.214.jar:2.1.214]
	at org.h2.command.Parser.parseCreate(Parser.java:6784) ~[h2-2.1.214.jar:2.1.214]
	at org.h2.command.Parser.parsePrepared(Parser.java:763) ~[h2-2.1.214.jar:2.1.214]
	at org.h2.command.Parser.parse(Parser.java:689) ~[h2-2.1.214.jar:2.1.214]
	at org.h2.command.Parser.parse(Parser.java:661) ~[h2-2.1.214.jar:2.1.214]
	at org.h2.command.Parser.prepareCommand(Parser.java:569) ~[h2-2.1.214.jar:2.1.214]
	at org.h2.engine.SessionLocal.prepareLocal(SessionLocal.java:631) ~[h2-2.1.214.jar:2.1.214]
	at org.h2.engine.SessionLocal.prepareCommand(SessionLocal.java:554) ~[h2-2.1.214.jar:2.1.214]
	at org.h2.jdbc.JdbcConnection.prepareCommand(JdbcConnection.java:1116) ~[h2-2.1.214.jar:2.1.214]
	at org.h2.jdbc.JdbcStatement.executeInternal(JdbcStatement.java:237) ~[h2-2.1.214.jar:2.1.214]
	at org.h2.jdbc.JdbcStatement.execute(JdbcStatement.java:223) ~[h2-2.1.214.jar:2.1.214]
	at org.springframework.jdbc.datasource.init.ScriptUtils.executeSqlScript(ScriptUtils.java:261) ~[spring-jdbc-5.3.31.jar:5.3.31]
	... 88 common frames omitted

[ERROR] Tests run: 2, Failures: 0, Errors: 2, Skipped: 0, Time elapsed: 2.462 s <<< FAILURE! - in com.original.security.user.SchemaInitializationTest
[ERROR] com.original.security.user.SchemaInitializationTest.testSchemaInitialized  Time elapsed: 0.009 s  <<< ERROR!
org.junit.jupiter.api.extension.ParameterResolutionException: Failed to resolve parameter [org.springframework.jdbc.core.JdbcTemplate arg0] in constructor [public com.original.security.user.SchemaInitializationTest(org.springframework.jdbc.core.JdbcTemplate)]: Failed to load ApplicationContext
	at org.junit.jupiter.engine.execution.ExecutableInvoker.resolveParameter(ExecutableInvoker.java:239)
	at org.junit.jupiter.engine.execution.ExecutableInvoker.resolveParameters(ExecutableInvoker.java:183)
	at org.junit.jupiter.engine.execution.ExecutableInvoker.invoke(ExecutableInvoker.java:74)
	at org.junit.jupiter.engine.descriptor.ClassBasedTestDescriptor.invokeTestClassConstructor(ClassBasedTestDescriptor.java:355)
	at org.junit.jupiter.engine.descriptor.ClassBasedTestDescriptor.instantiateTestClass(ClassBasedTestDescriptor.java:302)
	at org.junit.jupiter.engine.descriptor.ClassTestDescriptor.instantiateTestClass(ClassTestDescriptor.java:79)
	at org.junit.jupiter.engine.descriptor.ClassBasedTestDescriptor.instantiateAndPostProcessTestInstance(ClassBasedTestDescriptor.java:280)
	at org.junit.jupiter.engine.descriptor.ClassBasedTestDescriptor.lambda$testInstancesProvider$4(ClassBasedTestDescriptor.java:272)
	at java.util.Optional.orElseGet(Optional.java:267)
	at org.junit.jupiter.engine.descriptor.ClassBasedTestDescriptor.lambda$testInstancesProvider$5(ClassBasedTestDescriptor.java:271)
	at org.junit.jupiter.engine.execution.TestInstancesProvider.getTestInstances(TestInstancesProvider.java:31)
	at org.junit.jupiter.engine.descriptor.TestMethodTestDescriptor.lambda$prepare$0(TestMethodTestDescriptor.java:102)
	at org.junit.platform.engine.support.hierarchical.ThrowableCollector.execute(ThrowableCollector.java:73)
	at org.junit.jupiter.engine.descriptor.TestMethodTestDescriptor.prepare(TestMethodTestDescriptor.java:101)
	at org.junit.jupiter.engine.descriptor.TestMethodTestDescriptor.prepare(TestMethodTestDescriptor.java:66)
	at org.junit.platform.engine.support.hierarchical.NodeTestTask.lambda$prepare$2(NodeTestTask.java:123)
	at org.junit.platform.engine.support.hierarchical.ThrowableCollector.execute(ThrowableCollector.java:73)
	at org.junit.platform.engine.support.hierarchical.NodeTestTask.prepare(NodeTestTask.java:123)
	at org.junit.platform.engine.support.hierarchical.NodeTestTask.execute(NodeTestTask.java:90)
	at java.util.ArrayList.forEach(ArrayList.java:1249)
	at org.junit.platform.engine.support.hierarchical.SameThreadHierarchicalTestExecutorService.invokeAll(SameThreadHierarchicalTestExecutorService.java:41)
	at org.junit.platform.engine.support.hierarchical.NodeTestTask.lambda$executeRecursively$6(NodeTestTask.java:155)
	at org.junit.platform.engine.support.hierarchical.ThrowableCollector.execute(ThrowableCollector.java:73)
	at org.junit.platform.engine.support.hierarchical.NodeTestTask.lambda$executeRecursively$8(NodeTestTask.java:141)
	at org.junit.platform.engine.support.hierarchical.Node.around(Node.java:137)
	at org.junit.platform.engine.support.hierarchical.NodeTestTask.lambda$executeRecursively$9(NodeTestTask.java:139)
	at org.junit.platform.engine.support.hierarchical.ThrowableCollector.execute(ThrowableCollector.java:73)
	at org.junit.platform.engine.support.hierarchical.NodeTestTask.executeRecursively(NodeTestTask.java:138)
	at org.junit.platform.engine.support.hierarchical.NodeTestTask.execute(NodeTestTask.java:95)
	at java.util.ArrayList.forEach(ArrayList.java:1249)
	at org.junit.platform.engine.support.hierarchical.SameThreadHierarchicalTestExecutorService.invokeAll(SameThreadHierarchicalTestExecutorService.java:41)
	at org.junit.platform.engine.support.hierarchical.NodeTestTask.lambda$executeRecursively$6(NodeTestTask.java:155)
	at org.junit.platform.engine.support.hierarchical.ThrowableCollector.execute(ThrowableCollector.java:73)
	at org.junit.platform.engine.support.hierarchical.NodeTestTask.lambda$executeRecursively$8(NodeTestTask.java:141)
	at org.junit.platform.engine.support.hierarchical.Node.around(Node.java:137)
	at org.junit.platform.engine.support.hierarchical.NodeTestTask.lambda$executeRecursively$9(NodeTestTask.java:139)
	at org.junit.platform.engine.support.hierarchical.ThrowableCollector.execute(ThrowableCollector.java:73)
	at org.junit.platform.engine.support.hierarchical.NodeTestTask.executeRecursively(NodeTestTask.java:138)
	at org.junit.platform.engine.support.hierarchical.NodeTestTask.execute(NodeTestTask.java:95)
	at org.junit.platform.engine.support.hierarchical.SameThreadHierarchicalTestExecutorService.submit(SameThreadHierarchicalTestExecutorService.java:35)
	at org.junit.platform.engine.support.hierarchical.HierarchicalTestExecutor.execute(HierarchicalTestExecutor.java:57)
	at org.junit.platform.engine.support.hierarchical.HierarchicalTestEngine.execute(HierarchicalTestEngine.java:54)
	at org.junit.platform.launcher.core.EngineExecutionOrchestrator.execute(EngineExecutionOrchestrator.java:107)
	at org.junit.platform.launcher.core.EngineExecutionOrchestrator.execute(EngineExecutionOrchestrator.java:88)
	at org.junit.platform.launcher.core.EngineExecutionOrchestrator.lambda$execute$0(EngineExecutionOrchestrator.java:54)
	at org.junit.platform.launcher.core.EngineExecutionOrchestrator.withInterceptedStreams(EngineExecutionOrchestrator.java:67)
	at org.junit.platform.launcher.core.EngineExecutionOrchestrator.execute(EngineExecutionOrchestrator.java:52)
	at org.junit.platform.launcher.core.DefaultLauncher.execute(DefaultLauncher.java:114)
	at org.junit.platform.launcher.core.DefaultLauncher.execute(DefaultLauncher.java:86)
	at org.junit.platform.launcher.core.DefaultLauncherSession$DelegatingLauncher.execute(DefaultLauncherSession.java:86)
	at org.apache.maven.surefire.junitplatform.LazyLauncher.execute(LazyLauncher.java:55)
	at org.apache.maven.surefire.junitplatform.JUnitPlatformProvider.execute(JUnitPlatformProvider.java:223)
	at org.apache.maven.surefire.junitplatform.JUnitPlatformProvider.invokeAllTests(JUnitPlatformProvider.java:175)
	at org.apache.maven.surefire.junitplatform.JUnitPlatformProvider.invoke(JUnitPlatformProvider.java:139)
	at org.apache.maven.surefire.booter.ForkedBooter.runSuitesInProcess(ForkedBooter.java:456)
	at org.apache.maven.surefire.booter.ForkedBooter.execute(ForkedBooter.java:169)
	at org.apache.maven.surefire.booter.ForkedBooter.run(ForkedBooter.java:595)
	at org.apache.maven.surefire.booter.ForkedBooter.main(ForkedBooter.java:581)
Caused by: java.lang.IllegalStateException: Failed to load ApplicationContext
	at org.springframework.test.context.cache.DefaultCacheAwareContextLoaderDelegate.loadContext(DefaultCacheAwareContextLoaderDelegate.java:98)
	at org.springframework.test.context.support.DefaultTestContext.getApplicationContext(DefaultTestContext.java:124)
	at org.springframework.test.context.junit.jupiter.SpringExtension.getApplicationContext(SpringExtension.java:283)
	at org.springframework.test.context.junit.jupiter.SpringExtension.resolveParameter(SpringExtension.java:269)
	at org.junit.jupiter.engine.execution.ExecutableInvoker.resolveParameter(ExecutableInvoker.java:216)
	... 57 more
Caused by: org.springframework.beans.factory.BeanCreationException: Error creating bean with name 'dataSourceScriptDatabaseInitializer' defined in class path resource [org/springframework/boot/autoconfigure/sql/init/DataSourceInitializationConfiguration.class]: Invocation of init method failed; nested exception is org.springframework.jdbc.datasource.init.ScriptStatementFailedException: Failed to execute SQL script statement #1 of URL [file:/D:/workspace/ai/spring-security-boot/security-components/security-user/security-user-impl/target/classes/schema.sql]: CREATE TABLE IF NOT EXISTS users ( id BIGINT AUTO_INCREMENT PRIMARY KEY, username VARCHAR(50) NOT NULL, password VARCHAR(100) NOT NULL, email VARCHAR(100), enabled BOOLEAN DEFAULT TRUE NOT NULL, created_at TIMESTAMP DEFAULT CURRENT_TIMESTAMP NOT NULL, CONSTRAINT uk_users_username UNIQUE (username) ) ENGINE=InnoDB DEFAULT CHARSET=utf8mb4; nested exception is org.h2.jdbc.JdbcSQLSyntaxErrorException: Syntax error in SQL statement "CREATE TABLE IF NOT EXISTS users ( id BIGINT AUTO_INCREMENT PRIMARY KEY, username VARCHAR(50) NOT NULL, password VARCHAR(100) NOT NULL, email VARCHAR(100), enabled BOOLEAN DEFAULT TRUE NOT NULL, created_at TIMESTAMP DEFAULT CURRENT_TIMESTAMP NOT NULL, CONSTRAINT uk_users_username UNIQUE (username) ) ENGINE[*]=InnoDB DEFAULT CHARSET=utf8mb4"; expected "identifier"; SQL statement:
CREATE TABLE IF NOT EXISTS users ( id BIGINT AUTO_INCREMENT PRIMARY KEY, username VARCHAR(50) NOT NULL, password VARCHAR(100) NOT NULL, email VARCHAR(100), enabled BOOLEAN DEFAULT TRUE NOT NULL, created_at TIMESTAMP DEFAULT CURRENT_TIMESTAMP NOT NULL, CONSTRAINT uk_users_username UNIQUE (username) ) ENGINE=InnoDB DEFAULT CHARSET=utf8mb4 [42001-214]
	at org.springframework.beans.factory.support.AbstractAutowireCapableBeanFactory.initializeBean(AbstractAutowireCapableBeanFactory.java:1804)
	at org.springframework.beans.factory.support.AbstractAutowireCapableBeanFactory.doCreateBean(AbstractAutowireCapableBeanFactory.java:620)
	at org.springframework.beans.factory.support.AbstractAutowireCapableBeanFactory.createBean(AbstractAutowireCapableBeanFactory.java:542)
	at org.springframework.beans.factory.support.AbstractBeanFactory.lambda$doGetBean$0(AbstractBeanFactory.java:335)
	at org.springframework.beans.factory.support.DefaultSingletonBeanRegistry.getSingleton(DefaultSingletonBeanRegistry.java:234)
	at org.springframework.beans.factory.support.AbstractBeanFactory.doGetBean(AbstractBeanFactory.java:333)
	at org.springframework.beans.factory.support.AbstractBeanFactory.getBean(AbstractBeanFactory.java:208)
	at org.springframework.beans.factory.support.AbstractBeanFactory.doGetBean(AbstractBeanFactory.java:322)
	at org.springframework.beans.factory.support.AbstractBeanFactory.getBean(AbstractBeanFactory.java:208)
	at org.springframework.context.support.AbstractApplicationContext.getBean(AbstractApplicationContext.java:1168)
	at org.springframework.context.support.AbstractApplicationContext.finishBeanFactoryInitialization(AbstractApplicationContext.java:919)
	at org.springframework.context.support.AbstractApplicationContext.refresh(AbstractApplicationContext.java:591)
	at org.springframework.boot.SpringApplication.refresh(SpringApplication.java:732)
	at org.springframework.boot.SpringApplication.refreshContext(SpringApplication.java:409)
	at org.springframework.boot.SpringApplication.run(SpringApplication.java:308)
	at org.springframework.boot.test.context.SpringBootContextLoader.loadContext(SpringBootContextLoader.java:136)
	at org.springframework.test.context.cache.DefaultCacheAwareContextLoaderDelegate.loadContextInternal(DefaultCacheAwareContextLoaderDelegate.java:141)
	at org.springframework.test.context.cache.DefaultCacheAwareContextLoaderDelegate.loadContext(DefaultCacheAwareContextLoaderDelegate.java:90)
	... 61 more
Caused by: org.springframework.jdbc.datasource.init.ScriptStatementFailedException: Failed to execute SQL script statement #1 of URL [file:/D:/workspace/ai/spring-security-boot/security-components/security-user/security-user-impl/target/classes/schema.sql]: CREATE TABLE IF NOT EXISTS users ( id BIGINT AUTO_INCREMENT PRIMARY KEY, username VARCHAR(50) NOT NULL, password VARCHAR(100) NOT NULL, email VARCHAR(100), enabled BOOLEAN DEFAULT TRUE NOT NULL, created_at TIMESTAMP DEFAULT CURRENT_TIMESTAMP NOT NULL, CONSTRAINT uk_users_username UNIQUE (username) ) ENGINE=InnoDB DEFAULT CHARSET=utf8mb4; nested exception is org.h2.jdbc.JdbcSQLSyntaxErrorException: Syntax error in SQL statement "CREATE TABLE IF NOT EXISTS users ( id BIGINT AUTO_INCREMENT PRIMARY KEY, username VARCHAR(50) NOT NULL, password VARCHAR(100) NOT NULL, email VARCHAR(100), enabled BOOLEAN DEFAULT TRUE NOT NULL, created_at TIMESTAMP DEFAULT CURRENT_TIMESTAMP NOT NULL, CONSTRAINT uk_users_username UNIQUE (username) ) ENGINE[*]=InnoDB DEFAULT CHARSET=utf8mb4"; expected "identifier"; SQL statement:
CREATE TABLE IF NOT EXISTS users ( id BIGINT AUTO_INCREMENT PRIMARY KEY, username VARCHAR(50) NOT NULL, password VARCHAR(100) NOT NULL, email VARCHAR(100), enabled BOOLEAN DEFAULT TRUE NOT NULL, created_at TIMESTAMP DEFAULT CURRENT_TIMESTAMP NOT NULL, CONSTRAINT uk_users_username UNIQUE (username) ) ENGINE=InnoDB DEFAULT CHARSET=utf8mb4 [42001-214]
	at org.springframework.jdbc.datasource.init.ScriptUtils.executeSqlScript(ScriptUtils.java:282)
	at org.springframework.jdbc.datasource.init.ResourceDatabasePopulator.populate(ResourceDatabasePopulator.java:254)
	at org.springframework.jdbc.datasource.init.DatabasePopulatorUtils.execute(DatabasePopulatorUtils.java:54)
	at org.springframework.boot.jdbc.init.DataSourceScriptDatabaseInitializer.runScripts(DataSourceScriptDatabaseInitializer.java:90)
	at org.springframework.boot.sql.init.AbstractScriptDatabaseInitializer.runScripts(AbstractScriptDatabaseInitializer.java:145)
	at org.springframework.boot.sql.init.AbstractScriptDatabaseInitializer.applyScripts(AbstractScriptDatabaseInitializer.java:107)
	at org.springframework.boot.sql.init.AbstractScriptDatabaseInitializer.applySchemaScripts(AbstractScriptDatabaseInitializer.java:97)
	at org.springframework.boot.sql.init.AbstractScriptDatabaseInitializer.initializeDatabase(AbstractScriptDatabaseInitializer.java:75)
	at org.springframework.boot.sql.init.AbstractScriptDatabaseInitializer.afterPropertiesSet(AbstractScriptDatabaseInitializer.java:65)
	at org.springframework.beans.factory.support.AbstractAutowireCapableBeanFactory.invokeInitMethods(AbstractAutowireCapableBeanFactory.java:1863)
	at org.springframework.beans.factory.support.AbstractAutowireCapableBeanFactory.initializeBean(AbstractAutowireCapableBeanFactory.java:1800)
	... 78 more
Caused by: org.h2.jdbc.JdbcSQLSyntaxErrorException: Syntax error in SQL statement "CREATE TABLE IF NOT EXISTS users ( id BIGINT AUTO_INCREMENT PRIMARY KEY, username VARCHAR(50) NOT NULL, password VARCHAR(100) NOT NULL, email VARCHAR(100), enabled BOOLEAN DEFAULT TRUE NOT NULL, created_at TIMESTAMP DEFAULT CURRENT_TIMESTAMP NOT NULL, CONSTRAINT uk_users_username UNIQUE (username) ) ENGINE[*]=InnoDB DEFAULT CHARSET=utf8mb4"; expected "identifier"; SQL statement:
CREATE TABLE IF NOT EXISTS users ( id BIGINT AUTO_INCREMENT PRIMARY KEY, username VARCHAR(50) NOT NULL, password VARCHAR(100) NOT NULL, email VARCHAR(100), enabled BOOLEAN DEFAULT TRUE NOT NULL, created_at TIMESTAMP DEFAULT CURRENT_TIMESTAMP NOT NULL, CONSTRAINT uk_users_username UNIQUE (username) ) ENGINE=InnoDB DEFAULT CHARSET=utf8mb4 [42001-214]
	at org.h2.message.DbException.getJdbcSQLException(DbException.java:502)
	at org.h2.message.DbException.getJdbcSQLException(DbException.java:477)
	at org.h2.message.DbException.getSyntaxError(DbException.java:261)
	at org.h2.command.Parser.readIdentifier(Parser.java:5656)
	at org.h2.command.Parser.parseCreateTable(Parser.java:9279)
	at org.h2.command.Parser.parseCreate(Parser.java:6784)
	at org.h2.command.Parser.parsePrepared(Parser.java:763)
	at org.h2.command.Parser.parse(Parser.java:689)
	at org.h2.command.Parser.parse(Parser.java:661)
	at org.h2.command.Parser.prepareCommand(Parser.java:569)
	at org.h2.engine.SessionLocal.prepareLocal(SessionLocal.java:631)
	at org.h2.engine.SessionLocal.prepareCommand(SessionLocal.java:554)
	at org.h2.jdbc.JdbcConnection.prepareCommand(JdbcConnection.java:1116)
	at org.h2.jdbc.JdbcStatement.executeInternal(JdbcStatement.java:237)
	at org.h2.jdbc.JdbcStatement.execute(JdbcStatement.java:223)
	at org.springframework.jdbc.datasource.init.ScriptUtils.executeSqlScript(ScriptUtils.java:261)
	... 88 more

[ERROR] com.original.security.user.SchemaInitializationTest.testUniqueConstraintsExist  Time elapsed: 0.001 s  <<< ERROR!
org.junit.jupiter.api.extension.ParameterResolutionException: Failed to resolve parameter [org.springframework.jdbc.core.JdbcTemplate arg0] in constructor [public com.original.security.user.SchemaInitializationTest(org.springframework.jdbc.core.JdbcTemplate)]: Failed to load ApplicationContext
	at org.junit.jupiter.engine.execution.ExecutableInvoker.resolveParameter(ExecutableInvoker.java:239)
	at org.junit.jupiter.engine.execution.ExecutableInvoker.resolveParameters(ExecutableInvoker.java:183)
	at org.junit.jupiter.engine.execution.ExecutableInvoker.invoke(ExecutableInvoker.java:74)
	at org.junit.jupiter.engine.descriptor.ClassBasedTestDescriptor.invokeTestClassConstructor(ClassBasedTestDescriptor.java:355)
	at org.junit.jupiter.engine.descriptor.ClassBasedTestDescriptor.instantiateTestClass(ClassBasedTestDescriptor.java:302)
	at org.junit.jupiter.engine.descriptor.ClassTestDescriptor.instantiateTestClass(ClassTestDescriptor.java:79)
	at org.junit.jupiter.engine.descriptor.ClassBasedTestDescriptor.instantiateAndPostProcessTestInstance(ClassBasedTestDescriptor.java:280)
	at org.junit.jupiter.engine.descriptor.ClassBasedTestDescriptor.lambda$testInstancesProvider$4(ClassBasedTestDescriptor.java:272)
	at java.util.Optional.orElseGet(Optional.java:267)
	at org.junit.jupiter.engine.descriptor.ClassBasedTestDescriptor.lambda$testInstancesProvider$5(ClassBasedTestDescriptor.java:271)
	at org.junit.jupiter.engine.execution.TestInstancesProvider.getTestInstances(TestInstancesProvider.java:31)
	at org.junit.jupiter.engine.descriptor.TestMethodTestDescriptor.lambda$prepare$0(TestMethodTestDescriptor.java:102)
	at org.junit.platform.engine.support.hierarchical.ThrowableCollector.execute(ThrowableCollector.java:73)
	at org.junit.jupiter.engine.descriptor.TestMethodTestDescriptor.prepare(TestMethodTestDescriptor.java:101)
	at org.junit.jupiter.engine.descriptor.TestMethodTestDescriptor.prepare(TestMethodTestDescriptor.java:66)
	at org.junit.platform.engine.support.hierarchical.NodeTestTask.lambda$prepare$2(NodeTestTask.java:123)
	at org.junit.platform.engine.support.hierarchical.ThrowableCollector.execute(ThrowableCollector.java:73)
	at org.junit.platform.engine.support.hierarchical.NodeTestTask.prepare(NodeTestTask.java:123)
	at org.junit.platform.engine.support.hierarchical.NodeTestTask.execute(NodeTestTask.java:90)
	at java.util.ArrayList.forEach(ArrayList.java:1249)
	at org.junit.platform.engine.support.hierarchical.SameThreadHierarchicalTestExecutorService.invokeAll(SameThreadHierarchicalTestExecutorService.java:41)
	at org.junit.platform.engine.support.hierarchical.NodeTestTask.lambda$executeRecursively$6(NodeTestTask.java:155)
	at org.junit.platform.engine.support.hierarchical.ThrowableCollector.execute(ThrowableCollector.java:73)
	at org.junit.platform.engine.support.hierarchical.NodeTestTask.lambda$executeRecursively$8(NodeTestTask.java:141)
	at org.junit.platform.engine.support.hierarchical.Node.around(Node.java:137)
	at org.junit.platform.engine.support.hierarchical.NodeTestTask.lambda$executeRecursively$9(NodeTestTask.java:139)
	at org.junit.platform.engine.support.hierarchical.ThrowableCollector.execute(ThrowableCollector.java:73)
	at org.junit.platform.engine.support.hierarchical.NodeTestTask.executeRecursively(NodeTestTask.java:138)
	at org.junit.platform.engine.support.hierarchical.NodeTestTask.execute(NodeTestTask.java:95)
	at java.util.ArrayList.forEach(ArrayList.java:1249)
	at org.junit.platform.engine.support.hierarchical.SameThreadHierarchicalTestExecutorService.invokeAll(SameThreadHierarchicalTestExecutorService.java:41)
	at org.junit.platform.engine.support.hierarchical.NodeTestTask.lambda$executeRecursively$6(NodeTestTask.java:155)
	at org.junit.platform.engine.support.hierarchical.ThrowableCollector.execute(ThrowableCollector.java:73)
	at org.junit.platform.engine.support.hierarchical.NodeTestTask.lambda$executeRecursively$8(NodeTestTask.java:141)
	at org.junit.platform.engine.support.hierarchical.Node.around(Node.java:137)
	at org.junit.platform.engine.support.hierarchical.NodeTestTask.lambda$executeRecursively$9(NodeTestTask.java:139)
	at org.junit.platform.engine.support.hierarchical.ThrowableCollector.execute(ThrowableCollector.java:73)
	at org.junit.platform.engine.support.hierarchical.NodeTestTask.executeRecursively(NodeTestTask.java:138)
	at org.junit.platform.engine.support.hierarchical.NodeTestTask.execute(NodeTestTask.java:95)
	at org.junit.platform.engine.support.hierarchical.SameThreadHierarchicalTestExecutorService.submit(SameThreadHierarchicalTestExecutorService.java:35)
	at org.junit.platform.engine.support.hierarchical.HierarchicalTestExecutor.execute(HierarchicalTestExecutor.java:57)
	at org.junit.platform.engine.support.hierarchical.HierarchicalTestEngine.execute(HierarchicalTestEngine.java:54)
	at org.junit.platform.launcher.core.EngineExecutionOrchestrator.execute(EngineExecutionOrchestrator.java:107)
	at org.junit.platform.launcher.core.EngineExecutionOrchestrator.execute(EngineExecutionOrchestrator.java:88)
	at org.junit.platform.launcher.core.EngineExecutionOrchestrator.lambda$execute$0(EngineExecutionOrchestrator.java:54)
	at org.junit.platform.launcher.core.EngineExecutionOrchestrator.withInterceptedStreams(EngineExecutionOrchestrator.java:67)
	at org.junit.platform.launcher.core.EngineExecutionOrchestrator.execute(EngineExecutionOrchestrator.java:52)
	at org.junit.platform.launcher.core.DefaultLauncher.execute(DefaultLauncher.java:114)
	at org.junit.platform.launcher.core.DefaultLauncher.execute(DefaultLauncher.java:86)
	at org.junit.platform.launcher.core.DefaultLauncherSession$DelegatingLauncher.execute(DefaultLauncherSession.java:86)
	at org.apache.maven.surefire.junitplatform.LazyLauncher.execute(LazyLauncher.java:55)
	at org.apache.maven.surefire.junitplatform.JUnitPlatformProvider.execute(JUnitPlatformProvider.java:223)
	at org.apache.maven.surefire.junitplatform.JUnitPlatformProvider.invokeAllTests(JUnitPlatformProvider.java:175)
	at org.apache.maven.surefire.junitplatform.JUnitPlatformProvider.invoke(JUnitPlatformProvider.java:139)
	at org.apache.maven.surefire.booter.ForkedBooter.runSuitesInProcess(ForkedBooter.java:456)
	at org.apache.maven.surefire.booter.ForkedBooter.execute(ForkedBooter.java:169)
	at org.apache.maven.surefire.booter.ForkedBooter.run(ForkedBooter.java:595)
	at org.apache.maven.surefire.booter.ForkedBooter.main(ForkedBooter.java:581)
Caused by: java.lang.IllegalStateException: Failed to load ApplicationContext
	at org.springframework.test.context.cache.DefaultCacheAwareContextLoaderDelegate.loadContext(DefaultCacheAwareContextLoaderDelegate.java:98)
	at org.springframework.test.context.support.DefaultTestContext.getApplicationContext(DefaultTestContext.java:124)
	at org.springframework.test.context.junit.jupiter.SpringExtension.getApplicationContext(SpringExtension.java:283)
	at org.springframework.test.context.junit.jupiter.SpringExtension.resolveParameter(SpringExtension.java:269)
	at org.junit.jupiter.engine.execution.ExecutableInvoker.resolveParameter(ExecutableInvoker.java:216)
	... 57 more
Caused by: org.springframework.beans.factory.BeanCreationException: Error creating bean with name 'dataSourceScriptDatabaseInitializer' defined in class path resource [org/springframework/boot/autoconfigure/sql/init/DataSourceInitializationConfiguration.class]: Invocation of init method failed; nested exception is org.springframework.jdbc.datasource.init.ScriptStatementFailedException: Failed to execute SQL script statement #1 of URL [file:/D:/workspace/ai/spring-security-boot/security-components/security-user/security-user-impl/target/classes/schema.sql]: CREATE TABLE IF NOT EXISTS users ( id BIGINT AUTO_INCREMENT PRIMARY KEY, username VARCHAR(50) NOT NULL, password VARCHAR(100) NOT NULL, email VARCHAR(100), enabled BOOLEAN DEFAULT TRUE NOT NULL, created_at TIMESTAMP DEFAULT CURRENT_TIMESTAMP NOT NULL, CONSTRAINT uk_users_username UNIQUE (username) ) ENGINE=InnoDB DEFAULT CHARSET=utf8mb4; nested exception is org.h2.jdbc.JdbcSQLSyntaxErrorException: Syntax error in SQL statement "CREATE TABLE IF NOT EXISTS users ( id BIGINT AUTO_INCREMENT PRIMARY KEY, username VARCHAR(50) NOT NULL, password VARCHAR(100) NOT NULL, email VARCHAR(100), enabled BOOLEAN DEFAULT TRUE NOT NULL, created_at TIMESTAMP DEFAULT CURRENT_TIMESTAMP NOT NULL, CONSTRAINT uk_users_username UNIQUE (username) ) ENGINE[*]=InnoDB DEFAULT CHARSET=utf8mb4"; expected "identifier"; SQL statement:
CREATE TABLE IF NOT EXISTS users ( id BIGINT AUTO_INCREMENT PRIMARY KEY, username VARCHAR(50) NOT NULL, password VARCHAR(100) NOT NULL, email VARCHAR(100), enabled BOOLEAN DEFAULT TRUE NOT NULL, created_at TIMESTAMP DEFAULT CURRENT_TIMESTAMP NOT NULL, CONSTRAINT uk_users_username UNIQUE (username) ) ENGINE=InnoDB DEFAULT CHARSET=utf8mb4 [42001-214]
	at org.springframework.beans.factory.support.AbstractAutowireCapableBeanFactory.initializeBean(AbstractAutowireCapableBeanFactory.java:1804)
	at org.springframework.beans.factory.support.AbstractAutowireCapableBeanFactory.doCreateBean(AbstractAutowireCapableBeanFactory.java:620)
	at org.springframework.beans.factory.support.AbstractAutowireCapableBeanFactory.createBean(AbstractAutowireCapableBeanFactory.java:542)
	at org.springframework.beans.factory.support.AbstractBeanFactory.lambda$doGetBean$0(AbstractBeanFactory.java:335)
	at org.springframework.beans.factory.support.DefaultSingletonBeanRegistry.getSingleton(DefaultSingletonBeanRegistry.java:234)
	at org.springframework.beans.factory.support.AbstractBeanFactory.doGetBean(AbstractBeanFactory.java:333)
	at org.springframework.beans.factory.support.AbstractBeanFactory.getBean(AbstractBeanFactory.java:208)
	at org.springframework.beans.factory.support.AbstractBeanFactory.doGetBean(AbstractBeanFactory.java:322)
	at org.springframework.beans.factory.support.AbstractBeanFactory.getBean(AbstractBeanFactory.java:208)
	at org.springframework.context.support.AbstractApplicationContext.getBean(AbstractApplicationContext.java:1168)
	at org.springframework.context.support.AbstractApplicationContext.finishBeanFactoryInitialization(AbstractApplicationContext.java:919)
	at org.springframework.context.support.AbstractApplicationContext.refresh(AbstractApplicationContext.java:591)
	at org.springframework.boot.SpringApplication.refresh(SpringApplication.java:732)
	at org.springframework.boot.SpringApplication.refreshContext(SpringApplication.java:409)
	at org.springframework.boot.SpringApplication.run(SpringApplication.java:308)
	at org.springframework.boot.test.context.SpringBootContextLoader.loadContext(SpringBootContextLoader.java:136)
	at org.springframework.test.context.cache.DefaultCacheAwareContextLoaderDelegate.loadContextInternal(DefaultCacheAwareContextLoaderDelegate.java:141)
	at org.springframework.test.context.cache.DefaultCacheAwareContextLoaderDelegate.loadContext(DefaultCacheAwareContextLoaderDelegate.java:90)
	... 61 more
Caused by: org.springframework.jdbc.datasource.init.ScriptStatementFailedException: Failed to execute SQL script statement #1 of URL [file:/D:/workspace/ai/spring-security-boot/security-components/security-user/security-user-impl/target/classes/schema.sql]: CREATE TABLE IF NOT EXISTS users ( id BIGINT AUTO_INCREMENT PRIMARY KEY, username VARCHAR(50) NOT NULL, password VARCHAR(100) NOT NULL, email VARCHAR(100), enabled BOOLEAN DEFAULT TRUE NOT NULL, created_at TIMESTAMP DEFAULT CURRENT_TIMESTAMP NOT NULL, CONSTRAINT uk_users_username UNIQUE (username) ) ENGINE=InnoDB DEFAULT CHARSET=utf8mb4; nested exception is org.h2.jdbc.JdbcSQLSyntaxErrorException: Syntax error in SQL statement "CREATE TABLE IF NOT EXISTS users ( id BIGINT AUTO_INCREMENT PRIMARY KEY, username VARCHAR(50) NOT NULL, password VARCHAR(100) NOT NULL, email VARCHAR(100), enabled BOOLEAN DEFAULT TRUE NOT NULL, created_at TIMESTAMP DEFAULT CURRENT_TIMESTAMP NOT NULL, CONSTRAINT uk_users_username UNIQUE (username) ) ENGINE[*]=InnoDB DEFAULT CHARSET=utf8mb4"; expected "identifier"; SQL statement:
CREATE TABLE IF NOT EXISTS users ( id BIGINT AUTO_INCREMENT PRIMARY KEY, username VARCHAR(50) NOT NULL, password VARCHAR(100) NOT NULL, email VARCHAR(100), enabled BOOLEAN DEFAULT TRUE NOT NULL, created_at TIMESTAMP DEFAULT CURRENT_TIMESTAMP NOT NULL, CONSTRAINT uk_users_username UNIQUE (username) ) ENGINE=InnoDB DEFAULT CHARSET=utf8mb4 [42001-214]
	at org.springframework.jdbc.datasource.init.ScriptUtils.executeSqlScript(ScriptUtils.java:282)
	at org.springframework.jdbc.datasource.init.ResourceDatabasePopulator.populate(ResourceDatabasePopulator.java:254)
	at org.springframework.jdbc.datasource.init.DatabasePopulatorUtils.execute(DatabasePopulatorUtils.java:54)
	at org.springframework.boot.jdbc.init.DataSourceScriptDatabaseInitializer.runScripts(DataSourceScriptDatabaseInitializer.java:90)
	at org.springframework.boot.sql.init.AbstractScriptDatabaseInitializer.runScripts(AbstractScriptDatabaseInitializer.java:145)
	at org.springframework.boot.sql.init.AbstractScriptDatabaseInitializer.applyScripts(AbstractScriptDatabaseInitializer.java:107)
	at org.springframework.boot.sql.init.AbstractScriptDatabaseInitializer.applySchemaScripts(AbstractScriptDatabaseInitializer.java:97)
	at org.springframework.boot.sql.init.AbstractScriptDatabaseInitializer.initializeDatabase(AbstractScriptDatabaseInitializer.java:75)
	at org.springframework.boot.sql.init.AbstractScriptDatabaseInitializer.afterPropertiesSet(AbstractScriptDatabaseInitializer.java:65)
	at org.springframework.beans.factory.support.AbstractAutowireCapableBeanFactory.invokeInitMethods(AbstractAutowireCapableBeanFactory.java:1863)
	at org.springframework.beans.factory.support.AbstractAutowireCapableBeanFactory.initializeBean(AbstractAutowireCapableBeanFactory.java:1800)
	... 78 more
Caused by: org.h2.jdbc.JdbcSQLSyntaxErrorException: Syntax error in SQL statement "CREATE TABLE IF NOT EXISTS users ( id BIGINT AUTO_INCREMENT PRIMARY KEY, username VARCHAR(50) NOT NULL, password VARCHAR(100) NOT NULL, email VARCHAR(100), enabled BOOLEAN DEFAULT TRUE NOT NULL, created_at TIMESTAMP DEFAULT CURRENT_TIMESTAMP NOT NULL, CONSTRAINT uk_users_username UNIQUE (username) ) ENGINE[*]=InnoDB DEFAULT CHARSET=utf8mb4"; expected "identifier"; SQL statement:
CREATE TABLE IF NOT EXISTS users ( id BIGINT AUTO_INCREMENT PRIMARY KEY, username VARCHAR(50) NOT NULL, password VARCHAR(100) NOT NULL, email VARCHAR(100), enabled BOOLEAN DEFAULT TRUE NOT NULL, created_at TIMESTAMP DEFAULT CURRENT_TIMESTAMP NOT NULL, CONSTRAINT uk_users_username UNIQUE (username) ) ENGINE=InnoDB DEFAULT CHARSET=utf8mb4 [42001-214]
	at org.h2.message.DbException.getJdbcSQLException(DbException.java:502)
	at org.h2.message.DbException.getJdbcSQLException(DbException.java:477)
	at org.h2.message.DbException.getSyntaxError(DbException.java:261)
	at org.h2.command.Parser.readIdentifier(Parser.java:5656)
	at org.h2.command.Parser.parseCreateTable(Parser.java:9279)
	at org.h2.command.Parser.parseCreate(Parser.java:6784)
	at org.h2.command.Parser.parsePrepared(Parser.java:763)
	at org.h2.command.Parser.parse(Parser.java:689)
	at org.h2.command.Parser.parse(Parser.java:661)
	at org.h2.command.Parser.prepareCommand(Parser.java:569)
	at org.h2.engine.SessionLocal.prepareLocal(SessionLocal.java:631)
	at org.h2.engine.SessionLocal.prepareCommand(SessionLocal.java:554)
	at org.h2.jdbc.JdbcConnection.prepareCommand(JdbcConnection.java:1116)
	at org.h2.jdbc.JdbcStatement.executeInternal(JdbcStatement.java:237)
	at org.h2.jdbc.JdbcStatement.execute(JdbcStatement.java:223)
	at org.springframework.jdbc.datasource.init.ScriptUtils.executeSqlScript(ScriptUtils.java:261)
	... 88 more

[DEBUG] Closing the fork 1 after saying GoodBye.
[INFO] 
[INFO] Results:
[INFO] 
[ERROR] Errors: 
[ERROR]   SchemaInitializationTest.testSchemaInitialized ? ParameterResolution Failed to resolve parameter [org.springframework.jdbc.core.JdbcTemplate arg0] in constructor [public com.original.security.user.SchemaInitializationTest(org.springframework.jdbc.core.JdbcTemplate)]: Failed to load ApplicationContext
[ERROR]   SchemaInitializationTest.testUniqueConstraintsExist ? ParameterResolution Failed to resolve parameter [org.springframework.jdbc.core.JdbcTemplate arg0] in constructor [public com.original.security.user.SchemaInitializationTest(org.springframework.jdbc.core.JdbcTemplate)]: Failed to load ApplicationContext
[INFO] 
[ERROR] Tests run: 2, Failures: 0, Errors: 2, Skipped: 0
[INFO] 
[INFO] ------------------------------------------------------------------------
[INFO] BUILD FAILURE
[INFO] ------------------------------------------------------------------------
[INFO] Total time:  5.937 s
[INFO] Finished at: 2026-02-27T16:30:43+08:00
[INFO] ------------------------------------------------------------------------
[ERROR] Failed to execute goal org.apache.maven.plugins:maven-surefire-plugin:3.0.0-M8:test (default-test) on project security-user-impl: 
[ERROR] 
[ERROR] Please refer to D:\workspace\ai\spring-security-boot\security-components\security-user\security-user-impl\target\surefire-reports for the individual test results.
[ERROR] Please refer to dump files (if any exist) [date].dump, [date]-jvmRun[N].dump and [date].dumpstream.
[ERROR] -> [Help 1]
org.apache.maven.lifecycle.LifecycleExecutionException: Failed to execute goal org.apache.maven.plugins:maven-surefire-plugin:3.0.0-M8:test (default-test) on project security-user-impl: 

Please refer to D:\workspace\ai\spring-security-boot\security-components\security-user\security-user-impl\target\surefire-reports for the individual test results.
Please refer to dump files (if any exist) [date].dump, [date]-jvmRun[N].dump and [date].dumpstream.
    at org.apache.maven.lifecycle.internal.MojoExecutor.doExecute2 (MojoExecutor.java:347)
    at org.apache.maven.lifecycle.internal.MojoExecutor.doExecute (MojoExecutor.java:330)
    at org.apache.maven.lifecycle.internal.MojoExecutor.execute (MojoExecutor.java:213)
    at org.apache.maven.lifecycle.internal.MojoExecutor.execute (MojoExecutor.java:175)
    at org.apache.maven.lifecycle.internal.MojoExecutor.access$000 (MojoExecutor.java:76)
    at org.apache.maven.lifecycle.internal.MojoExecutor$1.run (MojoExecutor.java:163)
    at org.apache.maven.plugin.DefaultMojosExecutionStrategy.execute (DefaultMojosExecutionStrategy.java:39)
    at org.apache.maven.lifecycle.internal.MojoExecutor.execute (MojoExecutor.java:160)
    at org.apache.maven.lifecycle.internal.LifecycleModuleBuilder.buildProject (LifecycleModuleBuilder.java:105)
    at org.apache.maven.lifecycle.internal.LifecycleModuleBuilder.buildProject (LifecycleModuleBuilder.java:73)
    at org.apache.maven.lifecycle.internal.builder.singlethreaded.SingleThreadedBuilder.build (SingleThreadedBuilder.java:53)
    at org.apache.maven.lifecycle.internal.LifecycleStarter.execute (LifecycleStarter.java:118)
    at org.apache.maven.DefaultMaven.doExecute (DefaultMaven.java:260)
    at org.apache.maven.DefaultMaven.doExecute (DefaultMaven.java:172)
    at org.apache.maven.DefaultMaven.execute (DefaultMaven.java:100)
    at org.apache.maven.cli.MavenCli.execute (MavenCli.java:821)
    at org.apache.maven.cli.MavenCli.doMain (MavenCli.java:270)
    at org.apache.maven.cli.MavenCli.main (MavenCli.java:192)
    at sun.reflect.NativeMethodAccessorImpl.invoke0 (Native Method)
    at sun.reflect.NativeMethodAccessorImpl.invoke (NativeMethodAccessorImpl.java:62)
    at sun.reflect.DelegatingMethodAccessorImpl.invoke (DelegatingMethodAccessorImpl.java:43)
    at java.lang.reflect.Method.invoke (Method.java:497)
    at org.codehaus.plexus.classworlds.launcher.Launcher.launchEnhanced (Launcher.java:282)
    at org.codehaus.plexus.classworlds.launcher.Launcher.launch (Launcher.java:225)
    at org.codehaus.plexus.classworlds.launcher.Launcher.mainWithExitCode (Launcher.java:406)
    at org.codehaus.plexus.classworlds.launcher.Launcher.main (Launcher.java:347)
Caused by: org.apache.maven.plugin.MojoFailureException: 

Please refer to D:\workspace\ai\spring-security-boot\security-components\security-user\security-user-impl\target\surefire-reports for the individual test results.
Please refer to dump files (if any exist) [date].dump, [date]-jvmRun[N].dump and [date].dumpstream.
    at org.apache.maven.plugin.surefire.SurefireHelper.throwException (SurefireHelper.java:283)
    at org.apache.maven.plugin.surefire.SurefireHelper.reportExecution (SurefireHelper.java:171)
    at org.apache.maven.plugin.surefire.SurefirePlugin.handleSummary (SurefirePlugin.java:546)
    at org.apache.maven.plugin.surefire.AbstractSurefireMojo.executeAfterPreconditionsChecked (AbstractSurefireMojo.java:1160)
    at org.apache.maven.plugin.surefire.AbstractSurefireMojo.execute (AbstractSurefireMojo.java:910)
    at org.apache.maven.plugin.DefaultBuildPluginManager.executeMojo (DefaultBuildPluginManager.java:126)
    at org.apache.maven.lifecycle.internal.MojoExecutor.doExecute2 (MojoExecutor.java:342)
    at org.apache.maven.lifecycle.internal.MojoExecutor.doExecute (MojoExecutor.java:330)
    at org.apache.maven.lifecycle.internal.MojoExecutor.execute (MojoExecutor.java:213)
    at org.apache.maven.lifecycle.internal.MojoExecutor.execute (MojoExecutor.java:175)
    at org.apache.maven.lifecycle.internal.MojoExecutor.access$000 (MojoExecutor.java:76)
    at org.apache.maven.lifecycle.internal.MojoExecutor$1.run (MojoExecutor.java:163)
    at org.apache.maven.plugin.DefaultMojosExecutionStrategy.execute (DefaultMojosExecutionStrategy.java:39)
    at org.apache.maven.lifecycle.internal.MojoExecutor.execute (MojoExecutor.java:160)
    at org.apache.maven.lifecycle.internal.LifecycleModuleBuilder.buildProject (LifecycleModuleBuilder.java:105)
    at org.apache.maven.lifecycle.internal.LifecycleModuleBuilder.buildProject (LifecycleModuleBuilder.java:73)
    at org.apache.maven.lifecycle.internal.builder.singlethreaded.SingleThreadedBuilder.build (SingleThreadedBuilder.java:53)
    at org.apache.maven.lifecycle.internal.LifecycleStarter.execute (LifecycleStarter.java:118)
    at org.apache.maven.DefaultMaven.doExecute (DefaultMaven.java:260)
    at org.apache.maven.DefaultMaven.doExecute (DefaultMaven.java:172)
    at org.apache.maven.DefaultMaven.execute (DefaultMaven.java:100)
    at org.apache.maven.cli.MavenCli.execute (MavenCli.java:821)
    at org.apache.maven.cli.MavenCli.doMain (MavenCli.java:270)
    at org.apache.maven.cli.MavenCli.main (MavenCli.java:192)
    at sun.reflect.NativeMethodAccessorImpl.invoke0 (Native Method)
    at sun.reflect.NativeMethodAccessorImpl.invoke (NativeMethodAccessorImpl.java:62)
    at sun.reflect.DelegatingMethodAccessorImpl.invoke (DelegatingMethodAccessorImpl.java:43)
    at java.lang.reflect.Method.invoke (Method.java:497)
    at org.codehaus.plexus.classworlds.launcher.Launcher.launchEnhanced (Launcher.java:282)
    at org.codehaus.plexus.classworlds.launcher.Launcher.launch (Launcher.java:225)
    at org.codehaus.plexus.classworlds.launcher.Launcher.mainWithExitCode (Launcher.java:406)
    at org.codehaus.plexus.classworlds.launcher.Launcher.main (Launcher.java:347)
[ERROR] 
[ERROR] 
[ERROR] For more information about the errors and possible solutions, please read the following articles:
[ERROR] [Help 1] http://cwiki.apache.org/confluence/display/MAVEN/MojoFailureException
[DEBUG] Shutting down adapter factory; available factories [file-lock, rwlock-local, semaphore-local, noop]; available name mappers [discriminating, file-gav, file-hgav, gav, static]
[DEBUG] Shutting down 'file-lock' factory
[DEBUG] Shutting down 'rwlock-local' factory
[DEBUG] Shutting down 'semaphore-local' factory
[DEBUG] Shutting down 'noop' factory
